(0000) 3000  0011000000000000 (   1)                 .ORIG x3000
(3000) 5020  0101000000100000 (   4) REGSISTERS      AND   R0 R0 #0
(3001) 5260  0101001001100000 (   5)                 AND   R1 R1 #0
(3002) 54A0  0101010010100000 (   6)                 AND   R2 R2 #0
(3003) 56E0  0101011011100000 (   7)                 AND   R3 R3 #0
(3004) 5920  0101100100100000 (   8)                 AND   R4 R4 #0
(3005) 5B60  0101101101100000 (   9)                 AND   R5 R5 #0
(3006) 5DA0  0101110110100000 (  10)                 AND   R6 R6 #0
(3007) 5FE0  0101111111100000 (  11)                 AND   R7 R7 #0
(3008) E069  1110000001101001 (  14) GREET           LEA   R0 GREETING
(3009) F022  1111000000100010 (  15)                 TRAP  x22
(300A) E09C  1110000010011100 (  18) MAINLOOP        LEA   R0 PROMPT
(300B) F022  1111000000100010 (  19)                 TRAP  x22
(300C) F020  1111000000100000 (  22) MAINGET         TRAP  x20
(300D) F021  1111000000100001 (  23)                 TRAP  x21
(300E) 49EE  0100100111101110 (  25)                 JSR   RESETARRAY
(300F) 5B60  0101101101100000 (  26)                 AND   R5 R5 #0
(3010) 3AF8  0011101011111000 (  27)                 ST    R5 CIPHERSUM
(3011) 5DA0  0101110110100000 (  30) CHECKX          AND   R6 R6 #0
(3012) 1D80  0001110110000000 (  31)                 ADD   R6 R6 R0
(3013) 1DB0  0001110110110000 (  32)                 ADD   R6 R6 #-16
(3014) 1DB0  0001110110110000 (  33)                 ADD   R6 R6 #-16
(3015) 1DB0  0001110110110000 (  34)                 ADD   R6 R6 #-16
(3016) 1DB0  0001110110110000 (  35)                 ADD   R6 R6 #-16
(3017) 1DB0  0001110110110000 (  36)                 ADD   R6 R6 #-16
(3018) 1DB8  0001110110111000 (  37)                 ADD   R6 R6 #-8
(3019) 0455  0000010001010101 (  38)                 BRZ   DONE
(301A) 5DA0  0101110110100000 (  41) CHECKE          AND   R6 R6 #0
(301B) 1D80  0001110110000000 (  42)                 ADD   R6 R6 R0
(301C) 1DB0  0001110110110000 (  43)                 ADD   R6 R6 #-16
(301D) 1DB0  0001110110110000 (  44)                 ADD   R6 R6 #-16
(301E) 1DB0  0001110110110000 (  45)                 ADD   R6 R6 #-16
(301F) 1DB0  0001110110110000 (  46)                 ADD   R6 R6 #-16
(3020) 1DBB  0001110110111011 (  47)                 ADD   R6 R6 #-5
(3021) 040D  0000010000001101 (  48)                 BRZ   ENCRYPTFLAG
(3022) 5DA0  0101110110100000 (  51) CHECKD          AND   R6 R6 #0
(3023) 1D80  0001110110000000 (  52)                 ADD   R6 R6 R0
(3024) 1DB0  0001110110110000 (  53)                 ADD   R6 R6 #-16
(3025) 1DB0  0001110110110000 (  54)                 ADD   R6 R6 #-16
(3026) 1DB0  0001110110110000 (  55)                 ADD   R6 R6 #-16
(3027) 1DB0  0001110110110000 (  56)                 ADD   R6 R6 #-16
(3028) 1DBC  0001110110111100 (  57)                 ADD   R6 R6 #-4
(3029) 0401  0000010000000001 (  58)                 BRZ   DECRYPTFLAG
(302A) 0FE1  0000111111100001 (  60)                 BRNZP MAINGET
(302B) 5260  0101001001100000 (  63) DECRYPTFLAG     AND   R1 R1 #0
(302C) 1261  0001001001100001 (  64)                 ADD   R1 R1 #1
(302D) 32DA  0011001011011010 (  65)                 ST    R1 CIPHERFLAG
(302E) 0E04  0000111000000100 (  66)                 BRNZP CIPHERSTART
(302F) 5260  0101001001100000 (  69) ENCRYPTFLAG     AND   R1 R1 #0
(3030) 1260  0001001001100000 (  70)                 ADD   R1 R1 #0
(3031) 32D6  0011001011010110 (  71)                 ST    R1 CIPHERFLAG
(3032) 0E00  0000111000000000 (  72)                 BRNZP CIPHERSTART
(3033) E08D  1110000010001101 (  75) CIPHERSTART     LEA   R0 CIPHERSTR
(3034) F022  1111000000100010 (  76)                 TRAP  x22
(3035) F020  1111000000100000 (  79) CIPHERLOOP      TRAP  x20
(3036) F021  1111000000100001 (  80)                 TRAP  x21
(3037) 5DA0  0101110110100000 (  83) CHECKCIPHEREND  AND   R6 R6 #0
(3038) 1D80  0001110110000000 (  84)                 ADD   R6 R6 R0
(3039) 1DB6  0001110110110110 (  85)                 ADD   R6 R6 #-10
(303A) 0414  0000010000010100 (  86)                 BRZ   PROMPTSTART
(303B) 5DA0  0101110110100000 (  89) ADDCIPHER       AND   R6 R6 #0
(303C) 1D80  0001110110000000 (  90)                 ADD   R6 R6 R0
(303D) 1DB0  0001110110110000 (  91)                 ADD   R6 R6 #-16
(303E) 1DB0  0001110110110000 (  92)                 ADD   R6 R6 #-16
(303F) 1DB0  0001110110110000 (  93)                 ADD   R6 R6 #-16
(3040) 0E00  0000111000000000 (  94)                 BRNZP SETUPMULTIPLY
(3041) 5920  0101100100100000 (  97) SETUPMULTIPLY   AND   R4 R4 #0
(3042) 56E0  0101011011100000 (  98)                 AND   R3 R3 #0
(3043) 5B60  0101101101100000 (  99)                 AND   R5 R5 #0
(3044) 54A0  0101010010100000 ( 100)                 AND   R2 R2 #0
(3045) 24C3  0010010011000011 ( 101)                 LD    R2 CIPHERSUM
(3046) 16C2  0001011011000010 ( 102)                 ADD   R3 R3 R2
(3047) 1929  0001100100101001 ( 103)                 ADD   R4 R4 #9
(3048) 1483  0001010010000011 ( 106) MULTIPLY        ADD   R2 R2 R3
(3049) 193F  0001100100111111 ( 107)                 ADD   R4 R4 #-1
(304A) 03FD  0000001111111101 ( 108)                 BRP   MULTIPLY
(304B) 5260  0101001001100000 ( 110)                 AND   R1 R1 #0
(304C) 1486  0001010010000110 ( 111)                 ADD   R2 R2 R6
(304D) 34BB  0011010010111011 ( 112)                 ST    R2 CIPHERSUM
(304E) 0FE6  0000111111100110 ( 113)                 BRNZP CIPHERLOOP
(304F) 5B60  0101101101100000 ( 116) PROMPTSTART     AND   R5 R5 #0
(3050) 2ABA  0010101010111010 ( 117)                 LD    R5 CHARCOUNT
(3051) 1B7F  0001101101111111 ( 118)                 ADD   R5 R5 #-1
(3052) 3AB8  0011101010111000 ( 119)                 ST    R5 CHARCOUNT
(3053) E07D  1110000001111101 ( 120)                 LEA   R0 PROMPTSTR
(3054) F022  1111000000100010 ( 121)                 TRAP  x22
(3055) F020  1111000000100000 ( 124) PROMPTLOOP      TRAP  x20
(3056) F021  1111000000100001 ( 125)                 TRAP  x21
(3057) 5B60  0101101101100000 ( 126)                 AND   R5 R5 #0
(3058) 2AB2  0010101010110010 ( 127)                 LD    R5 CHARCOUNT
(3059) 1B61  0001101101100001 ( 128)                 ADD   R5 R5 #1
(305A) 3AB0  0011101010110000 ( 129)                 ST    R5 CHARCOUNT
(305B) 5DA0  0101110110100000 ( 132) CHECKPROMPTEND  AND   R6 R6 #0
(305C) 1D80  0001110110000000 ( 133)                 ADD   R6 R6 R0
(305D) 1DB6  0001110110110110 ( 134)                 ADD   R6 R6 #-10
(305E) 040C  0000010000001100 ( 135)                 BRZ   PROMPTDONE
(305F) 3AAF  0011101010101111 ( 138) STORECHAR       ST    R5 CI
(3060) 5920  0101100100100000 ( 139)                 AND   R4 R4 #0
(3061) 38AC  0011100010101100 ( 140)                 ST    R4 RI
(3062) 30AA  0011000010101010 ( 141)                 ST    R0 RETCHAR
(3063) 48B2  0100100010110010 ( 142)                 JSR   STORESUB
(3064) 24A3  0010010010100011 ( 144)                 LD    R2 CIPHERFLAG
(3065) 0401  0000010000000001 ( 145)                 BRZ   ENCRYPTCHAR
(3066) 0202  0000001000000010 ( 146)                 BRP   DECRYPTCHAR
(3067) 48CA  0100100011001010 ( 149) ENCRYPTCHAR     JSR   ENCRYPTSUB
(3068) 0FEC  0000111111101100 ( 150)                 BRNZP PROMPTLOOP
(3069) 490F  0100100100001111 ( 153) DECRYPTCHAR     JSR   DECRYPTSUB
(306A) 0FEA  0000111111101010 ( 154)                 BRNZP PROMPTLOOP
(306B) E079  1110000001111001 ( 157) PROMPTDONE      LEA   R0 RESULTSTR
(306C) F022  1111000000100010 ( 158)                 TRAP  x22
(306D) 4953  0100100101010011 ( 160)                 JSR   PRINTSUB
(306E) 0F9B  0000111110011011 ( 161)                 BRNZP MAINLOOP
(306F) E06F  1110000001101111 ( 164) DONE            LEA   R0 GOODBYESTR
(3070) F022  1111000000100010 ( 165)                 TRAP  x22
(3071) F025  1111000000100101 ( 167)                 TRAP  x25
(3072) 0057  0000000001010111 ( 169) GREETING        .FILL x0057
(3073) 0065  0000000001100101 ( 169)                 .FILL x0065
(3074) 006C  0000000001101100 ( 169)                 .FILL x006C
(3075) 0063  0000000001100011 ( 169)                 .FILL x0063
(3076) 006F  0000000001101111 ( 169)                 .FILL x006F
(3077) 006D  0000000001101101 ( 169)                 .FILL x006D
(3078) 0065  0000000001100101 ( 169)                 .FILL x0065
(3079) 002C  0000000000101100 ( 169)                 .FILL x002C
(307A) 0020  0000000000100000 ( 169)                 .FILL x0020
(307B) 0063  0000000001100011 ( 169)                 .FILL x0063
(307C) 006F  0000000001101111 ( 169)                 .FILL x006F
(307D) 006F  0000000001101111 ( 169)                 .FILL x006F
(307E) 006C  0000000001101100 ( 169)                 .FILL x006C
(307F) 0020  0000000000100000 ( 169)                 .FILL x0020
(3080) 006B  0000000001101011 ( 169)                 .FILL x006B
(3081) 0069  0000000001101001 ( 169)                 .FILL x0069
(3082) 0064  0000000001100100 ( 169)                 .FILL x0064
(3083) 0021  0000000000100001 ( 169)                 .FILL x0021
(3084) 0020  0000000000100000 ( 169)                 .FILL x0020
(3085) 0054  0000000001010100 ( 169)                 .FILL x0054
(3086) 0068  0000000001101000 ( 169)                 .FILL x0068
(3087) 0069  0000000001101001 ( 169)                 .FILL x0069
(3088) 0073  0000000001110011 ( 169)                 .FILL x0073
(3089) 0020  0000000000100000 ( 169)                 .FILL x0020
(308A) 0069  0000000001101001 ( 169)                 .FILL x0069
(308B) 0073  0000000001110011 ( 169)                 .FILL x0073
(308C) 0020  0000000000100000 ( 169)                 .FILL x0020
(308D) 0061  0000000001100001 ( 169)                 .FILL x0061
(308E) 0020  0000000000100000 ( 169)                 .FILL x0020
(308F) 0043  0000000001000011 ( 169)                 .FILL x0043
(3090) 0061  0000000001100001 ( 169)                 .FILL x0061
(3091) 0065  0000000001100101 ( 169)                 .FILL x0065
(3092) 0073  0000000001110011 ( 169)                 .FILL x0073
(3093) 0061  0000000001100001 ( 169)                 .FILL x0061
(3094) 0072  0000000001110010 ( 169)                 .FILL x0072
(3095) 0020  0000000000100000 ( 169)                 .FILL x0020
(3096) 0043  0000000001000011 ( 169)                 .FILL x0043
(3097) 0069  0000000001101001 ( 169)                 .FILL x0069
(3098) 0070  0000000001110000 ( 169)                 .FILL x0070
(3099) 0068  0000000001101000 ( 169)                 .FILL x0068
(309A) 0065  0000000001100101 ( 169)                 .FILL x0065
(309B) 0072  0000000001110010 ( 169)                 .FILL x0072
(309C) 0020  0000000000100000 ( 169)                 .FILL x0020
(309D) 0070  0000000001110000 ( 169)                 .FILL x0070
(309E) 0072  0000000001110010 ( 169)                 .FILL x0072
(309F) 006F  0000000001101111 ( 169)                 .FILL x006F
(30A0) 0067  0000000001100111 ( 169)                 .FILL x0067
(30A1) 0072  0000000001110010 ( 169)                 .FILL x0072
(30A2) 0061  0000000001100001 ( 169)                 .FILL x0061
(30A3) 006D  0000000001101101 ( 169)                 .FILL x006D
(30A4) 002E  0000000000101110 ( 169)                 .FILL x002E
(30A5) 000A  0000000000001010 ( 169)                 .FILL x000A
(30A6) 0000  0000000000000000 ( 169)                 .FILL x0000
(30A7) 0028  0000000000101000 ( 170) PROMPT          .FILL x0028
(30A8) 0045  0000000001000101 ( 170)                 .FILL x0045
(30A9) 0029  0000000000101001 ( 170)                 .FILL x0029
(30AA) 006E  0000000001101110 ( 170)                 .FILL x006E
(30AB) 002F  0000000000101111 ( 170)                 .FILL x002F
(30AC) 0028  0000000000101000 ( 170)                 .FILL x0028
(30AD) 0044  0000000001000100 ( 170)                 .FILL x0044
(30AE) 0029  0000000000101001 ( 170)                 .FILL x0029
(30AF) 0065  0000000001100101 ( 170)                 .FILL x0065
(30B0) 0063  0000000001100011 ( 170)                 .FILL x0063
(30B1) 0072  0000000001110010 ( 170)                 .FILL x0072
(30B2) 0079  0000000001111001 ( 170)                 .FILL x0079
(30B3) 0070  0000000001110000 ( 170)                 .FILL x0070
(30B4) 0074  0000000001110100 ( 170)                 .FILL x0074
(30B5) 0020  0000000000100000 ( 170)                 .FILL x0020
(30B6) 006F  0000000001101111 ( 170)                 .FILL x006F
(30B7) 0072  0000000001110010 ( 170)                 .FILL x0072
(30B8) 0020  0000000000100000 ( 170)                 .FILL x0020
(30B9) 0065  0000000001100101 ( 170)                 .FILL x0065
(30BA) 0028  0000000000101000 ( 170)                 .FILL x0028
(30BB) 0058  0000000001011000 ( 170)                 .FILL x0058
(30BC) 0029  0000000000101001 ( 170)                 .FILL x0029
(30BD) 0069  0000000001101001 ( 170)                 .FILL x0069
(30BE) 0074  0000000001110100 ( 170)                 .FILL x0074
(30BF) 000A  0000000000001010 ( 170)                 .FILL x000A
(30C0) 0000  0000000000000000 ( 170)                 .FILL x0000
(30C1) 000A  0000000000001010 ( 171) CIPHERSTR       .FILL x000A
(30C2) 0043  0000000001000011 ( 171)                 .FILL x0043
(30C3) 0069  0000000001101001 ( 171)                 .FILL x0069
(30C4) 0070  0000000001110000 ( 171)                 .FILL x0070
(30C5) 0068  0000000001101000 ( 171)                 .FILL x0068
(30C6) 0065  0000000001100101 ( 171)                 .FILL x0065
(30C7) 0072  0000000001110010 ( 171)                 .FILL x0072
(30C8) 0020  0000000000100000 ( 171)                 .FILL x0020
(30C9) 0028  0000000000101000 ( 171)                 .FILL x0028
(30CA) 0031  0000000000110001 ( 171)                 .FILL x0031
(30CB) 002D  0000000000101101 ( 171)                 .FILL x002D
(30CC) 0032  0000000000110010 ( 171)                 .FILL x0032
(30CD) 0035  0000000000110101 ( 171)                 .FILL x0035
(30CE) 0029  0000000000101001 ( 171)                 .FILL x0029
(30CF) 000A  0000000000001010 ( 171)                 .FILL x000A
(30D0) 0000  0000000000000000 ( 171)                 .FILL x0000
(30D1) 0053  0000000001010011 ( 172) PROMPTSTR       .FILL x0053
(30D2) 0074  0000000001110100 ( 172)                 .FILL x0074
(30D3) 0072  0000000001110010 ( 172)                 .FILL x0072
(30D4) 0069  0000000001101001 ( 172)                 .FILL x0069
(30D5) 006E  0000000001101110 ( 172)                 .FILL x006E
(30D6) 0067  0000000001100111 ( 172)                 .FILL x0067
(30D7) 0020  0000000000100000 ( 172)                 .FILL x0020
(30D8) 0028  0000000000101000 ( 172)                 .FILL x0028
(30D9) 0032  0000000000110010 ( 172)                 .FILL x0032
(30DA) 0030  0000000000110000 ( 172)                 .FILL x0030
(30DB) 0030  0000000000110000 ( 172)                 .FILL x0030
(30DC) 0029  0000000000101001 ( 172)                 .FILL x0029
(30DD) 000A  0000000000001010 ( 172)                 .FILL x000A
(30DE) 0000  0000000000000000 ( 172)                 .FILL x0000
(30DF) 000A  0000000000001010 ( 173) GOODBYESTR      .FILL x000A
(30E0) 0042  0000000001000010 ( 173)                 .FILL x0042
(30E1) 0079  0000000001111001 ( 173)                 .FILL x0079
(30E2) 0065  0000000001100101 ( 173)                 .FILL x0065
(30E3) 000A  0000000000001010 ( 173)                 .FILL x000A
(30E4) 0000  0000000000000000 ( 173)                 .FILL x0000
(30E5) 0052  0000000001010010 ( 174) RESULTSTR       .FILL x0052
(30E6) 0065  0000000001100101 ( 174)                 .FILL x0065
(30E7) 0073  0000000001110011 ( 174)                 .FILL x0073
(30E8) 0075  0000000001110101 ( 174)                 .FILL x0075
(30E9) 006C  0000000001101100 ( 174)                 .FILL x006C
(30EA) 0074  0000000001110100 ( 174)                 .FILL x0074
(30EB) 0000  0000000000000000 ( 174)                 .FILL x0000
(30EC) 000A  0000000000001010 ( 175) ENCRYPTSTR      .FILL x000A
(30ED) 003C  0000000000111100 ( 175)                 .FILL x003C
(30EE) 0045  0000000001000101 ( 175)                 .FILL x0045
(30EF) 006E  0000000001101110 ( 175)                 .FILL x006E
(30F0) 0063  0000000001100011 ( 175)                 .FILL x0063
(30F1) 0072  0000000001110010 ( 175)                 .FILL x0072
(30F2) 0079  0000000001111001 ( 175)                 .FILL x0079
(30F3) 0070  0000000001110000 ( 175)                 .FILL x0070
(30F4) 0074  0000000001110100 ( 175)                 .FILL x0074
(30F5) 0065  0000000001100101 ( 175)                 .FILL x0065
(30F6) 0064  0000000001100100 ( 175)                 .FILL x0064
(30F7) 003E  0000000000111110 ( 175)                 .FILL x003E
(30F8) 0020  0000000000100000 ( 175)                 .FILL x0020
(30F9) 0000  0000000000000000 ( 175)                 .FILL x0000
(30FA) 000A  0000000000001010 ( 176) DECRYPTSTR      .FILL x000A
(30FB) 003C  0000000000111100 ( 176)                 .FILL x003C
(30FC) 0044  0000000001000100 ( 176)                 .FILL x0044
(30FD) 0065  0000000001100101 ( 176)                 .FILL x0065
(30FE) 0063  0000000001100011 ( 176)                 .FILL x0063
(30FF) 0072  0000000001110010 ( 176)                 .FILL x0072
(3100) 0079  0000000001111001 ( 176)                 .FILL x0079
(3101) 0070  0000000001110000 ( 176)                 .FILL x0070
(3102) 0074  0000000001110100 ( 176)                 .FILL x0074
(3103) 0065  0000000001100101 ( 176)                 .FILL x0065
(3104) 0064  0000000001100100 ( 176)                 .FILL x0064
(3105) 003E  0000000000111110 ( 176)                 .FILL x003E
(3106) 0020  0000000000100000 ( 176)                 .FILL x0020
(3107) 0000  0000000000000000 ( 176)                 .FILL x0000
(3108) 0000  0000000000000000 ( 179) CIPHERFLAG      .FILL x0000
(3109) 0000  0000000000000000 ( 180) CIPHERSUM       .FILL x0000
(310A) 0000  0000000000000000 ( 181) INVCIPHERSUM    .FILL x0000
(310B) 0000  0000000000000000 ( 182) CHARCOUNT       .FILL x0000
(310C) 0000  0000000000000000 ( 183) RETSAVE         .FILL x0000
(310D) 0000  0000000000000000 ( 184) RETCHAR         .FILL x0000
(310E) 0000  0000000000000000 ( 185) RI              .FILL x0000
(310F) 0000  0000000000000000 ( 187) CI              .FILL x0000
(3110) 00C7  0000000011000111 ( 187) TWOH            .FILL x00C7
(3111) 0041  0000000001000001 ( 188) UPPERSTART      .FILL x0041
(3112) 005A  0000000001011010 ( 189) UPPEREND        .FILL x005A
(3113) 0061  0000000001100001 ( 190) LOWERSTART      .FILL x0061
(3114) 007A  0000000001111010 ( 191) LOWEREND        .FILL x007A
(3115) 001A  0000000000011010 ( 192) ALPHAEND        .FILL x001A
(3116) 5B60  0101101101100000 ( 199) STORESUB        AND   R5 R5 #0
(3117) 56E0  0101011011100000 ( 200)                 AND   R3 R3 #0
(3118) 54A0  0101010010100000 ( 201)                 AND   R2 R2 #0
(3119) 2BF5  0010101111110101 ( 203)                 LD    R5 CI
(311A) 21F3  0010000111110011 ( 204)                 LD    R0 RI
(311B) 0201  0000001000000001 ( 206)                 BRP   ADD200A
(311C) 0C02  0000110000000010 ( 207)                 BRNZ  PASSA
(311D) 25F2  0010010111110010 ( 210) ADD200A         LD    R2 TWOH
(311E) 1B42  0001101101000010 ( 211)                 ADD   R5 R5 R2
(311F) E6EA  1110011011101010 ( 215) PASSA           LEA   R3 ARRAY
(3120) 16C5  0001011011000101 ( 216)                 ADD   R3 R3 R5
(3121) 21EB  0010000111101011 ( 217)                 LD    R0 RETCHAR
(3122) 70C0  0111000011000000 ( 218)                 STR   R0 R3 #0
(3123) C1C0  1100000111000000 ( 219)                 RET   
(3124) 5B60  0101101101100000 ( 225) LOADSUB         AND   R5 R5 #0
(3125) 56E0  0101011011100000 ( 226)                 AND   R3 R3 #0
(3126) 54A0  0101010010100000 ( 227)                 AND   R2 R2 #0
(3127) 2BE7  0010101111100111 ( 229)                 LD    R5 CI
(3128) 21E5  0010000111100101 ( 230)                 LD    R0 RI
(3129) 0201  0000001000000001 ( 232)                 BRP   ADD200B
(312A) 0C02  0000110000000010 ( 233)                 BRNZ  PASSB
(312B) 25E4  0010010111100100 ( 236) ADD200B         LD    R2 TWOH
(312C) 1B42  0001101101000010 ( 237)                 ADD   R5 R5 R2
(312D) E6DC  1110011011011100 ( 241) PASSB           LEA   R3 ARRAY
(312E) 16C5  0001011011000101 ( 242)                 ADD   R3 R3 R5
(312F) 66C0  0110011011000000 ( 243)                 LDR   R3 R3 #0
(3130) 37DC  0011011111011100 ( 244)                 ST    R3 RETCHAR
(3131) C1C0  1100000111000000 ( 245)                 RET   
(3132) 3FD9  0011111111011001 ( 251) ENCRYPTSUB      ST    R7 RETSAVE
(3133) 5920  0101100100100000 ( 252)                 AND   R4 R4 #0
(3134) 1921  0001100100100001 ( 253)                 ADD   R4 R4 #1
(3135) 39D8  0011100111011000 ( 254)                 ST    R4 RI
(3136) 5260  0101001001100000 ( 256)                 AND   R1 R1 #0
(3137) 54A0  0101010010100000 ( 257)                 AND   R2 R2 #0
(3138) 56E0  0101011011100000 ( 258)                 AND   R3 R3 #0
(3139) 5920  0101100100100000 ( 259)                 AND   R4 R4 #0
(313A) 5B60  0101101101100000 ( 260)                 AND   R5 R5 #0
(313B) 5DA0  0101110110100000 ( 261)                 AND   R6 R6 #0
(313C) 5FE0  0101111111100000 ( 262)                 AND   R7 R7 #0
(313D) 25D3  0010010111010011 ( 264)                 LD    R2 UPPERSTART
(313E) 27D3  0010011111010011 ( 265)                 LD    R3 UPPEREND
(313F) 94BF  1001010010111111 ( 267)                 NOT   R2 R2
(3140) 14A1  0001010010100001 ( 268)                 ADD   R2 R2 #1
(3141) 96FF  1001011011111111 ( 270)                 NOT   R3 R3
(3142) 16E1  0001011011100001 ( 271)                 ADD   R3 R3 #1
(3143) 23C9  0010001111001001 ( 273)                 LD    R1 RETCHAR
(3144) 1A42  0001101001000010 ( 274)                 ADD   R5 R1 R2
(3145) 0601  0000011000000001 ( 275)                 BRZP  UPPERRANGEMAYBE
(3146) 082F  0000100000101111 ( 276)                 BRN   STOREFINISH
(3147) 5B60  0101101101100000 ( 279) UPPERRANGEMAYBE AND   R5 R5 #0
(3148) 1A43  0001101001000011 ( 280)                 ADD   R5 R1 R3
(3149) 0C01  0000110000000001 ( 281)                 BRNZ  UPPERRANGE
(314A) 0203  0000001000000011 ( 282)                 BRP   INTERMEDIATERANGE
(314B) 25C5  0010010111000101 ( 285) UPPERRANGE      LD    R2 UPPERSTART
(314C) 1902  0001100100000010 ( 286)                 ADD   R4 R4 R2
(314D) 0E12  0000111000010010 ( 287)                 BRNZP ADDROT
(314E) 5B60  0101101101100000 ( 290) INTERMEDIATERANGE AND   R5 R5 #0
(314F) 2DC3  0010110111000011 ( 291)                 LD    R6 LOWERSTART
(3150) 2FC3  0010111111000011 ( 292)                 LD    R7 LOWEREND
(3151) 9DBF  1001110110111111 ( 294)                 NOT   R6 R6
(3152) 1DA1  0001110110100001 ( 295)                 ADD   R6 R6 #1
(3153) 9FFF  1001111111111111 ( 297)                 NOT   R7 R7
(3154) 1FE1  0001111111100001 ( 298)                 ADD   R7 R7 #1
(3155) 1A46  0001101001000110 ( 300)                 ADD   R5 R1 R6
(3156) 0601  0000011000000001 ( 301)                 BRZP  LOWERRANGEMAYBE
(3157) 081E  0000100000011110 ( 302)                 BRN   STOREFINISH
(3158) 5B60  0101101101100000 ( 305) LOWERRANGEMAYBE AND   R5 R5 #0
(3159) 1A47  0001101001000111 ( 306)                 ADD   R5 R1 R7
(315A) 0C01  0000110000000001 ( 307)                 BRNZ  LOWERRANGE
(315B) 021A  0000001000011010 ( 308)                 BRP   STOREFINISH
(315C) 25B6  0010010110110110 ( 311) LOWERRANGE      LD    R2 LOWERSTART
(315D) 5920  0101100100100000 ( 312)                 AND   R4 R4 #0
(315E) 1902  0001100100000010 ( 313)                 ADD   R4 R4 R2
(315F) 0E00  0000111000000000 ( 314)                 BRNZP ADDROT
(3160) 56E0  0101011011100000 ( 317) ADDROT          AND   R3 R3 #0
(3161) 5B60  0101101101100000 ( 318)                 AND   R5 R5 #0
(3162) 5DA0  0101110110100000 ( 319)                 AND   R6 R6 #0
(3163) 5FE0  0101111111100000 ( 320)                 AND   R7 R7 #0
(3164) 54A0  0101010010100000 ( 321)                 AND   R2 R2 #0
(3165) 2FA3  0010111110100011 ( 323)                 LD    R7 CIPHERSUM
(3166) 25AE  0010010110101110 ( 324)                 LD    R2 ALPHAEND
(3167) 94BF  1001010010111111 ( 325)                 NOT   R2 R2
(3168) 14A1  0001010010100001 ( 326)                 ADD   R2 R2 #1
(3169) 1B44  0001101101000100 ( 328)                 ADD   R5 R5 R4
(316A) 9B7F  1001101101111111 ( 330)                 NOT   R5 R5
(316B) 1B61  0001101101100001 ( 331)                 ADD   R5 R5 #1
(316C) 1645  0001011001000101 ( 333)                 ADD   R3 R1 R5
(316D) 1CC7  0001110011000111 ( 334)                 ADD   R6 R3 R7
(316E) 1B82  0001101110000010 ( 335)                 ADD   R5 R6 R2
(316F) 0601  0000011000000001 ( 336)                 BRZP  FIXROT
(3170) 0802  0000100000000010 ( 337)                 BRN   FINISHROT
(3171) 5DA0  0101110110100000 ( 340) FIXROT          AND   R6 R6 #0
(3172) 1D60  0001110101100000 ( 341)                 ADD   R6 R5 #0
(3173) 5020  0101000000100000 ( 344) FINISHROT       AND   R0 R0 #0
(3174) 1106  0001000100000110 ( 345)                 ADD   R0 R4 R6
(3175) 3197  0011000110010111 ( 346)                 ST    R0 RETCHAR
(3176) 4F9F  0100111110011111 ( 349) STOREFINISH     JSR   STORESUB
(3177) 2F94  0010111110010100 ( 350)                 LD    R7 RETSAVE
(3178) C1C0  1100000111000000 ( 351)                 RET   
(3179) 3F92  0011111110010010 ( 357) DECRYPTSUB      ST    R7 RETSAVE
(317A) 5920  0101100100100000 ( 358)                 AND   R4 R4 #0
(317B) 1921  0001100100100001 ( 359)                 ADD   R4 R4 #1
(317C) 3991  0011100110010001 ( 360)                 ST    R4 RI
(317D) 5260  0101001001100000 ( 362)                 AND   R1 R1 #0
(317E) 54A0  0101010010100000 ( 363)                 AND   R2 R2 #0
(317F) 56E0  0101011011100000 ( 364)                 AND   R3 R3 #0
(3180) 5920  0101100100100000 ( 365)                 AND   R4 R4 #0
(3181) 5B60  0101101101100000 ( 366)                 AND   R5 R5 #0
(3182) 5DA0  0101110110100000 ( 367)                 AND   R6 R6 #0
(3183) 5FE0  0101111111100000 ( 368)                 AND   R7 R7 #0
(3184) 258C  0010010110001100 ( 370)                 LD    R2 UPPERSTART
(3185) 278C  0010011110001100 ( 371)                 LD    R3 UPPEREND
(3186) 94BF  1001010010111111 ( 373)                 NOT   R2 R2
(3187) 14A1  0001010010100001 ( 374)                 ADD   R2 R2 #1
(3188) 96FF  1001011011111111 ( 376)                 NOT   R3 R3
(3189) 16E1  0001011011100001 ( 377)                 ADD   R3 R3 #1
(318A) 2382  0010001110000010 ( 379)                 LD    R1 RETCHAR
(318B) 1A42  0001101001000010 ( 380)                 ADD   R5 R1 R2
(318C) 0601  0000011000000001 ( 381)                 BRZP  UPPERRANGEMAYBEA
(318D) 0830  0000100000110000 ( 382)                 BRN   STOREFINISHA
(318E) 5B60  0101101101100000 ( 385) UPPERRANGEMAYBEA AND   R5 R5 #0
(318F) 1A43  0001101001000011 ( 386)                 ADD   R5 R1 R3
(3190) 0C01  0000110000000001 ( 387)                 BRNZ  UPPERRANGEA
(3191) 0203  0000001000000011 ( 388)                 BRP   INTERMEDIATERANGEA
(3192) 257E  0010010101111110 ( 391) UPPERRANGEA     LD    R2 UPPERSTART
(3193) 1902  0001100100000010 ( 392)                 ADD   R4 R4 R2
(3194) 0E12  0000111000010010 ( 393)                 BRNZP ADDROTA
(3195) 5B60  0101101101100000 ( 396) INTERMEDIATERANGEA AND   R5 R5 #0
(3196) 2D7C  0010110101111100 ( 397)                 LD    R6 LOWERSTART
(3197) 2F7C  0010111101111100 ( 398)                 LD    R7 LOWEREND
(3198) 9DBF  1001110110111111 ( 400)                 NOT   R6 R6
(3199) 1DA1  0001110110100001 ( 401)                 ADD   R6 R6 #1
(319A) 9FFF  1001111111111111 ( 403)                 NOT   R7 R7
(319B) 1FE1  0001111111100001 ( 404)                 ADD   R7 R7 #1
(319C) 1A46  0001101001000110 ( 406)                 ADD   R5 R1 R6
(319D) 0601  0000011000000001 ( 407)                 BRZP  LOWERRANGEMAYBEA
(319E) 081F  0000100000011111 ( 408)                 BRN   STOREFINISHA
(319F) 5B60  0101101101100000 ( 411) LOWERRANGEMAYBEA AND   R5 R5 #0
(31A0) 1A47  0001101001000111 ( 412)                 ADD   R5 R1 R7
(31A1) 0C01  0000110000000001 ( 413)                 BRNZ  LOWERRANGEA
(31A2) 021B  0000001000011011 ( 414)                 BRP   STOREFINISHA
(31A3) 256F  0010010101101111 ( 417) LOWERRANGEA     LD    R2 LOWERSTART
(31A4) 5920  0101100100100000 ( 418)                 AND   R4 R4 #0
(31A5) 1902  0001100100000010 ( 419)                 ADD   R4 R4 R2
(31A6) 0E00  0000111000000000 ( 420)                 BRNZP ADDROTA
(31A7) 56E0  0101011011100000 ( 423) ADDROTA         AND   R3 R3 #0
(31A8) 5B60  0101101101100000 ( 424)                 AND   R5 R5 #0
(31A9) 5DA0  0101110110100000 ( 425)                 AND   R6 R6 #0
(31AA) 5FE0  0101111111100000 ( 426)                 AND   R7 R7 #0
(31AB) 54A0  0101010010100000 ( 427)                 AND   R2 R2 #0
(31AC) 2F5C  0010111101011100 ( 429)                 LD    R7 CIPHERSUM
(31AD) 9FFF  1001111111111111 ( 430)                 NOT   R7 R7
(31AE) 1FE1  0001111111100001 ( 431)                 ADD   R7 R7 #1
(31AF) 2565  0010010101100101 ( 433)                 LD    R2 ALPHAEND
(31B0) 94BF  1001010010111111 ( 434)                 NOT   R2 R2
(31B1) 14A1  0001010010100001 ( 435)                 ADD   R2 R2 #1
(31B2) 1B44  0001101101000100 ( 437)                 ADD   R5 R5 R4
(31B3) 9B7F  1001101101111111 ( 439)                 NOT   R5 R5
(31B4) 1B61  0001101101100001 ( 440)                 ADD   R5 R5 #1
(31B5) 1645  0001011001000101 ( 442)                 ADD   R3 R1 R5
(31B6) 1CC7  0001110011000111 ( 443)                 ADD   R6 R3 R7
(31B7) 0801  0000100000000001 ( 444)                 BRN   FIXROTA
(31B8) 0602  0000011000000010 ( 445)                 BRZP  FINISHROTA
(31B9) 255B  0010010101011011 ( 448) FIXROTA         LD    R2 ALPHAEND
(31BA) 1D82  0001110110000010 ( 449)                 ADD   R6 R6 R2
(31BB) 5020  0101000000100000 ( 452) FINISHROTA      AND   R0 R0 #0
(31BC) 1106  0001000100000110 ( 453)                 ADD   R0 R4 R6
(31BD) 314F  0011000101001111 ( 454)                 ST    R0 RETCHAR
(31BE) 4F57  0100111101010111 ( 457) STOREFINISHA    JSR   STORESUB
(31BF) 2F4C  0010111101001100 ( 458)                 LD    R7 RETSAVE
(31C0) C1C0  1100000111000000 ( 459)                 RET   
(31C1) 3F4A  0011111101001010 ( 465) PRINTSUB        ST    R7 RETSAVE
(31C2) 56E0  0101011011100000 ( 467)                 AND   R3 R3 #0
(31C3) 5260  0101001001100000 ( 468)                 AND   R1 R1 #0
(31C4) 5B60  0101101101100000 ( 469)                 AND   R5 R5 #0
(31C5) 5DA0  0101110110100000 ( 470)                 AND   R6 R6 #0
(31C6) 54A0  0101010010100000 ( 471)                 AND   R2 R2 #0
(31C7) 2B40  0010101101000000 ( 473)                 LD    R5 CIPHERFLAG
(31C8) 0201  0000001000000001 ( 474)                 BRP   ENCLOADA
(31C9) 0402  0000010000000010 ( 475)                 BRZ   DECLOADA
(31CA) E121  1110000100100001 ( 478) ENCLOADA        LEA   R0 ENCRYPTSTR
(31CB) 0E05  0000111000000101 ( 479)                 BRNZP AFTERA
(31CC) E12D  1110000100101101 ( 482) DECLOADA        LEA   R0 DECRYPTSTR
(31CD) 0E03  0000111000000011 ( 483)                 BRNZP AFTERA
(31CE) 2541  0010010101000001 ( 485)                 LD    R2 TWOH
(31CF) 94BF  1001010010111111 ( 486)                 NOT   R2 R2
(31D0) 14A1  0001010010100001 ( 487)                 ADD   R2 R2 #1
(31D1) F022  1111000000100010 ( 490) AFTERA          TRAP  x22
(31D2) 333B  0011001100111011 ( 493) PRINTLOOPA      ST    R1 RI
(31D3) 373B  0011011100111011 ( 494)                 ST    R3 CI
(31D4) 4F4F  0100111101001111 ( 495)                 JSR   LOADSUB
(31D5) 2137  0010000100110111 ( 496)                 LD    R0 RETCHAR
(31D6) F021  1111000000100001 ( 497)                 TRAP  x21
(31D7) 2538  0010010100111000 ( 498)                 LD    R2 TWOH
(31D8) 94BF  1001010010111111 ( 499)                 NOT   R2 R2
(31D9) 14A1  0001010010100001 ( 500)                 ADD   R2 R2 #1
(31DA) 2734  0010011100110100 ( 501)                 LD    R3 CI
(31DB) 16E1  0001011011100001 ( 502)                 ADD   R3 R3 #1
(31DC) 3732  0011011100110010 ( 503)                 ST    R3 CI
(31DD) 5DA0  0101110110100000 ( 504)                 AND   R6 R6 #0
(31DE) 1CC2  0001110011000010 ( 505)                 ADD   R6 R3 R2
(31DF) 09F2  0000100111110010 ( 506)                 BRN   PRINTLOOPA
(31E0) 2B27  0010101100100111 ( 508)                 LD    R5 CIPHERFLAG
(31E1) 0201  0000001000000001 ( 509)                 BRP   ENCLOADB
(31E2) 0402  0000010000000010 ( 510)                 BRZ   DECLOADB
(31E3) E116  1110000100010110 ( 513) ENCLOADB        LEA   R0 DECRYPTSTR
(31E4) 0E03  0000111000000011 ( 514)                 BRNZP AFTERB
(31E5) E106  1110000100000110 ( 517) DECLOADB        LEA   R0 ENCRYPTSTR
(31E6) 0E01  0000111000000001 ( 518)                 BRNZP AFTERB
(31E7) 16E1  0001011011100001 ( 522)                 ADD   R3 R3 #1
(31E8) F022  1111000000100010 ( 525) AFTERB          TRAP  x22
(31E9) 3324  0011001100100100 ( 528) PRINTLOOPB      ST    R1 RI
(31EA) 3724  0011011100100100 ( 529)                 ST    R3 CI
(31EB) 4F38  0100111100111000 ( 530)                 JSR   LOADSUB
(31EC) 2120  0010000100100000 ( 531)                 LD    R0 RETCHAR
(31ED) F021  1111000000100001 ( 532)                 TRAP  x21
(31EE) 2521  0010010100100001 ( 533)                 LD    R2 TWOH
(31EF) 1482  0001010010000010 ( 534)                 ADD   R2 R2 R2
(31F0) 94BF  1001010010111111 ( 535)                 NOT   R2 R2
(31F1) 14A1  0001010010100001 ( 536)                 ADD   R2 R2 #1
(31F2) 271C  0010011100011100 ( 537)                 LD    R3 CI
(31F3) 16E1  0001011011100001 ( 538)                 ADD   R3 R3 #1
(31F4) 371A  0011011100011010 ( 539)                 ST    R3 CI
(31F5) 5DA0  0101110110100000 ( 540)                 AND   R6 R6 #0
(31F6) 1CC2  0001110011000010 ( 541)                 ADD   R6 R3 R2
(31F7) 09F1  0000100111110001 ( 542)                 BRN   PRINTLOOPB
(31F8) 5020  0101000000100000 ( 544)                 AND   R0 R0 #0
(31F9) 102A  0001000000101010 ( 545)                 ADD   R0 R0 #10
(31FA) F021  1111000000100001 ( 546)                 TRAP  x21
(31FB) 2F10  0010111100010000 ( 548)                 LD    R7 RETSAVE
(31FC) C1C0  1100000111000000 ( 549)                 RET   
(31FD) 5260  0101001001100000 ( 555) RESETARRAY      AND   R1 R1 #0
(31FE) 5920  0101100100100000 ( 556)                 AND   R4 R4 #0
(31FF) 2710  0010011100010000 ( 557)                 LD    R3 TWOH
(3200) 16C3  0001011011000011 ( 558)                 ADD   R3 R3 R3
(3201) 96FF  1001011011111111 ( 559)                 NOT   R3 R3
(3202) 16E1  0001011011100001 ( 560)                 ADD   R3 R3 #1
(3203) E406  1110010000000110 ( 563) RESETLOOP       LEA   R2 ARRAY
(3204) 1481  0001010010000001 ( 564)                 ADD   R2 R2 R1
(3205) 7880  0111100010000000 ( 565)                 STR   R4 R2 #0
(3206) 1261  0001001001100001 ( 566)                 ADD   R1 R1 #1
(3207) 1A43  0001101001000011 ( 567)                 ADD   R5 R1 R3
(3208) 09FA  0000100111111010 ( 568)                 BRN   RESETLOOP
(3209) C1C0  1100000111000000 ( 571)                 RET   
(320A) 0000  0000000000000000 ( 576) ARRAY           .FILL x0000
(320B) 0000  0000000000000000 ( 576)                 .FILL x0000
(320C) 0000  0000000000000000 ( 576)                 .FILL x0000
(320D) 0000  0000000000000000 ( 576)                 .FILL x0000
(320E) 0000  0000000000000000 ( 576)                 .FILL x0000
(320F) 0000  0000000000000000 ( 576)                 .FILL x0000
(3210) 0000  0000000000000000 ( 576)                 .FILL x0000
(3211) 0000  0000000000000000 ( 576)                 .FILL x0000
(3212) 0000  0000000000000000 ( 576)                 .FILL x0000
(3213) 0000  0000000000000000 ( 576)                 .FILL x0000
(3214) 0000  0000000000000000 ( 576)                 .FILL x0000
(3215) 0000  0000000000000000 ( 576)                 .FILL x0000
(3216) 0000  0000000000000000 ( 576)                 .FILL x0000
(3217) 0000  0000000000000000 ( 576)                 .FILL x0000
(3218) 0000  0000000000000000 ( 576)                 .FILL x0000
(3219) 0000  0000000000000000 ( 576)                 .FILL x0000
(321A) 0000  0000000000000000 ( 576)                 .FILL x0000
(321B) 0000  0000000000000000 ( 576)                 .FILL x0000
(321C) 0000  0000000000000000 ( 576)                 .FILL x0000
(321D) 0000  0000000000000000 ( 576)                 .FILL x0000
(321E) 0000  0000000000000000 ( 576)                 .FILL x0000
(321F) 0000  0000000000000000 ( 576)                 .FILL x0000
(3220) 0000  0000000000000000 ( 576)                 .FILL x0000
(3221) 0000  0000000000000000 ( 576)                 .FILL x0000
(3222) 0000  0000000000000000 ( 576)                 .FILL x0000
(3223) 0000  0000000000000000 ( 576)                 .FILL x0000
(3224) 0000  0000000000000000 ( 576)                 .FILL x0000
(3225) 0000  0000000000000000 ( 576)                 .FILL x0000
(3226) 0000  0000000000000000 ( 576)                 .FILL x0000
(3227) 0000  0000000000000000 ( 576)                 .FILL x0000
(3228) 0000  0000000000000000 ( 576)                 .FILL x0000
(3229) 0000  0000000000000000 ( 576)                 .FILL x0000
(322A) 0000  0000000000000000 ( 576)                 .FILL x0000
(322B) 0000  0000000000000000 ( 576)                 .FILL x0000
(322C) 0000  0000000000000000 ( 576)                 .FILL x0000
(322D) 0000  0000000000000000 ( 576)                 .FILL x0000
(322E) 0000  0000000000000000 ( 576)                 .FILL x0000
(322F) 0000  0000000000000000 ( 576)                 .FILL x0000
(3230) 0000  0000000000000000 ( 576)                 .FILL x0000
(3231) 0000  0000000000000000 ( 576)                 .FILL x0000
(3232) 0000  0000000000000000 ( 576)                 .FILL x0000
(3233) 0000  0000000000000000 ( 576)                 .FILL x0000
(3234) 0000  0000000000000000 ( 576)                 .FILL x0000
(3235) 0000  0000000000000000 ( 576)                 .FILL x0000
(3236) 0000  0000000000000000 ( 576)                 .FILL x0000
(3237) 0000  0000000000000000 ( 576)                 .FILL x0000
(3238) 0000  0000000000000000 ( 576)                 .FILL x0000
(3239) 0000  0000000000000000 ( 576)                 .FILL x0000
(323A) 0000  0000000000000000 ( 576)                 .FILL x0000
(323B) 0000  0000000000000000 ( 576)                 .FILL x0000
(323C) 0000  0000000000000000 ( 576)                 .FILL x0000
(323D) 0000  0000000000000000 ( 576)                 .FILL x0000
(323E) 0000  0000000000000000 ( 576)                 .FILL x0000
(323F) 0000  0000000000000000 ( 576)                 .FILL x0000
(3240) 0000  0000000000000000 ( 576)                 .FILL x0000
(3241) 0000  0000000000000000 ( 576)                 .FILL x0000
(3242) 0000  0000000000000000 ( 576)                 .FILL x0000
(3243) 0000  0000000000000000 ( 576)                 .FILL x0000
(3244) 0000  0000000000000000 ( 576)                 .FILL x0000
(3245) 0000  0000000000000000 ( 576)                 .FILL x0000
(3246) 0000  0000000000000000 ( 576)                 .FILL x0000
(3247) 0000  0000000000000000 ( 576)                 .FILL x0000
(3248) 0000  0000000000000000 ( 576)                 .FILL x0000
(3249) 0000  0000000000000000 ( 576)                 .FILL x0000
(324A) 0000  0000000000000000 ( 576)                 .FILL x0000
(324B) 0000  0000000000000000 ( 576)                 .FILL x0000
(324C) 0000  0000000000000000 ( 576)                 .FILL x0000
(324D) 0000  0000000000000000 ( 576)                 .FILL x0000
(324E) 0000  0000000000000000 ( 576)                 .FILL x0000
(324F) 0000  0000000000000000 ( 576)                 .FILL x0000
(3250) 0000  0000000000000000 ( 576)                 .FILL x0000
(3251) 0000  0000000000000000 ( 576)                 .FILL x0000
(3252) 0000  0000000000000000 ( 576)                 .FILL x0000
(3253) 0000  0000000000000000 ( 576)                 .FILL x0000
(3254) 0000  0000000000000000 ( 576)                 .FILL x0000
(3255) 0000  0000000000000000 ( 576)                 .FILL x0000
(3256) 0000  0000000000000000 ( 576)                 .FILL x0000
(3257) 0000  0000000000000000 ( 576)                 .FILL x0000
(3258) 0000  0000000000000000 ( 576)                 .FILL x0000
(3259) 0000  0000000000000000 ( 576)                 .FILL x0000
(325A) 0000  0000000000000000 ( 576)                 .FILL x0000
(325B) 0000  0000000000000000 ( 576)                 .FILL x0000
(325C) 0000  0000000000000000 ( 576)                 .FILL x0000
(325D) 0000  0000000000000000 ( 576)                 .FILL x0000
(325E) 0000  0000000000000000 ( 576)                 .FILL x0000
(325F) 0000  0000000000000000 ( 576)                 .FILL x0000
(3260) 0000  0000000000000000 ( 576)                 .FILL x0000
(3261) 0000  0000000000000000 ( 576)                 .FILL x0000
(3262) 0000  0000000000000000 ( 576)                 .FILL x0000
(3263) 0000  0000000000000000 ( 576)                 .FILL x0000
(3264) 0000  0000000000000000 ( 576)                 .FILL x0000
(3265) 0000  0000000000000000 ( 576)                 .FILL x0000
(3266) 0000  0000000000000000 ( 576)                 .FILL x0000
(3267) 0000  0000000000000000 ( 576)                 .FILL x0000
(3268) 0000  0000000000000000 ( 576)                 .FILL x0000
(3269) 0000  0000000000000000 ( 576)                 .FILL x0000
(326A) 0000  0000000000000000 ( 576)                 .FILL x0000
(326B) 0000  0000000000000000 ( 576)                 .FILL x0000
(326C) 0000  0000000000000000 ( 576)                 .FILL x0000
(326D) 0000  0000000000000000 ( 576)                 .FILL x0000
(326E) 0000  0000000000000000 ( 576)                 .FILL x0000
(326F) 0000  0000000000000000 ( 576)                 .FILL x0000
(3270) 0000  0000000000000000 ( 576)                 .FILL x0000
(3271) 0000  0000000000000000 ( 576)                 .FILL x0000
(3272) 0000  0000000000000000 ( 576)                 .FILL x0000
(3273) 0000  0000000000000000 ( 576)                 .FILL x0000
(3274) 0000  0000000000000000 ( 576)                 .FILL x0000
(3275) 0000  0000000000000000 ( 576)                 .FILL x0000
(3276) 0000  0000000000000000 ( 576)                 .FILL x0000
(3277) 0000  0000000000000000 ( 576)                 .FILL x0000
(3278) 0000  0000000000000000 ( 576)                 .FILL x0000
(3279) 0000  0000000000000000 ( 576)                 .FILL x0000
(327A) 0000  0000000000000000 ( 576)                 .FILL x0000
(327B) 0000  0000000000000000 ( 576)                 .FILL x0000
(327C) 0000  0000000000000000 ( 576)                 .FILL x0000
(327D) 0000  0000000000000000 ( 576)                 .FILL x0000
(327E) 0000  0000000000000000 ( 576)                 .FILL x0000
(327F) 0000  0000000000000000 ( 576)                 .FILL x0000
(3280) 0000  0000000000000000 ( 576)                 .FILL x0000
(3281) 0000  0000000000000000 ( 576)                 .FILL x0000
(3282) 0000  0000000000000000 ( 576)                 .FILL x0000
(3283) 0000  0000000000000000 ( 576)                 .FILL x0000
(3284) 0000  0000000000000000 ( 576)                 .FILL x0000
(3285) 0000  0000000000000000 ( 576)                 .FILL x0000
(3286) 0000  0000000000000000 ( 576)                 .FILL x0000
(3287) 0000  0000000000000000 ( 576)                 .FILL x0000
(3288) 0000  0000000000000000 ( 576)                 .FILL x0000
(3289) 0000  0000000000000000 ( 576)                 .FILL x0000
(328A) 0000  0000000000000000 ( 576)                 .FILL x0000
(328B) 0000  0000000000000000 ( 576)                 .FILL x0000
(328C) 0000  0000000000000000 ( 576)                 .FILL x0000
(328D) 0000  0000000000000000 ( 576)                 .FILL x0000
(328E) 0000  0000000000000000 ( 576)                 .FILL x0000
(328F) 0000  0000000000000000 ( 576)                 .FILL x0000
(3290) 0000  0000000000000000 ( 576)                 .FILL x0000
(3291) 0000  0000000000000000 ( 576)                 .FILL x0000
(3292) 0000  0000000000000000 ( 576)                 .FILL x0000
(3293) 0000  0000000000000000 ( 576)                 .FILL x0000
(3294) 0000  0000000000000000 ( 576)                 .FILL x0000
(3295) 0000  0000000000000000 ( 576)                 .FILL x0000
(3296) 0000  0000000000000000 ( 576)                 .FILL x0000
(3297) 0000  0000000000000000 ( 576)                 .FILL x0000
(3298) 0000  0000000000000000 ( 576)                 .FILL x0000
(3299) 0000  0000000000000000 ( 576)                 .FILL x0000
(329A) 0000  0000000000000000 ( 576)                 .FILL x0000
(329B) 0000  0000000000000000 ( 576)                 .FILL x0000
(329C) 0000  0000000000000000 ( 576)                 .FILL x0000
(329D) 0000  0000000000000000 ( 576)                 .FILL x0000
(329E) 0000  0000000000000000 ( 576)                 .FILL x0000
(329F) 0000  0000000000000000 ( 576)                 .FILL x0000
(32A0) 0000  0000000000000000 ( 576)                 .FILL x0000
(32A1) 0000  0000000000000000 ( 576)                 .FILL x0000
(32A2) 0000  0000000000000000 ( 576)                 .FILL x0000
(32A3) 0000  0000000000000000 ( 576)                 .FILL x0000
(32A4) 0000  0000000000000000 ( 576)                 .FILL x0000
(32A5) 0000  0000000000000000 ( 576)                 .FILL x0000
(32A6) 0000  0000000000000000 ( 576)                 .FILL x0000
(32A7) 0000  0000000000000000 ( 576)                 .FILL x0000
(32A8) 0000  0000000000000000 ( 576)                 .FILL x0000
(32A9) 0000  0000000000000000 ( 576)                 .FILL x0000
(32AA) 0000  0000000000000000 ( 576)                 .FILL x0000
(32AB) 0000  0000000000000000 ( 576)                 .FILL x0000
(32AC) 0000  0000000000000000 ( 576)                 .FILL x0000
(32AD) 0000  0000000000000000 ( 576)                 .FILL x0000
(32AE) 0000  0000000000000000 ( 576)                 .FILL x0000
(32AF) 0000  0000000000000000 ( 576)                 .FILL x0000
(32B0) 0000  0000000000000000 ( 576)                 .FILL x0000
(32B1) 0000  0000000000000000 ( 576)                 .FILL x0000
(32B2) 0000  0000000000000000 ( 576)                 .FILL x0000
(32B3) 0000  0000000000000000 ( 576)                 .FILL x0000
(32B4) 0000  0000000000000000 ( 576)                 .FILL x0000
(32B5) 0000  0000000000000000 ( 576)                 .FILL x0000
(32B6) 0000  0000000000000000 ( 576)                 .FILL x0000
(32B7) 0000  0000000000000000 ( 576)                 .FILL x0000
(32B8) 0000  0000000000000000 ( 576)                 .FILL x0000
(32B9) 0000  0000000000000000 ( 576)                 .FILL x0000
(32BA) 0000  0000000000000000 ( 576)                 .FILL x0000
(32BB) 0000  0000000000000000 ( 576)                 .FILL x0000
(32BC) 0000  0000000000000000 ( 576)                 .FILL x0000
(32BD) 0000  0000000000000000 ( 576)                 .FILL x0000
(32BE) 0000  0000000000000000 ( 576)                 .FILL x0000
(32BF) 0000  0000000000000000 ( 576)                 .FILL x0000
(32C0) 0000  0000000000000000 ( 576)                 .FILL x0000
(32C1) 0000  0000000000000000 ( 576)                 .FILL x0000
(32C2) 0000  0000000000000000 ( 576)                 .FILL x0000
(32C3) 0000  0000000000000000 ( 576)                 .FILL x0000
(32C4) 0000  0000000000000000 ( 576)                 .FILL x0000
(32C5) 0000  0000000000000000 ( 576)                 .FILL x0000
(32C6) 0000  0000000000000000 ( 576)                 .FILL x0000
(32C7) 0000  0000000000000000 ( 576)                 .FILL x0000
(32C8) 0000  0000000000000000 ( 576)                 .FILL x0000
(32C9) 0000  0000000000000000 ( 576)                 .FILL x0000
(32CA) 0000  0000000000000000 ( 576)                 .FILL x0000
(32CB) 0000  0000000000000000 ( 576)                 .FILL x0000
(32CC) 0000  0000000000000000 ( 576)                 .FILL x0000
(32CD) 0000  0000000000000000 ( 576)                 .FILL x0000
(32CE) 0000  0000000000000000 ( 576)                 .FILL x0000
(32CF) 0000  0000000000000000 ( 576)                 .FILL x0000
(32D0) 0000  0000000000000000 ( 576)                 .FILL x0000
(32D1) 0000  0000000000000000 ( 576)                 .FILL x0000
(32D2) 0000  0000000000000000 ( 576)                 .FILL x0000
(32D3) 0000  0000000000000000 ( 576)                 .FILL x0000
(32D4) 0000  0000000000000000 ( 576)                 .FILL x0000
(32D5) 0000  0000000000000000 ( 576)                 .FILL x0000
(32D6) 0000  0000000000000000 ( 576)                 .FILL x0000
(32D7) 0000  0000000000000000 ( 576)                 .FILL x0000
(32D8) 0000  0000000000000000 ( 576)                 .FILL x0000
(32D9) 0000  0000000000000000 ( 576)                 .FILL x0000
(32DA) 0000  0000000000000000 ( 576)                 .FILL x0000
(32DB) 0000  0000000000000000 ( 576)                 .FILL x0000
(32DC) 0000  0000000000000000 ( 576)                 .FILL x0000
(32DD) 0000  0000000000000000 ( 576)                 .FILL x0000
(32DE) 0000  0000000000000000 ( 576)                 .FILL x0000
(32DF) 0000  0000000000000000 ( 576)                 .FILL x0000
(32E0) 0000  0000000000000000 ( 576)                 .FILL x0000
(32E1) 0000  0000000000000000 ( 576)                 .FILL x0000
(32E2) 0000  0000000000000000 ( 576)                 .FILL x0000
(32E3) 0000  0000000000000000 ( 576)                 .FILL x0000
(32E4) 0000  0000000000000000 ( 576)                 .FILL x0000
(32E5) 0000  0000000000000000 ( 576)                 .FILL x0000
(32E6) 0000  0000000000000000 ( 576)                 .FILL x0000
(32E7) 0000  0000000000000000 ( 576)                 .FILL x0000
(32E8) 0000  0000000000000000 ( 576)                 .FILL x0000
(32E9) 0000  0000000000000000 ( 576)                 .FILL x0000
(32EA) 0000  0000000000000000 ( 576)                 .FILL x0000
(32EB) 0000  0000000000000000 ( 576)                 .FILL x0000
(32EC) 0000  0000000000000000 ( 576)                 .FILL x0000
(32ED) 0000  0000000000000000 ( 576)                 .FILL x0000
(32EE) 0000  0000000000000000 ( 576)                 .FILL x0000
(32EF) 0000  0000000000000000 ( 576)                 .FILL x0000
(32F0) 0000  0000000000000000 ( 576)                 .FILL x0000
(32F1) 0000  0000000000000000 ( 576)                 .FILL x0000
(32F2) 0000  0000000000000000 ( 576)                 .FILL x0000
(32F3) 0000  0000000000000000 ( 576)                 .FILL x0000
(32F4) 0000  0000000000000000 ( 576)                 .FILL x0000
(32F5) 0000  0000000000000000 ( 576)                 .FILL x0000
(32F6) 0000  0000000000000000 ( 576)                 .FILL x0000
(32F7) 0000  0000000000000000 ( 576)                 .FILL x0000
(32F8) 0000  0000000000000000 ( 576)                 .FILL x0000
(32F9) 0000  0000000000000000 ( 576)                 .FILL x0000
(32FA) 0000  0000000000000000 ( 576)                 .FILL x0000
(32FB) 0000  0000000000000000 ( 576)                 .FILL x0000
(32FC) 0000  0000000000000000 ( 576)                 .FILL x0000
(32FD) 0000  0000000000000000 ( 576)                 .FILL x0000
(32FE) 0000  0000000000000000 ( 576)                 .FILL x0000
(32FF) 0000  0000000000000000 ( 576)                 .FILL x0000
(3300) 0000  0000000000000000 ( 576)                 .FILL x0000
(3301) 0000  0000000000000000 ( 576)                 .FILL x0000
(3302) 0000  0000000000000000 ( 576)                 .FILL x0000
(3303) 0000  0000000000000000 ( 576)                 .FILL x0000
(3304) 0000  0000000000000000 ( 576)                 .FILL x0000
(3305) 0000  0000000000000000 ( 576)                 .FILL x0000
(3306) 0000  0000000000000000 ( 576)                 .FILL x0000
(3307) 0000  0000000000000000 ( 576)                 .FILL x0000
(3308) 0000  0000000000000000 ( 576)                 .FILL x0000
(3309) 0000  0000000000000000 ( 576)                 .FILL x0000
(330A) 0000  0000000000000000 ( 576)                 .FILL x0000
(330B) 0000  0000000000000000 ( 576)                 .FILL x0000
(330C) 0000  0000000000000000 ( 576)                 .FILL x0000
(330D) 0000  0000000000000000 ( 576)                 .FILL x0000
(330E) 0000  0000000000000000 ( 576)                 .FILL x0000
(330F) 0000  0000000000000000 ( 576)                 .FILL x0000
(3310) 0000  0000000000000000 ( 576)                 .FILL x0000
(3311) 0000  0000000000000000 ( 576)                 .FILL x0000
(3312) 0000  0000000000000000 ( 576)                 .FILL x0000
(3313) 0000  0000000000000000 ( 576)                 .FILL x0000
(3314) 0000  0000000000000000 ( 576)                 .FILL x0000
(3315) 0000  0000000000000000 ( 576)                 .FILL x0000
(3316) 0000  0000000000000000 ( 576)                 .FILL x0000
(3317) 0000  0000000000000000 ( 576)                 .FILL x0000
(3318) 0000  0000000000000000 ( 576)                 .FILL x0000
(3319) 0000  0000000000000000 ( 576)                 .FILL x0000
(331A) 0000  0000000000000000 ( 576)                 .FILL x0000
(331B) 0000  0000000000000000 ( 576)                 .FILL x0000
(331C) 0000  0000000000000000 ( 576)                 .FILL x0000
(331D) 0000  0000000000000000 ( 576)                 .FILL x0000
(331E) 0000  0000000000000000 ( 576)                 .FILL x0000
(331F) 0000  0000000000000000 ( 576)                 .FILL x0000
(3320) 0000  0000000000000000 ( 576)                 .FILL x0000
(3321) 0000  0000000000000000 ( 576)                 .FILL x0000
(3322) 0000  0000000000000000 ( 576)                 .FILL x0000
(3323) 0000  0000000000000000 ( 576)                 .FILL x0000
(3324) 0000  0000000000000000 ( 576)                 .FILL x0000
(3325) 0000  0000000000000000 ( 576)                 .FILL x0000
(3326) 0000  0000000000000000 ( 576)                 .FILL x0000
(3327) 0000  0000000000000000 ( 576)                 .FILL x0000
(3328) 0000  0000000000000000 ( 576)                 .FILL x0000
(3329) 0000  0000000000000000 ( 576)                 .FILL x0000
(332A) 0000  0000000000000000 ( 576)                 .FILL x0000
(332B) 0000  0000000000000000 ( 576)                 .FILL x0000
(332C) 0000  0000000000000000 ( 576)                 .FILL x0000
(332D) 0000  0000000000000000 ( 576)                 .FILL x0000
(332E) 0000  0000000000000000 ( 576)                 .FILL x0000
(332F) 0000  0000000000000000 ( 576)                 .FILL x0000
(3330) 0000  0000000000000000 ( 576)                 .FILL x0000
(3331) 0000  0000000000000000 ( 576)                 .FILL x0000
(3332) 0000  0000000000000000 ( 576)                 .FILL x0000
(3333) 0000  0000000000000000 ( 576)                 .FILL x0000
(3334) 0000  0000000000000000 ( 576)                 .FILL x0000
(3335) 0000  0000000000000000 ( 576)                 .FILL x0000
(3336) 0000  0000000000000000 ( 576)                 .FILL x0000
(3337) 0000  0000000000000000 ( 576)                 .FILL x0000
(3338) 0000  0000000000000000 ( 576)                 .FILL x0000
(3339) 0000  0000000000000000 ( 576)                 .FILL x0000
(333A) 0000  0000000000000000 ( 576)                 .FILL x0000
(333B) 0000  0000000000000000 ( 576)                 .FILL x0000
(333C) 0000  0000000000000000 ( 576)                 .FILL x0000
(333D) 0000  0000000000000000 ( 576)                 .FILL x0000
(333E) 0000  0000000000000000 ( 576)                 .FILL x0000
(333F) 0000  0000000000000000 ( 576)                 .FILL x0000
(3340) 0000  0000000000000000 ( 576)                 .FILL x0000
(3341) 0000  0000000000000000 ( 576)                 .FILL x0000
(3342) 0000  0000000000000000 ( 576)                 .FILL x0000
(3343) 0000  0000000000000000 ( 576)                 .FILL x0000
(3344) 0000  0000000000000000 ( 576)                 .FILL x0000
(3345) 0000  0000000000000000 ( 576)                 .FILL x0000
(3346) 0000  0000000000000000 ( 576)                 .FILL x0000
(3347) 0000  0000000000000000 ( 576)                 .FILL x0000
(3348) 0000  0000000000000000 ( 576)                 .FILL x0000
(3349) 0000  0000000000000000 ( 576)                 .FILL x0000
(334A) 0000  0000000000000000 ( 576)                 .FILL x0000
(334B) 0000  0000000000000000 ( 576)                 .FILL x0000
(334C) 0000  0000000000000000 ( 576)                 .FILL x0000
(334D) 0000  0000000000000000 ( 576)                 .FILL x0000
(334E) 0000  0000000000000000 ( 576)                 .FILL x0000
(334F) 0000  0000000000000000 ( 576)                 .FILL x0000
(3350) 0000  0000000000000000 ( 576)                 .FILL x0000
(3351) 0000  0000000000000000 ( 576)                 .FILL x0000
(3352) 0000  0000000000000000 ( 576)                 .FILL x0000
(3353) 0000  0000000000000000 ( 576)                 .FILL x0000
(3354) 0000  0000000000000000 ( 576)                 .FILL x0000
(3355) 0000  0000000000000000 ( 576)                 .FILL x0000
(3356) 0000  0000000000000000 ( 576)                 .FILL x0000
(3357) 0000  0000000000000000 ( 576)                 .FILL x0000
(3358) 0000  0000000000000000 ( 576)                 .FILL x0000
(3359) 0000  0000000000000000 ( 576)                 .FILL x0000
(335A) 0000  0000000000000000 ( 576)                 .FILL x0000
(335B) 0000  0000000000000000 ( 576)                 .FILL x0000
(335C) 0000  0000000000000000 ( 576)                 .FILL x0000
(335D) 0000  0000000000000000 ( 576)                 .FILL x0000
(335E) 0000  0000000000000000 ( 576)                 .FILL x0000
(335F) 0000  0000000000000000 ( 576)                 .FILL x0000
(3360) 0000  0000000000000000 ( 576)                 .FILL x0000
(3361) 0000  0000000000000000 ( 576)                 .FILL x0000
(3362) 0000  0000000000000000 ( 576)                 .FILL x0000
(3363) 0000  0000000000000000 ( 576)                 .FILL x0000
(3364) 0000  0000000000000000 ( 576)                 .FILL x0000
(3365) 0000  0000000000000000 ( 576)                 .FILL x0000
(3366) 0000  0000000000000000 ( 576)                 .FILL x0000
(3367) 0000  0000000000000000 ( 576)                 .FILL x0000
(3368) 0000  0000000000000000 ( 576)                 .FILL x0000
(3369) 0000  0000000000000000 ( 576)                 .FILL x0000
(336A) 0000  0000000000000000 ( 576)                 .FILL x0000
(336B) 0000  0000000000000000 ( 576)                 .FILL x0000
(336C) 0000  0000000000000000 ( 576)                 .FILL x0000
(336D) 0000  0000000000000000 ( 576)                 .FILL x0000
(336E) 0000  0000000000000000 ( 576)                 .FILL x0000
(336F) 0000  0000000000000000 ( 576)                 .FILL x0000
(3370) 0000  0000000000000000 ( 576)                 .FILL x0000
(3371) 0000  0000000000000000 ( 576)                 .FILL x0000
(3372) 0000  0000000000000000 ( 576)                 .FILL x0000
(3373) 0000  0000000000000000 ( 576)                 .FILL x0000
(3374) 0000  0000000000000000 ( 576)                 .FILL x0000
(3375) 0000  0000000000000000 ( 576)                 .FILL x0000
(3376) 0000  0000000000000000 ( 576)                 .FILL x0000
(3377) 0000  0000000000000000 ( 576)                 .FILL x0000
(3378) 0000  0000000000000000 ( 576)                 .FILL x0000
(3379) 0000  0000000000000000 ( 576)                 .FILL x0000
(337A) 0000  0000000000000000 ( 576)                 .FILL x0000
(337B) 0000  0000000000000000 ( 576)                 .FILL x0000
(337C) 0000  0000000000000000 ( 576)                 .FILL x0000
(337D) 0000  0000000000000000 ( 576)                 .FILL x0000
(337E) 0000  0000000000000000 ( 576)                 .FILL x0000
(337F) 0000  0000000000000000 ( 576)                 .FILL x0000
(3380) 0000  0000000000000000 ( 576)                 .FILL x0000
(3381) 0000  0000000000000000 ( 576)                 .FILL x0000
(3382) 0000  0000000000000000 ( 576)                 .FILL x0000
(3383) 0000  0000000000000000 ( 576)                 .FILL x0000
(3384) 0000  0000000000000000 ( 576)                 .FILL x0000
(3385) 0000  0000000000000000 ( 576)                 .FILL x0000
(3386) 0000  0000000000000000 ( 576)                 .FILL x0000
(3387) 0000  0000000000000000 ( 576)                 .FILL x0000
(3388) 0000  0000000000000000 ( 576)                 .FILL x0000
(3389) 0000  0000000000000000 ( 576)                 .FILL x0000
(338A) 0000  0000000000000000 ( 576)                 .FILL x0000
(338B) 0000  0000000000000000 ( 576)                 .FILL x0000
(338C) 0000  0000000000000000 ( 576)                 .FILL x0000
(338D) 0000  0000000000000000 ( 576)                 .FILL x0000
(338E) 0000  0000000000000000 ( 576)                 .FILL x0000
(338F) 0000  0000000000000000 ( 576)                 .FILL x0000
(3390) 0000  0000000000000000 ( 576)                 .FILL x0000
(3391) 0000  0000000000000000 ( 576)                 .FILL x0000
(3392) 0000  0000000000000000 ( 576)                 .FILL x0000
(3393) 0000  0000000000000000 ( 576)                 .FILL x0000
(3394) 0000  0000000000000000 ( 576)                 .FILL x0000
(3395) 0000  0000000000000000 ( 576)                 .FILL x0000
(3396) 0000  0000000000000000 ( 576)                 .FILL x0000
(3397) 0000  0000000000000000 ( 576)                 .FILL x0000
(3398) 0000  0000000000000000 ( 576)                 .FILL x0000
(3399) 0000  0000000000000000 ( 576)                 .FILL x0000
