(0000) 3000  0011000000000000 (   1)                 .ORIG x3000
(3000) 5020  0101000000100000 (   3)                 AND   R0 R0 #0
(3001) 5260  0101001001100000 (   4)                 AND   R1 R1 #0
(3002) 54A0  0101010010100000 (   5)                 AND   R2 R2 #0
(3003) 56E0  0101011011100000 (   6)                 AND   R3 R3 #0
(3004) 5920  0101100100100000 (   7)                 AND   R4 R4 #0
(3005) 5B60  0101101101100000 (   8)                 AND   R5 R5 #0
(3006) 5DA0  0101110110100000 (   9)                 AND   R6 R6 #0
(3007) 5FE0  0101111111100000 (  10)                 AND   R7 R7 #0
(3008) E068  1110000001101000 (  12)                 LEA   R0 WELCOMESTR
(3009) F022  1111000000100010 (  13)                 TRAP  x22
(300A) E06A  1110000001101010 (  16) MAINLOOP        LEA   R0 DECISIONSTR
(300B) F022  1111000000100010 (  17)                 TRAP  x22
(300C) F020  1111000000100000 (  19) MAINGET         TRAP  x20
(300D) F021  1111000000100001 (  20)                 TRAP  x21
(300E) 5B60  0101101101100000 (  23)                 AND   R5 R5 #0
(300F) 3AC7  0011101011000111 (  24)                 ST    R5 CIPHERSUM
(3010) 5DA0  0101110110100000 (  27) CHECKX          AND   R6 R6 #0
(3011) 1D80  0001110110000000 (  28)                 ADD   R6 R6 R0
(3012) 1DB0  0001110110110000 (  29)                 ADD   R6 R6 #-16
(3013) 1DB0  0001110110110000 (  30)                 ADD   R6 R6 #-16
(3014) 1DB0  0001110110110000 (  31)                 ADD   R6 R6 #-16
(3015) 1DB0  0001110110110000 (  32)                 ADD   R6 R6 #-16
(3016) 1DB0  0001110110110000 (  33)                 ADD   R6 R6 #-16
(3017) 1DB8  0001110110111000 (  34)                 ADD   R6 R6 #-8
(3018) 0455  0000010001010101 (  35)                 BRZ   DONE
(3019) 5DA0  0101110110100000 (  38) CHECKE          AND   R6 R6 #0
(301A) 1D80  0001110110000000 (  39)                 ADD   R6 R6 R0
(301B) 1DB0  0001110110110000 (  40)                 ADD   R6 R6 #-16
(301C) 1DB0  0001110110110000 (  41)                 ADD   R6 R6 #-16
(301D) 1DB0  0001110110110000 (  42)                 ADD   R6 R6 #-16
(301E) 1DB0  0001110110110000 (  43)                 ADD   R6 R6 #-16
(301F) 1DBB  0001110110111011 (  44)                 ADD   R6 R6 #-5
(3020) 040D  0000010000001101 (  45)                 BRZ   ENCRYPTFLAG
(3021) 5DA0  0101110110100000 (  48) CHECKD          AND   R6 R6 #0
(3022) 1D80  0001110110000000 (  49)                 ADD   R6 R6 R0
(3023) 1DB0  0001110110110000 (  50)                 ADD   R6 R6 #-16
(3024) 1DB0  0001110110110000 (  51)                 ADD   R6 R6 #-16
(3025) 1DB0  0001110110110000 (  52)                 ADD   R6 R6 #-16
(3026) 1DB0  0001110110110000 (  53)                 ADD   R6 R6 #-16
(3027) 1DBC  0001110110111100 (  54)                 ADD   R6 R6 #-4
(3028) 0401  0000010000000001 (  55)                 BRZ   DECRYPTFLAG
(3029) 0FE2  0000111111100010 (  57)                 BRNZP MAINGET
(302A) 5260  0101001001100000 (  60) DECRYPTFLAG     AND   R1 R1 #0
(302B) 1261  0001001001100001 (  61)                 ADD   R1 R1 #1
(302C) 32A9  0011001010101001 (  62)                 ST    R1 CIPHERFLAG
(302D) 0E04  0000111000000100 (  63)                 BRNZP CIPHERSTART
(302E) 5260  0101001001100000 (  66) ENCRYPTFLAG     AND   R1 R1 #0
(302F) 1260  0001001001100000 (  67)                 ADD   R1 R1 #0
(3030) 32A5  0011001010100101 (  68)                 ST    R1 CIPHERFLAG
(3031) 0E00  0000111000000000 (  69)                 BRNZP CIPHERSTART
(3032) E05C  1110000001011100 (  72) CIPHERSTART     LEA   R0 CIPHERSTR
(3033) F022  1111000000100010 (  73)                 TRAP  x22
(3034) F020  1111000000100000 (  76) CIPHERLOOP      TRAP  x20
(3035) F021  1111000000100001 (  77)                 TRAP  x21
(3036) 5DA0  0101110110100000 (  80) CHECKCIPHEREND  AND   R6 R6 #0
(3037) 1D80  0001110110000000 (  81)                 ADD   R6 R6 R0
(3038) 1DB6  0001110110110110 (  82)                 ADD   R6 R6 #-10
(3039) 0414  0000010000010100 (  83)                 BRZ   PROMPTSTART
(303A) 5DA0  0101110110100000 (  86) ADDCIPHER       AND   R6 R6 #0
(303B) 1D80  0001110110000000 (  87)                 ADD   R6 R6 R0
(303C) 1DB0  0001110110110000 (  88)                 ADD   R6 R6 #-16
(303D) 1DB0  0001110110110000 (  89)                 ADD   R6 R6 #-16
(303E) 1DB0  0001110110110000 (  90)                 ADD   R6 R6 #-16
(303F) 0E00  0000111000000000 (  91)                 BRNZP SETUPMULTIPLY
(3040) 5920  0101100100100000 (  94) SETUPMULTIPLY   AND   R4 R4 #0
(3041) 56E0  0101011011100000 (  95)                 AND   R3 R3 #0
(3042) 5B60  0101101101100000 (  96)                 AND   R5 R5 #0
(3043) 54A0  0101010010100000 (  97)                 AND   R2 R2 #0
(3044) 2492  0010010010010010 (  98)                 LD    R2 CIPHERSUM
(3045) 16C2  0001011011000010 (  99)                 ADD   R3 R3 R2
(3046) 1929  0001100100101001 ( 100)                 ADD   R4 R4 #9
(3047) 1483  0001010010000011 ( 103) MULTIPLY        ADD   R2 R2 R3
(3048) 193F  0001100100111111 ( 104)                 ADD   R4 R4 #-1
(3049) 03FD  0000001111111101 ( 105)                 BRP   MULTIPLY
(304A) 5260  0101001001100000 ( 107)                 AND   R1 R1 #0
(304B) 1486  0001010010000110 ( 108)                 ADD   R2 R2 R6
(304C) 348A  0011010010001010 ( 109)                 ST    R2 CIPHERSUM
(304D) 0FE6  0000111111100110 ( 110)                 BRNZP CIPHERLOOP
(304E) 5B60  0101101101100000 ( 113) PROMPTSTART     AND   R5 R5 #0
(304F) 2A89  0010101010001001 ( 114)                 LD    R5 CHARCOUNT
(3050) 1B7F  0001101101111111 ( 115)                 ADD   R5 R5 #-1
(3051) 3A87  0011101010000111 ( 116)                 ST    R5 CHARCOUNT
(3052) E04C  1110000001001100 ( 117)                 LEA   R0 PROMPTSTR
(3053) F022  1111000000100010 ( 118)                 TRAP  x22
(3054) F020  1111000000100000 ( 121) PROMPTLOOP      TRAP  x20
(3055) F021  1111000000100001 ( 122)                 TRAP  x21
(3056) 5B60  0101101101100000 ( 123)                 AND   R5 R5 #0
(3057) 2A81  0010101010000001 ( 124)                 LD    R5 CHARCOUNT
(3058) 1B61  0001101101100001 ( 125)                 ADD   R5 R5 #1
(3059) 3A7F  0011101001111111 ( 126)                 ST    R5 CHARCOUNT
(305A) 5DA0  0101110110100000 ( 129) CHECKPROMPTEND  AND   R6 R6 #0
(305B) 1D80  0001110110000000 ( 130)                 ADD   R6 R6 R0
(305C) 1DB6  0001110110110110 ( 131)                 ADD   R6 R6 #-10
(305D) 040C  0000010000001100 ( 132)                 BRZ   PROMPTDONE
(305E) 3A7E  0011101001111110 ( 135) STORECHAR       ST    R5 CI
(305F) 5920  0101100100100000 ( 136)                 AND   R4 R4 #0
(3060) 387B  0011100001111011 ( 137)                 ST    R4 RI
(3061) 3079  0011000001111001 ( 138)                 ST    R0 RETCHAR
(3062) 4881  0100100010000001 ( 139)                 JSR   STORESUB
(3063) 2472  0010010001110010 ( 141)                 LD    R2 CIPHERFLAG
(3064) 0401  0000010000000001 ( 142)                 BRZ   ENCRYPTCHAR
(3065) 0202  0000001000000010 ( 143)                 BRP   DECRYPTCHAR
(3066) 4899  0100100010011001 ( 146) ENCRYPTCHAR     JSR   ENCRYPTSUB
(3067) 0FEC  0000111111101100 ( 147)                 BRNZP PROMPTLOOP
(3068) 48DE  0100100011011110 ( 150) DECRYPTCHAR     JSR   DECRYPTSUB
(3069) 0FEA  0000111111101010 ( 151)                 BRNZP PROMPTLOOP
(306A) E048  1110000001001000 ( 154) PROMPTDONE      LEA   R0 RESULTSTR
(306B) F022  1111000000100010 ( 155)                 TRAP  x22
(306C) 4922  0100100100100010 ( 157)                 JSR   PRINTSUB
(306D) 0F9C  0000111110011100 ( 158)                 BRNZP MAINLOOP
(306E) E03E  1110000000111110 ( 161) DONE            LEA   R0 GOODBYESTR
(306F) F022  1111000000100010 ( 162)                 TRAP  x22
(3070) F025  1111000000100101 ( 164)                 TRAP  x25
(3071) 0048  0000000001001000 ( 166) WELCOMESTR      .FILL x0048
(3072) 0069  0000000001101001 ( 166)                 .FILL x0069
(3073) 000A  0000000000001010 ( 166)                 .FILL x000A
(3074) 0000  0000000000000000 ( 166)                 .FILL x0000
(3075) 0028  0000000000101000 ( 167) DECISIONSTR     .FILL x0028
(3076) 0045  0000000001000101 ( 167)                 .FILL x0045
(3077) 0029  0000000000101001 ( 167)                 .FILL x0029
(3078) 006E  0000000001101110 ( 167)                 .FILL x006E
(3079) 002F  0000000000101111 ( 167)                 .FILL x002F
(307A) 0028  0000000000101000 ( 167)                 .FILL x0028
(307B) 0044  0000000001000100 ( 167)                 .FILL x0044
(307C) 0029  0000000000101001 ( 167)                 .FILL x0029
(307D) 0065  0000000001100101 ( 167)                 .FILL x0065
(307E) 0063  0000000001100011 ( 167)                 .FILL x0063
(307F) 0072  0000000001110010 ( 167)                 .FILL x0072
(3080) 0079  0000000001111001 ( 167)                 .FILL x0079
(3081) 0070  0000000001110000 ( 167)                 .FILL x0070
(3082) 0074  0000000001110100 ( 167)                 .FILL x0074
(3083) 0020  0000000000100000 ( 167)                 .FILL x0020
(3084) 006F  0000000001101111 ( 167)                 .FILL x006F
(3085) 0072  0000000001110010 ( 167)                 .FILL x0072
(3086) 0020  0000000000100000 ( 167)                 .FILL x0020
(3087) 0065  0000000001100101 ( 167)                 .FILL x0065
(3088) 0028  0000000000101000 ( 167)                 .FILL x0028
(3089) 0058  0000000001011000 ( 167)                 .FILL x0058
(308A) 0029  0000000000101001 ( 167)                 .FILL x0029
(308B) 0069  0000000001101001 ( 167)                 .FILL x0069
(308C) 0074  0000000001110100 ( 167)                 .FILL x0074
(308D) 000A  0000000000001010 ( 167)                 .FILL x000A
(308E) 0000  0000000000000000 ( 167)                 .FILL x0000
(308F) 000A  0000000000001010 ( 168) CIPHERSTR       .FILL x000A
(3090) 0043  0000000001000011 ( 168)                 .FILL x0043
(3091) 0069  0000000001101001 ( 168)                 .FILL x0069
(3092) 0070  0000000001110000 ( 168)                 .FILL x0070
(3093) 0068  0000000001101000 ( 168)                 .FILL x0068
(3094) 0065  0000000001100101 ( 168)                 .FILL x0065
(3095) 0072  0000000001110010 ( 168)                 .FILL x0072
(3096) 0020  0000000000100000 ( 168)                 .FILL x0020
(3097) 0028  0000000000101000 ( 168)                 .FILL x0028
(3098) 0031  0000000000110001 ( 168)                 .FILL x0031
(3099) 002D  0000000000101101 ( 168)                 .FILL x002D
(309A) 0032  0000000000110010 ( 168)                 .FILL x0032
(309B) 0035  0000000000110101 ( 168)                 .FILL x0035
(309C) 0029  0000000000101001 ( 168)                 .FILL x0029
(309D) 000A  0000000000001010 ( 168)                 .FILL x000A
(309E) 0000  0000000000000000 ( 168)                 .FILL x0000
(309F) 0053  0000000001010011 ( 169) PROMPTSTR       .FILL x0053
(30A0) 0074  0000000001110100 ( 169)                 .FILL x0074
(30A1) 0072  0000000001110010 ( 169)                 .FILL x0072
(30A2) 0069  0000000001101001 ( 169)                 .FILL x0069
(30A3) 006E  0000000001101110 ( 169)                 .FILL x006E
(30A4) 0067  0000000001100111 ( 169)                 .FILL x0067
(30A5) 0020  0000000000100000 ( 169)                 .FILL x0020
(30A6) 0028  0000000000101000 ( 169)                 .FILL x0028
(30A7) 0032  0000000000110010 ( 169)                 .FILL x0032
(30A8) 0030  0000000000110000 ( 169)                 .FILL x0030
(30A9) 0030  0000000000110000 ( 169)                 .FILL x0030
(30AA) 0029  0000000000101001 ( 169)                 .FILL x0029
(30AB) 000A  0000000000001010 ( 169)                 .FILL x000A
(30AC) 0000  0000000000000000 ( 169)                 .FILL x0000
(30AD) 000A  0000000000001010 ( 170) GOODBYESTR      .FILL x000A
(30AE) 0042  0000000001000010 ( 170)                 .FILL x0042
(30AF) 0079  0000000001111001 ( 170)                 .FILL x0079
(30B0) 0065  0000000001100101 ( 170)                 .FILL x0065
(30B1) 000A  0000000000001010 ( 170)                 .FILL x000A
(30B2) 0000  0000000000000000 ( 170)                 .FILL x0000
(30B3) 0052  0000000001010010 ( 171) RESULTSTR       .FILL x0052
(30B4) 0065  0000000001100101 ( 171)                 .FILL x0065
(30B5) 0073  0000000001110011 ( 171)                 .FILL x0073
(30B6) 0075  0000000001110101 ( 171)                 .FILL x0075
(30B7) 006C  0000000001101100 ( 171)                 .FILL x006C
(30B8) 0074  0000000001110100 ( 171)                 .FILL x0074
(30B9) 0000  0000000000000000 ( 171)                 .FILL x0000
(30BA) 000A  0000000000001010 ( 172) ENCRYPTSTR      .FILL x000A
(30BB) 003C  0000000000111100 ( 172)                 .FILL x003C
(30BC) 0045  0000000001000101 ( 172)                 .FILL x0045
(30BD) 006E  0000000001101110 ( 172)                 .FILL x006E
(30BE) 0063  0000000001100011 ( 172)                 .FILL x0063
(30BF) 0072  0000000001110010 ( 172)                 .FILL x0072
(30C0) 0079  0000000001111001 ( 172)                 .FILL x0079
(30C1) 0070  0000000001110000 ( 172)                 .FILL x0070
(30C2) 0074  0000000001110100 ( 172)                 .FILL x0074
(30C3) 0065  0000000001100101 ( 172)                 .FILL x0065
(30C4) 0064  0000000001100100 ( 172)                 .FILL x0064
(30C5) 003E  0000000000111110 ( 172)                 .FILL x003E
(30C6) 0020  0000000000100000 ( 172)                 .FILL x0020
(30C7) 0000  0000000000000000 ( 172)                 .FILL x0000
(30C8) 000A  0000000000001010 ( 173) DECRYPTSTR      .FILL x000A
(30C9) 003C  0000000000111100 ( 173)                 .FILL x003C
(30CA) 0044  0000000001000100 ( 173)                 .FILL x0044
(30CB) 0065  0000000001100101 ( 173)                 .FILL x0065
(30CC) 0063  0000000001100011 ( 173)                 .FILL x0063
(30CD) 0072  0000000001110010 ( 173)                 .FILL x0072
(30CE) 0079  0000000001111001 ( 173)                 .FILL x0079
(30CF) 0070  0000000001110000 ( 173)                 .FILL x0070
(30D0) 0074  0000000001110100 ( 173)                 .FILL x0074
(30D1) 0065  0000000001100101 ( 173)                 .FILL x0065
(30D2) 0064  0000000001100100 ( 173)                 .FILL x0064
(30D3) 003E  0000000000111110 ( 173)                 .FILL x003E
(30D4) 0020  0000000000100000 ( 173)                 .FILL x0020
(30D5) 0000  0000000000000000 ( 173)                 .FILL x0000
(30D6) 0000  0000000000000000 ( 176) CIPHERFLAG      .FILL x0000
(30D7) 0000  0000000000000000 ( 177) CIPHERSUM       .FILL x0000
(30D8) 0000  0000000000000000 ( 178) INVCIPHERSUM    .FILL x0000
(30D9) 0000  0000000000000000 ( 179) CHARCOUNT       .FILL x0000
(30DA) 0000  0000000000000000 ( 180) RETSAVE         .FILL x0000
(30DB) 0000  0000000000000000 ( 181) RETCHAR         .FILL x0000
(30DC) 0000  0000000000000000 ( 182) RI              .FILL x0000
(30DD) 0000  0000000000000000 ( 184) CI              .FILL x0000
(30DE) 00C7  0000000011000111 ( 184) TWOH            .FILL x00C7
(30DF) 0041  0000000001000001 ( 185) UPPERSTART      .FILL x0041
(30E0) 005A  0000000001011010 ( 186) UPPEREND        .FILL x005A
(30E1) 0061  0000000001100001 ( 187) LOWERSTART      .FILL x0061
(30E2) 007A  0000000001111010 ( 188) LOWEREND        .FILL x007A
(30E3) 001A  0000000000011010 ( 189) ALPHAEND        .FILL x001A
(30E4) 5B60  0101101101100000 ( 196) STORESUB        AND   R5 R5 #0
(30E5) 56E0  0101011011100000 ( 197)                 AND   R3 R3 #0
(30E6) 54A0  0101010010100000 ( 198)                 AND   R2 R2 #0
(30E7) 2BF5  0010101111110101 ( 200)                 LD    R5 CI
(30E8) 21F3  0010000111110011 ( 201)                 LD    R0 RI
(30E9) 0201  0000001000000001 ( 203)                 BRP   ADD200A
(30EA) 0C02  0000110000000010 ( 204)                 BRNZ  PASSA
(30EB) 25F2  0010010111110010 ( 207) ADD200A         LD    R2 TWOH
(30EC) 1B42  0001101101000010 ( 208)                 ADD   R5 R5 R2
(30ED) E6DD  1110011011011101 ( 212) PASSA           LEA   R3 ARRAY
(30EE) 16C5  0001011011000101 ( 213)                 ADD   R3 R3 R5
(30EF) 21EB  0010000111101011 ( 214)                 LD    R0 RETCHAR
(30F0) 70C0  0111000011000000 ( 215)                 STR   R0 R3 #0
(30F1) C1C0  1100000111000000 ( 216)                 RET   
(30F2) 5B60  0101101101100000 ( 222) LOADSUB         AND   R5 R5 #0
(30F3) 56E0  0101011011100000 ( 223)                 AND   R3 R3 #0
(30F4) 54A0  0101010010100000 ( 224)                 AND   R2 R2 #0
(30F5) 2BE7  0010101111100111 ( 226)                 LD    R5 CI
(30F6) 21E5  0010000111100101 ( 227)                 LD    R0 RI
(30F7) 0201  0000001000000001 ( 229)                 BRP   ADD200B
(30F8) 0C02  0000110000000010 ( 230)                 BRNZ  PASSB
(30F9) 25E4  0010010111100100 ( 233) ADD200B         LD    R2 TWOH
(30FA) 1B42  0001101101000010 ( 234)                 ADD   R5 R5 R2
(30FB) E6CF  1110011011001111 ( 238) PASSB           LEA   R3 ARRAY
(30FC) 16C5  0001011011000101 ( 239)                 ADD   R3 R3 R5
(30FD) 66C0  0110011011000000 ( 240)                 LDR   R3 R3 #0
(30FE) 37DC  0011011111011100 ( 241)                 ST    R3 RETCHAR
(30FF) C1C0  1100000111000000 ( 242)                 RET   
(3100) 3FD9  0011111111011001 ( 248) ENCRYPTSUB      ST    R7 RETSAVE
(3101) 5920  0101100100100000 ( 249)                 AND   R4 R4 #0
(3102) 1921  0001100100100001 ( 250)                 ADD   R4 R4 #1
(3103) 39D8  0011100111011000 ( 251)                 ST    R4 RI
(3104) 5260  0101001001100000 ( 253)                 AND   R1 R1 #0
(3105) 54A0  0101010010100000 ( 254)                 AND   R2 R2 #0
(3106) 56E0  0101011011100000 ( 255)                 AND   R3 R3 #0
(3107) 5920  0101100100100000 ( 256)                 AND   R4 R4 #0
(3108) 5B60  0101101101100000 ( 257)                 AND   R5 R5 #0
(3109) 5DA0  0101110110100000 ( 258)                 AND   R6 R6 #0
(310A) 5FE0  0101111111100000 ( 259)                 AND   R7 R7 #0
(310B) 25D3  0010010111010011 ( 261)                 LD    R2 UPPERSTART
(310C) 27D3  0010011111010011 ( 262)                 LD    R3 UPPEREND
(310D) 94BF  1001010010111111 ( 264)                 NOT   R2 R2
(310E) 14A1  0001010010100001 ( 265)                 ADD   R2 R2 #1
(310F) 96FF  1001011011111111 ( 267)                 NOT   R3 R3
(3110) 16E1  0001011011100001 ( 268)                 ADD   R3 R3 #1
(3111) 23C9  0010001111001001 ( 270)                 LD    R1 RETCHAR
(3112) 1A42  0001101001000010 ( 271)                 ADD   R5 R1 R2
(3113) 0601  0000011000000001 ( 272)                 BRZP  UPPERRANGEMAYBE
(3114) 082F  0000100000101111 ( 273)                 BRN   STOREFINISH
(3115) 5B60  0101101101100000 ( 276) UPPERRANGEMAYBE AND   R5 R5 #0
(3116) 1A43  0001101001000011 ( 277)                 ADD   R5 R1 R3
(3117) 0C01  0000110000000001 ( 278)                 BRNZ  UPPERRANGE
(3118) 0203  0000001000000011 ( 279)                 BRP   INTERMEDIATERANGE
(3119) 25C5  0010010111000101 ( 282) UPPERRANGE      LD    R2 UPPERSTART
(311A) 1902  0001100100000010 ( 283)                 ADD   R4 R4 R2
(311B) 0E12  0000111000010010 ( 284)                 BRNZP ADDROT
(311C) 5B60  0101101101100000 ( 287) INTERMEDIATERANGE AND   R5 R5 #0
(311D) 2DC3  0010110111000011 ( 288)                 LD    R6 LOWERSTART
(311E) 2FC3  0010111111000011 ( 289)                 LD    R7 LOWEREND
(311F) 9DBF  1001110110111111 ( 291)                 NOT   R6 R6
(3120) 1DA1  0001110110100001 ( 292)                 ADD   R6 R6 #1
(3121) 9FFF  1001111111111111 ( 294)                 NOT   R7 R7
(3122) 1FE1  0001111111100001 ( 295)                 ADD   R7 R7 #1
(3123) 1A46  0001101001000110 ( 297)                 ADD   R5 R1 R6
(3124) 0601  0000011000000001 ( 298)                 BRZP  LOWERRANGEMAYBE
(3125) 081E  0000100000011110 ( 299)                 BRN   STOREFINISH
(3126) 5B60  0101101101100000 ( 302) LOWERRANGEMAYBE AND   R5 R5 #0
(3127) 1A47  0001101001000111 ( 303)                 ADD   R5 R1 R7
(3128) 0C01  0000110000000001 ( 304)                 BRNZ  LOWERRANGE
(3129) 021A  0000001000011010 ( 305)                 BRP   STOREFINISH
(312A) 25B6  0010010110110110 ( 308) LOWERRANGE      LD    R2 LOWERSTART
(312B) 5920  0101100100100000 ( 309)                 AND   R4 R4 #0
(312C) 1902  0001100100000010 ( 310)                 ADD   R4 R4 R2
(312D) 0E00  0000111000000000 ( 311)                 BRNZP ADDROT
(312E) 56E0  0101011011100000 ( 314) ADDROT          AND   R3 R3 #0
(312F) 5B60  0101101101100000 ( 315)                 AND   R5 R5 #0
(3130) 5DA0  0101110110100000 ( 316)                 AND   R6 R6 #0
(3131) 5FE0  0101111111100000 ( 317)                 AND   R7 R7 #0
(3132) 54A0  0101010010100000 ( 318)                 AND   R2 R2 #0
(3133) 2FA3  0010111110100011 ( 320)                 LD    R7 CIPHERSUM
(3134) 25AE  0010010110101110 ( 321)                 LD    R2 ALPHAEND
(3135) 94BF  1001010010111111 ( 322)                 NOT   R2 R2
(3136) 14A1  0001010010100001 ( 323)                 ADD   R2 R2 #1
(3137) 1B44  0001101101000100 ( 325)                 ADD   R5 R5 R4
(3138) 9B7F  1001101101111111 ( 327)                 NOT   R5 R5
(3139) 1B61  0001101101100001 ( 328)                 ADD   R5 R5 #1
(313A) 1645  0001011001000101 ( 330)                 ADD   R3 R1 R5
(313B) 1CC7  0001110011000111 ( 331)                 ADD   R6 R3 R7
(313C) 1B82  0001101110000010 ( 332)                 ADD   R5 R6 R2
(313D) 0601  0000011000000001 ( 333)                 BRZP  FIXROT
(313E) 0802  0000100000000010 ( 334)                 BRN   FINISHROT
(313F) 5DA0  0101110110100000 ( 337) FIXROT          AND   R6 R6 #0
(3140) 1D60  0001110101100000 ( 338)                 ADD   R6 R5 #0
(3141) 5020  0101000000100000 ( 341) FINISHROT       AND   R0 R0 #0
(3142) 1106  0001000100000110 ( 342)                 ADD   R0 R4 R6
(3143) 3197  0011000110010111 ( 343)                 ST    R0 RETCHAR
(3144) 4F9F  0100111110011111 ( 346) STOREFINISH     JSR   STORESUB
(3145) 2F94  0010111110010100 ( 347)                 LD    R7 RETSAVE
(3146) C1C0  1100000111000000 ( 348)                 RET   
(3147) 3F92  0011111110010010 ( 354) DECRYPTSUB      ST    R7 RETSAVE
(3148) 5920  0101100100100000 ( 355)                 AND   R4 R4 #0
(3149) 1921  0001100100100001 ( 356)                 ADD   R4 R4 #1
(314A) 3991  0011100110010001 ( 357)                 ST    R4 RI
(314B) 5260  0101001001100000 ( 359)                 AND   R1 R1 #0
(314C) 54A0  0101010010100000 ( 360)                 AND   R2 R2 #0
(314D) 56E0  0101011011100000 ( 361)                 AND   R3 R3 #0
(314E) 5920  0101100100100000 ( 362)                 AND   R4 R4 #0
(314F) 5B60  0101101101100000 ( 363)                 AND   R5 R5 #0
(3150) 5DA0  0101110110100000 ( 364)                 AND   R6 R6 #0
(3151) 5FE0  0101111111100000 ( 365)                 AND   R7 R7 #0
(3152) 258C  0010010110001100 ( 367)                 LD    R2 UPPERSTART
(3153) 278C  0010011110001100 ( 368)                 LD    R3 UPPEREND
(3154) 94BF  1001010010111111 ( 370)                 NOT   R2 R2
(3155) 14A1  0001010010100001 ( 371)                 ADD   R2 R2 #1
(3156) 96FF  1001011011111111 ( 373)                 NOT   R3 R3
(3157) 16E1  0001011011100001 ( 374)                 ADD   R3 R3 #1
(3158) 2382  0010001110000010 ( 376)                 LD    R1 RETCHAR
(3159) 1A42  0001101001000010 ( 377)                 ADD   R5 R1 R2
(315A) 0601  0000011000000001 ( 378)                 BRZP  UPPERRANGEMAYBEA
(315B) 0830  0000100000110000 ( 379)                 BRN   STOREFINISHA
(315C) 5B60  0101101101100000 ( 382) UPPERRANGEMAYBEA AND   R5 R5 #0
(315D) 1A43  0001101001000011 ( 383)                 ADD   R5 R1 R3
(315E) 0C01  0000110000000001 ( 384)                 BRNZ  UPPERRANGEA
(315F) 0203  0000001000000011 ( 385)                 BRP   INTERMEDIATERANGEA
(3160) 257E  0010010101111110 ( 388) UPPERRANGEA     LD    R2 UPPERSTART
(3161) 1902  0001100100000010 ( 389)                 ADD   R4 R4 R2
(3162) 0E12  0000111000010010 ( 390)                 BRNZP ADDROTA
(3163) 5B60  0101101101100000 ( 393) INTERMEDIATERANGEA AND   R5 R5 #0
(3164) 2D7C  0010110101111100 ( 394)                 LD    R6 LOWERSTART
(3165) 2F7C  0010111101111100 ( 395)                 LD    R7 LOWEREND
(3166) 9DBF  1001110110111111 ( 397)                 NOT   R6 R6
(3167) 1DA1  0001110110100001 ( 398)                 ADD   R6 R6 #1
(3168) 9FFF  1001111111111111 ( 400)                 NOT   R7 R7
(3169) 1FE1  0001111111100001 ( 401)                 ADD   R7 R7 #1
(316A) 1A46  0001101001000110 ( 403)                 ADD   R5 R1 R6
(316B) 0601  0000011000000001 ( 404)                 BRZP  LOWERRANGEMAYBEA
(316C) 081F  0000100000011111 ( 405)                 BRN   STOREFINISHA
(316D) 5B60  0101101101100000 ( 408) LOWERRANGEMAYBEA AND   R5 R5 #0
(316E) 1A47  0001101001000111 ( 409)                 ADD   R5 R1 R7
(316F) 0C01  0000110000000001 ( 410)                 BRNZ  LOWERRANGEA
(3170) 021B  0000001000011011 ( 411)                 BRP   STOREFINISHA
(3171) 256F  0010010101101111 ( 414) LOWERRANGEA     LD    R2 LOWERSTART
(3172) 5920  0101100100100000 ( 415)                 AND   R4 R4 #0
(3173) 1902  0001100100000010 ( 416)                 ADD   R4 R4 R2
(3174) 0E00  0000111000000000 ( 417)                 BRNZP ADDROTA
(3175) 56E0  0101011011100000 ( 420) ADDROTA         AND   R3 R3 #0
(3176) 5B60  0101101101100000 ( 421)                 AND   R5 R5 #0
(3177) 5DA0  0101110110100000 ( 422)                 AND   R6 R6 #0
(3178) 5FE0  0101111111100000 ( 423)                 AND   R7 R7 #0
(3179) 54A0  0101010010100000 ( 424)                 AND   R2 R2 #0
(317A) 2F5C  0010111101011100 ( 426)                 LD    R7 CIPHERSUM
(317B) 9FFF  1001111111111111 ( 427)                 NOT   R7 R7
(317C) 1FE1  0001111111100001 ( 428)                 ADD   R7 R7 #1
(317D) 2565  0010010101100101 ( 430)                 LD    R2 ALPHAEND
(317E) 94BF  1001010010111111 ( 431)                 NOT   R2 R2
(317F) 14A1  0001010010100001 ( 432)                 ADD   R2 R2 #1
(3180) 1B44  0001101101000100 ( 434)                 ADD   R5 R5 R4
(3181) 9B7F  1001101101111111 ( 436)                 NOT   R5 R5
(3182) 1B61  0001101101100001 ( 437)                 ADD   R5 R5 #1
(3183) 1645  0001011001000101 ( 439)                 ADD   R3 R1 R5
(3184) 1CC7  0001110011000111 ( 440)                 ADD   R6 R3 R7
(3185) 0801  0000100000000001 ( 441)                 BRN   FIXROTA
(3186) 0602  0000011000000010 ( 442)                 BRZP  FINISHROTA
(3187) 255B  0010010101011011 ( 445) FIXROTA         LD    R2 ALPHAEND
(3188) 1D82  0001110110000010 ( 446)                 ADD   R6 R6 R2
(3189) 5020  0101000000100000 ( 449) FINISHROTA      AND   R0 R0 #0
(318A) 1106  0001000100000110 ( 450)                 ADD   R0 R4 R6
(318B) 314F  0011000101001111 ( 451)                 ST    R0 RETCHAR
(318C) 4F57  0100111101010111 ( 454) STOREFINISHA    JSR   STORESUB
(318D) 2F4C  0010111101001100 ( 455)                 LD    R7 RETSAVE
(318E) C1C0  1100000111000000 ( 456)                 RET   
(318F) 3F4A  0011111101001010 ( 462) PRINTSUB        ST    R7 RETSAVE
(3190) 56E0  0101011011100000 ( 464)                 AND   R3 R3 #0
(3191) 5260  0101001001100000 ( 465)                 AND   R1 R1 #0
(3192) 5B60  0101101101100000 ( 466)                 AND   R5 R5 #0
(3193) 5DA0  0101110110100000 ( 467)                 AND   R6 R6 #0
(3194) 54A0  0101010010100000 ( 468)                 AND   R2 R2 #0
(3195) 2B40  0010101101000000 ( 470)                 LD    R5 CIPHERFLAG
(3196) 0201  0000001000000001 ( 471)                 BRP   ENCLOADA
(3197) 0402  0000010000000010 ( 472)                 BRZ   DECLOADA
(3198) E121  1110000100100001 ( 475) ENCLOADA        LEA   R0 ENCRYPTSTR
(3199) 0E05  0000111000000101 ( 476)                 BRNZP AFTERA
(319A) E12D  1110000100101101 ( 479) DECLOADA        LEA   R0 DECRYPTSTR
(319B) 0E03  0000111000000011 ( 480)                 BRNZP AFTERA
(319C) 2541  0010010101000001 ( 482)                 LD    R2 TWOH
(319D) 94BF  1001010010111111 ( 483)                 NOT   R2 R2
(319E) 14A1  0001010010100001 ( 484)                 ADD   R2 R2 #1
(319F) F022  1111000000100010 ( 487) AFTERA          TRAP  x22
(31A0) 333B  0011001100111011 ( 490) PRINTLOOPA      ST    R1 RI
(31A1) 373B  0011011100111011 ( 491)                 ST    R3 CI
(31A2) 4F4F  0100111101001111 ( 492)                 JSR   LOADSUB
(31A3) 2137  0010000100110111 ( 493)                 LD    R0 RETCHAR
(31A4) F021  1111000000100001 ( 494)                 TRAP  x21
(31A5) 2538  0010010100111000 ( 495)                 LD    R2 TWOH
(31A6) 94BF  1001010010111111 ( 496)                 NOT   R2 R2
(31A7) 14A1  0001010010100001 ( 497)                 ADD   R2 R2 #1
(31A8) 2734  0010011100110100 ( 498)                 LD    R3 CI
(31A9) 16E1  0001011011100001 ( 499)                 ADD   R3 R3 #1
(31AA) 3732  0011011100110010 ( 500)                 ST    R3 CI
(31AB) 5DA0  0101110110100000 ( 501)                 AND   R6 R6 #0
(31AC) 1CC2  0001110011000010 ( 502)                 ADD   R6 R3 R2
(31AD) 09F2  0000100111110010 ( 503)                 BRN   PRINTLOOPA
(31AE) 2B27  0010101100100111 ( 505)                 LD    R5 CIPHERFLAG
(31AF) 0201  0000001000000001 ( 506)                 BRP   ENCLOADB
(31B0) 0402  0000010000000010 ( 507)                 BRZ   DECLOADB
(31B1) E116  1110000100010110 ( 510) ENCLOADB        LEA   R0 DECRYPTSTR
(31B2) 0E03  0000111000000011 ( 511)                 BRNZP AFTERB
(31B3) E106  1110000100000110 ( 514) DECLOADB        LEA   R0 ENCRYPTSTR
(31B4) 0E01  0000111000000001 ( 515)                 BRNZP AFTERB
(31B5) 16E1  0001011011100001 ( 519)                 ADD   R3 R3 #1
(31B6) F022  1111000000100010 ( 522) AFTERB          TRAP  x22
(31B7) 3324  0011001100100100 ( 525) PRINTLOOPB      ST    R1 RI
(31B8) 3724  0011011100100100 ( 526)                 ST    R3 CI
(31B9) 4F38  0100111100111000 ( 527)                 JSR   LOADSUB
(31BA) 2120  0010000100100000 ( 528)                 LD    R0 RETCHAR
(31BB) F021  1111000000100001 ( 529)                 TRAP  x21
(31BC) 2521  0010010100100001 ( 530)                 LD    R2 TWOH
(31BD) 1482  0001010010000010 ( 531)                 ADD   R2 R2 R2
(31BE) 94BF  1001010010111111 ( 532)                 NOT   R2 R2
(31BF) 14A1  0001010010100001 ( 533)                 ADD   R2 R2 #1
(31C0) 271C  0010011100011100 ( 534)                 LD    R3 CI
(31C1) 16E1  0001011011100001 ( 535)                 ADD   R3 R3 #1
(31C2) 371A  0011011100011010 ( 536)                 ST    R3 CI
(31C3) 5DA0  0101110110100000 ( 537)                 AND   R6 R6 #0
(31C4) 1CC2  0001110011000010 ( 538)                 ADD   R6 R3 R2
(31C5) 09F1  0000100111110001 ( 539)                 BRN   PRINTLOOPB
(31C6) 5020  0101000000100000 ( 541)                 AND   R0 R0 #0
(31C7) 102A  0001000000101010 ( 542)                 ADD   R0 R0 #10
(31C8) F021  1111000000100001 ( 543)                 TRAP  x21
(31C9) 2F10  0010111100010000 ( 545)                 LD    R7 RETSAVE
(31CA) C1C0  1100000111000000 ( 546)                 RET   
(31CB) 0000  0000000000000000 ( 551) ARRAY           .FILL x0000
(31CC) 0000  0000000000000000 ( 551)                 .FILL x0000
(31CD) 0000  0000000000000000 ( 551)                 .FILL x0000
(31CE) 0000  0000000000000000 ( 551)                 .FILL x0000
(31CF) 0000  0000000000000000 ( 551)                 .FILL x0000
(31D0) 0000  0000000000000000 ( 551)                 .FILL x0000
(31D1) 0000  0000000000000000 ( 551)                 .FILL x0000
(31D2) 0000  0000000000000000 ( 551)                 .FILL x0000
(31D3) 0000  0000000000000000 ( 551)                 .FILL x0000
(31D4) 0000  0000000000000000 ( 551)                 .FILL x0000
(31D5) 0000  0000000000000000 ( 551)                 .FILL x0000
(31D6) 0000  0000000000000000 ( 551)                 .FILL x0000
(31D7) 0000  0000000000000000 ( 551)                 .FILL x0000
(31D8) 0000  0000000000000000 ( 551)                 .FILL x0000
(31D9) 0000  0000000000000000 ( 551)                 .FILL x0000
(31DA) 0000  0000000000000000 ( 551)                 .FILL x0000
(31DB) 0000  0000000000000000 ( 551)                 .FILL x0000
(31DC) 0000  0000000000000000 ( 551)                 .FILL x0000
(31DD) 0000  0000000000000000 ( 551)                 .FILL x0000
(31DE) 0000  0000000000000000 ( 551)                 .FILL x0000
(31DF) 0000  0000000000000000 ( 551)                 .FILL x0000
(31E0) 0000  0000000000000000 ( 551)                 .FILL x0000
(31E1) 0000  0000000000000000 ( 551)                 .FILL x0000
(31E2) 0000  0000000000000000 ( 551)                 .FILL x0000
(31E3) 0000  0000000000000000 ( 551)                 .FILL x0000
(31E4) 0000  0000000000000000 ( 551)                 .FILL x0000
(31E5) 0000  0000000000000000 ( 551)                 .FILL x0000
(31E6) 0000  0000000000000000 ( 551)                 .FILL x0000
(31E7) 0000  0000000000000000 ( 551)                 .FILL x0000
(31E8) 0000  0000000000000000 ( 551)                 .FILL x0000
(31E9) 0000  0000000000000000 ( 551)                 .FILL x0000
(31EA) 0000  0000000000000000 ( 551)                 .FILL x0000
(31EB) 0000  0000000000000000 ( 551)                 .FILL x0000
(31EC) 0000  0000000000000000 ( 551)                 .FILL x0000
(31ED) 0000  0000000000000000 ( 551)                 .FILL x0000
(31EE) 0000  0000000000000000 ( 551)                 .FILL x0000
(31EF) 0000  0000000000000000 ( 551)                 .FILL x0000
(31F0) 0000  0000000000000000 ( 551)                 .FILL x0000
(31F1) 0000  0000000000000000 ( 551)                 .FILL x0000
(31F2) 0000  0000000000000000 ( 551)                 .FILL x0000
(31F3) 0000  0000000000000000 ( 551)                 .FILL x0000
(31F4) 0000  0000000000000000 ( 551)                 .FILL x0000
(31F5) 0000  0000000000000000 ( 551)                 .FILL x0000
(31F6) 0000  0000000000000000 ( 551)                 .FILL x0000
(31F7) 0000  0000000000000000 ( 551)                 .FILL x0000
(31F8) 0000  0000000000000000 ( 551)                 .FILL x0000
(31F9) 0000  0000000000000000 ( 551)                 .FILL x0000
(31FA) 0000  0000000000000000 ( 551)                 .FILL x0000
(31FB) 0000  0000000000000000 ( 551)                 .FILL x0000
(31FC) 0000  0000000000000000 ( 551)                 .FILL x0000
(31FD) 0000  0000000000000000 ( 551)                 .FILL x0000
(31FE) 0000  0000000000000000 ( 551)                 .FILL x0000
(31FF) 0000  0000000000000000 ( 551)                 .FILL x0000
(3200) 0000  0000000000000000 ( 551)                 .FILL x0000
(3201) 0000  0000000000000000 ( 551)                 .FILL x0000
(3202) 0000  0000000000000000 ( 551)                 .FILL x0000
(3203) 0000  0000000000000000 ( 551)                 .FILL x0000
(3204) 0000  0000000000000000 ( 551)                 .FILL x0000
(3205) 0000  0000000000000000 ( 551)                 .FILL x0000
(3206) 0000  0000000000000000 ( 551)                 .FILL x0000
(3207) 0000  0000000000000000 ( 551)                 .FILL x0000
(3208) 0000  0000000000000000 ( 551)                 .FILL x0000
(3209) 0000  0000000000000000 ( 551)                 .FILL x0000
(320A) 0000  0000000000000000 ( 551)                 .FILL x0000
(320B) 0000  0000000000000000 ( 551)                 .FILL x0000
(320C) 0000  0000000000000000 ( 551)                 .FILL x0000
(320D) 0000  0000000000000000 ( 551)                 .FILL x0000
(320E) 0000  0000000000000000 ( 551)                 .FILL x0000
(320F) 0000  0000000000000000 ( 551)                 .FILL x0000
(3210) 0000  0000000000000000 ( 551)                 .FILL x0000
(3211) 0000  0000000000000000 ( 551)                 .FILL x0000
(3212) 0000  0000000000000000 ( 551)                 .FILL x0000
(3213) 0000  0000000000000000 ( 551)                 .FILL x0000
(3214) 0000  0000000000000000 ( 551)                 .FILL x0000
(3215) 0000  0000000000000000 ( 551)                 .FILL x0000
(3216) 0000  0000000000000000 ( 551)                 .FILL x0000
(3217) 0000  0000000000000000 ( 551)                 .FILL x0000
(3218) 0000  0000000000000000 ( 551)                 .FILL x0000
(3219) 0000  0000000000000000 ( 551)                 .FILL x0000
(321A) 0000  0000000000000000 ( 551)                 .FILL x0000
(321B) 0000  0000000000000000 ( 551)                 .FILL x0000
(321C) 0000  0000000000000000 ( 551)                 .FILL x0000
(321D) 0000  0000000000000000 ( 551)                 .FILL x0000
(321E) 0000  0000000000000000 ( 551)                 .FILL x0000
(321F) 0000  0000000000000000 ( 551)                 .FILL x0000
(3220) 0000  0000000000000000 ( 551)                 .FILL x0000
(3221) 0000  0000000000000000 ( 551)                 .FILL x0000
(3222) 0000  0000000000000000 ( 551)                 .FILL x0000
(3223) 0000  0000000000000000 ( 551)                 .FILL x0000
(3224) 0000  0000000000000000 ( 551)                 .FILL x0000
(3225) 0000  0000000000000000 ( 551)                 .FILL x0000
(3226) 0000  0000000000000000 ( 551)                 .FILL x0000
(3227) 0000  0000000000000000 ( 551)                 .FILL x0000
(3228) 0000  0000000000000000 ( 551)                 .FILL x0000
(3229) 0000  0000000000000000 ( 551)                 .FILL x0000
(322A) 0000  0000000000000000 ( 551)                 .FILL x0000
(322B) 0000  0000000000000000 ( 551)                 .FILL x0000
(322C) 0000  0000000000000000 ( 551)                 .FILL x0000
(322D) 0000  0000000000000000 ( 551)                 .FILL x0000
(322E) 0000  0000000000000000 ( 551)                 .FILL x0000
(322F) 0000  0000000000000000 ( 551)                 .FILL x0000
(3230) 0000  0000000000000000 ( 551)                 .FILL x0000
(3231) 0000  0000000000000000 ( 551)                 .FILL x0000
(3232) 0000  0000000000000000 ( 551)                 .FILL x0000
(3233) 0000  0000000000000000 ( 551)                 .FILL x0000
(3234) 0000  0000000000000000 ( 551)                 .FILL x0000
(3235) 0000  0000000000000000 ( 551)                 .FILL x0000
(3236) 0000  0000000000000000 ( 551)                 .FILL x0000
(3237) 0000  0000000000000000 ( 551)                 .FILL x0000
(3238) 0000  0000000000000000 ( 551)                 .FILL x0000
(3239) 0000  0000000000000000 ( 551)                 .FILL x0000
(323A) 0000  0000000000000000 ( 551)                 .FILL x0000
(323B) 0000  0000000000000000 ( 551)                 .FILL x0000
(323C) 0000  0000000000000000 ( 551)                 .FILL x0000
(323D) 0000  0000000000000000 ( 551)                 .FILL x0000
(323E) 0000  0000000000000000 ( 551)                 .FILL x0000
(323F) 0000  0000000000000000 ( 551)                 .FILL x0000
(3240) 0000  0000000000000000 ( 551)                 .FILL x0000
(3241) 0000  0000000000000000 ( 551)                 .FILL x0000
(3242) 0000  0000000000000000 ( 551)                 .FILL x0000
(3243) 0000  0000000000000000 ( 551)                 .FILL x0000
(3244) 0000  0000000000000000 ( 551)                 .FILL x0000
(3245) 0000  0000000000000000 ( 551)                 .FILL x0000
(3246) 0000  0000000000000000 ( 551)                 .FILL x0000
(3247) 0000  0000000000000000 ( 551)                 .FILL x0000
(3248) 0000  0000000000000000 ( 551)                 .FILL x0000
(3249) 0000  0000000000000000 ( 551)                 .FILL x0000
(324A) 0000  0000000000000000 ( 551)                 .FILL x0000
(324B) 0000  0000000000000000 ( 551)                 .FILL x0000
(324C) 0000  0000000000000000 ( 551)                 .FILL x0000
(324D) 0000  0000000000000000 ( 551)                 .FILL x0000
(324E) 0000  0000000000000000 ( 551)                 .FILL x0000
(324F) 0000  0000000000000000 ( 551)                 .FILL x0000
(3250) 0000  0000000000000000 ( 551)                 .FILL x0000
(3251) 0000  0000000000000000 ( 551)                 .FILL x0000
(3252) 0000  0000000000000000 ( 551)                 .FILL x0000
(3253) 0000  0000000000000000 ( 551)                 .FILL x0000
(3254) 0000  0000000000000000 ( 551)                 .FILL x0000
(3255) 0000  0000000000000000 ( 551)                 .FILL x0000
(3256) 0000  0000000000000000 ( 551)                 .FILL x0000
(3257) 0000  0000000000000000 ( 551)                 .FILL x0000
(3258) 0000  0000000000000000 ( 551)                 .FILL x0000
(3259) 0000  0000000000000000 ( 551)                 .FILL x0000
(325A) 0000  0000000000000000 ( 551)                 .FILL x0000
(325B) 0000  0000000000000000 ( 551)                 .FILL x0000
(325C) 0000  0000000000000000 ( 551)                 .FILL x0000
(325D) 0000  0000000000000000 ( 551)                 .FILL x0000
(325E) 0000  0000000000000000 ( 551)                 .FILL x0000
(325F) 0000  0000000000000000 ( 551)                 .FILL x0000
(3260) 0000  0000000000000000 ( 551)                 .FILL x0000
(3261) 0000  0000000000000000 ( 551)                 .FILL x0000
(3262) 0000  0000000000000000 ( 551)                 .FILL x0000
(3263) 0000  0000000000000000 ( 551)                 .FILL x0000
(3264) 0000  0000000000000000 ( 551)                 .FILL x0000
(3265) 0000  0000000000000000 ( 551)                 .FILL x0000
(3266) 0000  0000000000000000 ( 551)                 .FILL x0000
(3267) 0000  0000000000000000 ( 551)                 .FILL x0000
(3268) 0000  0000000000000000 ( 551)                 .FILL x0000
(3269) 0000  0000000000000000 ( 551)                 .FILL x0000
(326A) 0000  0000000000000000 ( 551)                 .FILL x0000
(326B) 0000  0000000000000000 ( 551)                 .FILL x0000
(326C) 0000  0000000000000000 ( 551)                 .FILL x0000
(326D) 0000  0000000000000000 ( 551)                 .FILL x0000
(326E) 0000  0000000000000000 ( 551)                 .FILL x0000
(326F) 0000  0000000000000000 ( 551)                 .FILL x0000
(3270) 0000  0000000000000000 ( 551)                 .FILL x0000
(3271) 0000  0000000000000000 ( 551)                 .FILL x0000
(3272) 0000  0000000000000000 ( 551)                 .FILL x0000
(3273) 0000  0000000000000000 ( 551)                 .FILL x0000
(3274) 0000  0000000000000000 ( 551)                 .FILL x0000
(3275) 0000  0000000000000000 ( 551)                 .FILL x0000
(3276) 0000  0000000000000000 ( 551)                 .FILL x0000
(3277) 0000  0000000000000000 ( 551)                 .FILL x0000
(3278) 0000  0000000000000000 ( 551)                 .FILL x0000
(3279) 0000  0000000000000000 ( 551)                 .FILL x0000
(327A) 0000  0000000000000000 ( 551)                 .FILL x0000
(327B) 0000  0000000000000000 ( 551)                 .FILL x0000
(327C) 0000  0000000000000000 ( 551)                 .FILL x0000
(327D) 0000  0000000000000000 ( 551)                 .FILL x0000
(327E) 0000  0000000000000000 ( 551)                 .FILL x0000
(327F) 0000  0000000000000000 ( 551)                 .FILL x0000
(3280) 0000  0000000000000000 ( 551)                 .FILL x0000
(3281) 0000  0000000000000000 ( 551)                 .FILL x0000
(3282) 0000  0000000000000000 ( 551)                 .FILL x0000
(3283) 0000  0000000000000000 ( 551)                 .FILL x0000
(3284) 0000  0000000000000000 ( 551)                 .FILL x0000
(3285) 0000  0000000000000000 ( 551)                 .FILL x0000
(3286) 0000  0000000000000000 ( 551)                 .FILL x0000
(3287) 0000  0000000000000000 ( 551)                 .FILL x0000
(3288) 0000  0000000000000000 ( 551)                 .FILL x0000
(3289) 0000  0000000000000000 ( 551)                 .FILL x0000
(328A) 0000  0000000000000000 ( 551)                 .FILL x0000
(328B) 0000  0000000000000000 ( 551)                 .FILL x0000
(328C) 0000  0000000000000000 ( 551)                 .FILL x0000
(328D) 0000  0000000000000000 ( 551)                 .FILL x0000
(328E) 0000  0000000000000000 ( 551)                 .FILL x0000
(328F) 0000  0000000000000000 ( 551)                 .FILL x0000
(3290) 0000  0000000000000000 ( 551)                 .FILL x0000
(3291) 0000  0000000000000000 ( 551)                 .FILL x0000
(3292) 0000  0000000000000000 ( 551)                 .FILL x0000
(3293) 0000  0000000000000000 ( 551)                 .FILL x0000
(3294) 0000  0000000000000000 ( 551)                 .FILL x0000
(3295) 0000  0000000000000000 ( 551)                 .FILL x0000
(3296) 0000  0000000000000000 ( 551)                 .FILL x0000
(3297) 0000  0000000000000000 ( 551)                 .FILL x0000
(3298) 0000  0000000000000000 ( 551)                 .FILL x0000
(3299) 0000  0000000000000000 ( 551)                 .FILL x0000
(329A) 0000  0000000000000000 ( 551)                 .FILL x0000
(329B) 0000  0000000000000000 ( 551)                 .FILL x0000
(329C) 0000  0000000000000000 ( 551)                 .FILL x0000
(329D) 0000  0000000000000000 ( 551)                 .FILL x0000
(329E) 0000  0000000000000000 ( 551)                 .FILL x0000
(329F) 0000  0000000000000000 ( 551)                 .FILL x0000
(32A0) 0000  0000000000000000 ( 551)                 .FILL x0000
(32A1) 0000  0000000000000000 ( 551)                 .FILL x0000
(32A2) 0000  0000000000000000 ( 551)                 .FILL x0000
(32A3) 0000  0000000000000000 ( 551)                 .FILL x0000
(32A4) 0000  0000000000000000 ( 551)                 .FILL x0000
(32A5) 0000  0000000000000000 ( 551)                 .FILL x0000
(32A6) 0000  0000000000000000 ( 551)                 .FILL x0000
(32A7) 0000  0000000000000000 ( 551)                 .FILL x0000
(32A8) 0000  0000000000000000 ( 551)                 .FILL x0000
(32A9) 0000  0000000000000000 ( 551)                 .FILL x0000
(32AA) 0000  0000000000000000 ( 551)                 .FILL x0000
(32AB) 0000  0000000000000000 ( 551)                 .FILL x0000
(32AC) 0000  0000000000000000 ( 551)                 .FILL x0000
(32AD) 0000  0000000000000000 ( 551)                 .FILL x0000
(32AE) 0000  0000000000000000 ( 551)                 .FILL x0000
(32AF) 0000  0000000000000000 ( 551)                 .FILL x0000
(32B0) 0000  0000000000000000 ( 551)                 .FILL x0000
(32B1) 0000  0000000000000000 ( 551)                 .FILL x0000
(32B2) 0000  0000000000000000 ( 551)                 .FILL x0000
(32B3) 0000  0000000000000000 ( 551)                 .FILL x0000
(32B4) 0000  0000000000000000 ( 551)                 .FILL x0000
(32B5) 0000  0000000000000000 ( 551)                 .FILL x0000
(32B6) 0000  0000000000000000 ( 551)                 .FILL x0000
(32B7) 0000  0000000000000000 ( 551)                 .FILL x0000
(32B8) 0000  0000000000000000 ( 551)                 .FILL x0000
(32B9) 0000  0000000000000000 ( 551)                 .FILL x0000
(32BA) 0000  0000000000000000 ( 551)                 .FILL x0000
(32BB) 0000  0000000000000000 ( 551)                 .FILL x0000
(32BC) 0000  0000000000000000 ( 551)                 .FILL x0000
(32BD) 0000  0000000000000000 ( 551)                 .FILL x0000
(32BE) 0000  0000000000000000 ( 551)                 .FILL x0000
(32BF) 0000  0000000000000000 ( 551)                 .FILL x0000
(32C0) 0000  0000000000000000 ( 551)                 .FILL x0000
(32C1) 0000  0000000000000000 ( 551)                 .FILL x0000
(32C2) 0000  0000000000000000 ( 551)                 .FILL x0000
(32C3) 0000  0000000000000000 ( 551)                 .FILL x0000
(32C4) 0000  0000000000000000 ( 551)                 .FILL x0000
(32C5) 0000  0000000000000000 ( 551)                 .FILL x0000
(32C6) 0000  0000000000000000 ( 551)                 .FILL x0000
(32C7) 0000  0000000000000000 ( 551)                 .FILL x0000
(32C8) 0000  0000000000000000 ( 551)                 .FILL x0000
(32C9) 0000  0000000000000000 ( 551)                 .FILL x0000
(32CA) 0000  0000000000000000 ( 551)                 .FILL x0000
(32CB) 0000  0000000000000000 ( 551)                 .FILL x0000
(32CC) 0000  0000000000000000 ( 551)                 .FILL x0000
(32CD) 0000  0000000000000000 ( 551)                 .FILL x0000
(32CE) 0000  0000000000000000 ( 551)                 .FILL x0000
(32CF) 0000  0000000000000000 ( 551)                 .FILL x0000
(32D0) 0000  0000000000000000 ( 551)                 .FILL x0000
(32D1) 0000  0000000000000000 ( 551)                 .FILL x0000
(32D2) 0000  0000000000000000 ( 551)                 .FILL x0000
(32D3) 0000  0000000000000000 ( 551)                 .FILL x0000
(32D4) 0000  0000000000000000 ( 551)                 .FILL x0000
(32D5) 0000  0000000000000000 ( 551)                 .FILL x0000
(32D6) 0000  0000000000000000 ( 551)                 .FILL x0000
(32D7) 0000  0000000000000000 ( 551)                 .FILL x0000
(32D8) 0000  0000000000000000 ( 551)                 .FILL x0000
(32D9) 0000  0000000000000000 ( 551)                 .FILL x0000
(32DA) 0000  0000000000000000 ( 551)                 .FILL x0000
(32DB) 0000  0000000000000000 ( 551)                 .FILL x0000
(32DC) 0000  0000000000000000 ( 551)                 .FILL x0000
(32DD) 0000  0000000000000000 ( 551)                 .FILL x0000
(32DE) 0000  0000000000000000 ( 551)                 .FILL x0000
(32DF) 0000  0000000000000000 ( 551)                 .FILL x0000
(32E0) 0000  0000000000000000 ( 551)                 .FILL x0000
(32E1) 0000  0000000000000000 ( 551)                 .FILL x0000
(32E2) 0000  0000000000000000 ( 551)                 .FILL x0000
(32E3) 0000  0000000000000000 ( 551)                 .FILL x0000
(32E4) 0000  0000000000000000 ( 551)                 .FILL x0000
(32E5) 0000  0000000000000000 ( 551)                 .FILL x0000
(32E6) 0000  0000000000000000 ( 551)                 .FILL x0000
(32E7) 0000  0000000000000000 ( 551)                 .FILL x0000
(32E8) 0000  0000000000000000 ( 551)                 .FILL x0000
(32E9) 0000  0000000000000000 ( 551)                 .FILL x0000
(32EA) 0000  0000000000000000 ( 551)                 .FILL x0000
(32EB) 0000  0000000000000000 ( 551)                 .FILL x0000
(32EC) 0000  0000000000000000 ( 551)                 .FILL x0000
(32ED) 0000  0000000000000000 ( 551)                 .FILL x0000
(32EE) 0000  0000000000000000 ( 551)                 .FILL x0000
(32EF) 0000  0000000000000000 ( 551)                 .FILL x0000
(32F0) 0000  0000000000000000 ( 551)                 .FILL x0000
(32F1) 0000  0000000000000000 ( 551)                 .FILL x0000
(32F2) 0000  0000000000000000 ( 551)                 .FILL x0000
(32F3) 0000  0000000000000000 ( 551)                 .FILL x0000
(32F4) 0000  0000000000000000 ( 551)                 .FILL x0000
(32F5) 0000  0000000000000000 ( 551)                 .FILL x0000
(32F6) 0000  0000000000000000 ( 551)                 .FILL x0000
(32F7) 0000  0000000000000000 ( 551)                 .FILL x0000
(32F8) 0000  0000000000000000 ( 551)                 .FILL x0000
(32F9) 0000  0000000000000000 ( 551)                 .FILL x0000
(32FA) 0000  0000000000000000 ( 551)                 .FILL x0000
(32FB) 0000  0000000000000000 ( 551)                 .FILL x0000
(32FC) 0000  0000000000000000 ( 551)                 .FILL x0000
(32FD) 0000  0000000000000000 ( 551)                 .FILL x0000
(32FE) 0000  0000000000000000 ( 551)                 .FILL x0000
(32FF) 0000  0000000000000000 ( 551)                 .FILL x0000
(3300) 0000  0000000000000000 ( 551)                 .FILL x0000
(3301) 0000  0000000000000000 ( 551)                 .FILL x0000
(3302) 0000  0000000000000000 ( 551)                 .FILL x0000
(3303) 0000  0000000000000000 ( 551)                 .FILL x0000
(3304) 0000  0000000000000000 ( 551)                 .FILL x0000
(3305) 0000  0000000000000000 ( 551)                 .FILL x0000
(3306) 0000  0000000000000000 ( 551)                 .FILL x0000
(3307) 0000  0000000000000000 ( 551)                 .FILL x0000
(3308) 0000  0000000000000000 ( 551)                 .FILL x0000
(3309) 0000  0000000000000000 ( 551)                 .FILL x0000
(330A) 0000  0000000000000000 ( 551)                 .FILL x0000
(330B) 0000  0000000000000000 ( 551)                 .FILL x0000
(330C) 0000  0000000000000000 ( 551)                 .FILL x0000
(330D) 0000  0000000000000000 ( 551)                 .FILL x0000
(330E) 0000  0000000000000000 ( 551)                 .FILL x0000
(330F) 0000  0000000000000000 ( 551)                 .FILL x0000
(3310) 0000  0000000000000000 ( 551)                 .FILL x0000
(3311) 0000  0000000000000000 ( 551)                 .FILL x0000
(3312) 0000  0000000000000000 ( 551)                 .FILL x0000
(3313) 0000  0000000000000000 ( 551)                 .FILL x0000
(3314) 0000  0000000000000000 ( 551)                 .FILL x0000
(3315) 0000  0000000000000000 ( 551)                 .FILL x0000
(3316) 0000  0000000000000000 ( 551)                 .FILL x0000
(3317) 0000  0000000000000000 ( 551)                 .FILL x0000
(3318) 0000  0000000000000000 ( 551)                 .FILL x0000
(3319) 0000  0000000000000000 ( 551)                 .FILL x0000
(331A) 0000  0000000000000000 ( 551)                 .FILL x0000
(331B) 0000  0000000000000000 ( 551)                 .FILL x0000
(331C) 0000  0000000000000000 ( 551)                 .FILL x0000
(331D) 0000  0000000000000000 ( 551)                 .FILL x0000
(331E) 0000  0000000000000000 ( 551)                 .FILL x0000
(331F) 0000  0000000000000000 ( 551)                 .FILL x0000
(3320) 0000  0000000000000000 ( 551)                 .FILL x0000
(3321) 0000  0000000000000000 ( 551)                 .FILL x0000
(3322) 0000  0000000000000000 ( 551)                 .FILL x0000
(3323) 0000  0000000000000000 ( 551)                 .FILL x0000
(3324) 0000  0000000000000000 ( 551)                 .FILL x0000
(3325) 0000  0000000000000000 ( 551)                 .FILL x0000
(3326) 0000  0000000000000000 ( 551)                 .FILL x0000
(3327) 0000  0000000000000000 ( 551)                 .FILL x0000
(3328) 0000  0000000000000000 ( 551)                 .FILL x0000
(3329) 0000  0000000000000000 ( 551)                 .FILL x0000
(332A) 0000  0000000000000000 ( 551)                 .FILL x0000
(332B) 0000  0000000000000000 ( 551)                 .FILL x0000
(332C) 0000  0000000000000000 ( 551)                 .FILL x0000
(332D) 0000  0000000000000000 ( 551)                 .FILL x0000
(332E) 0000  0000000000000000 ( 551)                 .FILL x0000
(332F) 0000  0000000000000000 ( 551)                 .FILL x0000
(3330) 0000  0000000000000000 ( 551)                 .FILL x0000
(3331) 0000  0000000000000000 ( 551)                 .FILL x0000
(3332) 0000  0000000000000000 ( 551)                 .FILL x0000
(3333) 0000  0000000000000000 ( 551)                 .FILL x0000
(3334) 0000  0000000000000000 ( 551)                 .FILL x0000
(3335) 0000  0000000000000000 ( 551)                 .FILL x0000
(3336) 0000  0000000000000000 ( 551)                 .FILL x0000
(3337) 0000  0000000000000000 ( 551)                 .FILL x0000
(3338) 0000  0000000000000000 ( 551)                 .FILL x0000
(3339) 0000  0000000000000000 ( 551)                 .FILL x0000
(333A) 0000  0000000000000000 ( 551)                 .FILL x0000
(333B) 0000  0000000000000000 ( 551)                 .FILL x0000
(333C) 0000  0000000000000000 ( 551)                 .FILL x0000
(333D) 0000  0000000000000000 ( 551)                 .FILL x0000
(333E) 0000  0000000000000000 ( 551)                 .FILL x0000
(333F) 0000  0000000000000000 ( 551)                 .FILL x0000
(3340) 0000  0000000000000000 ( 551)                 .FILL x0000
(3341) 0000  0000000000000000 ( 551)                 .FILL x0000
(3342) 0000  0000000000000000 ( 551)                 .FILL x0000
(3343) 0000  0000000000000000 ( 551)                 .FILL x0000
(3344) 0000  0000000000000000 ( 551)                 .FILL x0000
(3345) 0000  0000000000000000 ( 551)                 .FILL x0000
(3346) 0000  0000000000000000 ( 551)                 .FILL x0000
(3347) 0000  0000000000000000 ( 551)                 .FILL x0000
(3348) 0000  0000000000000000 ( 551)                 .FILL x0000
(3349) 0000  0000000000000000 ( 551)                 .FILL x0000
(334A) 0000  0000000000000000 ( 551)                 .FILL x0000
(334B) 0000  0000000000000000 ( 551)                 .FILL x0000
(334C) 0000  0000000000000000 ( 551)                 .FILL x0000
(334D) 0000  0000000000000000 ( 551)                 .FILL x0000
(334E) 0000  0000000000000000 ( 551)                 .FILL x0000
(334F) 0000  0000000000000000 ( 551)                 .FILL x0000
(3350) 0000  0000000000000000 ( 551)                 .FILL x0000
(3351) 0000  0000000000000000 ( 551)                 .FILL x0000
(3352) 0000  0000000000000000 ( 551)                 .FILL x0000
(3353) 0000  0000000000000000 ( 551)                 .FILL x0000
(3354) 0000  0000000000000000 ( 551)                 .FILL x0000
(3355) 0000  0000000000000000 ( 551)                 .FILL x0000
(3356) 0000  0000000000000000 ( 551)                 .FILL x0000
(3357) 0000  0000000000000000 ( 551)                 .FILL x0000
(3358) 0000  0000000000000000 ( 551)                 .FILL x0000
(3359) 0000  0000000000000000 ( 551)                 .FILL x0000
(335A) 0000  0000000000000000 ( 551)                 .FILL x0000
