(0000) 3000  0011000000000000 (   1)                 .ORIG x3000
(3000) 5020  0101000000100000 (   4) REGISTERS       AND   R0 R0 #0
(3001) 5260  0101001001100000 (   5)                 AND   R1 R1 #0
(3002) 54A0  0101010010100000 (   6)                 AND   R2 R2 #0
(3003) 56E0  0101011011100000 (   7)                 AND   R3 R3 #0
(3004) 5920  0101100100100000 (   8)                 AND   R4 R4 #0
(3005) 5B60  0101101101100000 (   9)                 AND   R5 R5 #0
(3006) 5DA0  0101110110100000 (  10)                 AND   R6 R6 #0
(3007) 5FE0  0101111111100000 (  11)                 AND   R7 R7 #0
(3008) E059  1110000001011001 (  14) GREET           LEA   R0 GREETING
(3009) F022  1111000000100010 (  15)                 TRAP  x22
(300A) E085  1110000010000101 (  18) MAIN            LEA   R0 PROMPTCHAR
(300B) F022  1111000000100010 (  19)                 TRAP  x22
(300C) F020  1111000000100000 (  22) INPUT           TRAP  x20
(300D) F021  1111000000100001 (  23)                 TRAP  x21
(300E) 54A0  0101010010100000 (  24)                 AND   R2 R2 #0
(300F) 1480  0001010010000000 (  25)                 ADD   R2 R2 R0
(3010) 14B0  0001010010110000 (  26)                 ADD   R2 R2 #-16
(3011) 14B0  0001010010110000 (  27)                 ADD   R2 R2 #-16
(3012) 14B0  0001010010110000 (  28)                 ADD   R2 R2 #-16
(3013) 14B0  0001010010110000 (  29)                 ADD   R2 R2 #-16
(3014) 14BC  0001010010111100 (  30)                 ADD   R2 R2 #-4
(3015) 0406  0000010000000110 (  31)                 BRZ   SETDECRYPT
(3016) 14BF  0001010010111111 (  32)                 ADD   R2 R2 #-1
(3017) 040A  0000010000001010 (  33)                 BRZ   SETENCRYPT
(3018) 14B0  0001010010110000 (  34)                 ADD   R2 R2 #-16
(3019) 14BD  0001010010111101 (  35)                 ADD   R2 R2 #-3
(301A) 0444  0000010001000100 (  36)                 BRZ   DONE
(301B) 0FF0  0000111111110000 (  37)                 BRNZP INPUT
(301C) 5260  0101001001100000 (  40) SETDECRYPT      AND   R1 R1 #0
(301D) 1261  0001001001100001 (  41)                 ADD   R1 R1 #1
(301E) 32FD  0011001011111101 (  42)                 ST    R1 DEorEN
(301F) E098  1110000010011000 (  43)                 LEA   R0 CIPHERSTR
(3020) F022  1111000000100010 (  44)                 TRAP  x22
(3021) 0E06  0000111000000110 (  45)                 BRNZP GETCIPHER
(3022) 5260  0101001001100000 (  48) SETENCRYPT      AND   R1 R1 #0
(3023) 1260  0001001001100000 (  49)                 ADD   R1 R1 #0
(3024) 32F7  0011001011110111 (  50)                 ST    R1 DEorEN
(3025) E092  1110000010010010 (  51)                 LEA   R0 CIPHERSTR
(3026) F022  1111000000100010 (  52)                 TRAP  x22
(3027) 0E00  0000111000000000 (  53)                 BRNZP GETCIPHER
(3028) F020  1111000000100000 (  56) GETCIPHER       TRAP  x20
(3029) F021  1111000000100001 (  57)                 TRAP  x21
(302A) 54A0  0101010010100000 (  58)                 AND   R2 R2 #0
(302B) 1480  0001010010000000 (  59)                 ADD   R2 R2 R0
(302C) 14B6  0001010010110110 (  60)                 ADD   R2 R2 #-10
(302D) 0411  0000010000010001 (  61)                 BRZ   PROMPT
(302E) 54A0  0101010010100000 (  64) MULTIDIGIT      AND   R2 R2 #0
(302F) 56E0  0101011011100000 (  65)                 AND   R3 R3 #0
(3030) 5920  0101100100100000 (  66)                 AND   R4 R4 #0
(3031) 5DA0  0101110110100000 (  67)                 AND   R6 R6 #0
(3032) 1D80  0001110110000000 (  68)                 ADD   R6 R6 R0
(3033) 1DB0  0001110110110000 (  69)                 ADD   R6 R6 #-16
(3034) 1DB0  0001110110110000 (  70)                 ADD   R6 R6 #-16
(3035) 1DB0  0001110110110000 (  71)                 ADD   R6 R6 #-16
(3036) 24E6  0010010011100110 (  72)                 LD    R2 CIPHER
(3037) 16C2  0001011011000010 (  73)                 ADD   R3 R3 R2
(3038) 1929  0001100100101001 (  74)                 ADD   R4 R4 #9
(3039) 1483  0001010010000011 (  77) MULTIPLY        ADD   R2 R2 R3
(303A) 193F  0001100100111111 (  78)                 ADD   R4 R4 #-1
(303B) 03FD  0000001111111101 (  79)                 BRP   MULTIPLY
(303C) 1486  0001010010000110 (  80)                 ADD   R2 R2 R6
(303D) 34DF  0011010011011111 (  81)                 ST    R2 CIPHER
(303E) 0FE9  0000111111101001 (  82)                 BRNZP GETCIPHER
(303F) 1B7F  0001101101111111 (  85) PROMPT          ADD   R5 R5 #-1
(3040) 3ADD  0011101011011101 (  86)                 ST    R5 STRLEN
(3041) E08E  1110000010001110 (  87)                 LEA   R0 PROMPTSTR
(3042) F022  1111000000100010 (  88)                 TRAP  x22
(3043) F020  1111000000100000 (  91) GETSTRING       TRAP  x20
(3044) F021  1111000000100001 (  92)                 TRAP  x21
(3045) 5B60  0101101101100000 (  93)                 AND   R5 R5 #0
(3046) 2AD7  0010101011010111 (  94)                 LD    R5 STRLEN
(3047) 1B61  0001101101100001 (  95)                 ADD   R5 R5 #1
(3048) 3AD5  0011101011010101 (  96)                 ST    R5 STRLEN
(3049) 5FE0  0101111111100000 (  97)                 AND   R7 R7 #0
(304A) 1FC0  0001111111000000 (  98)                 ADD   R7 R7 R0
(304B) 1FF6  0001111111110110 (  99)                 ADD   R7 R7 #-10
(304C) 040B  0000010000001011 ( 100)                 BRZ   STRINGEND
(304D) 3AD2  0011101011010010 ( 103) STORE           ST    R5 Ci
(304E) 5920  0101100100100000 ( 104)                 AND   R4 R4 #0
(304F) 38CF  0011100011001111 ( 105)                 ST    R4 Ri
(3050) 30D1  0011000011010001 ( 106)                 ST    R0 PRECHAR
(3051) 48D7  0100100011010111 ( 107)                 JSR   STORESR
(3052) 24C9  0010010011001001 ( 108)                 LD    R2 DEorEN
(3053) 0402  0000010000000010 ( 109)                 BRZ   ENCRYPTION
(3054) 4933  0100100100110011 ( 110)                 JSR   DECRYPTSR
(3055) 0FED  0000111111101101 ( 111)                 BRNZP GETSTRING
(3056) 48EE  0100100011101110 ( 114) ENCRYPTION      JSR   ENCRYPTSR
(3057) 0FEB  0000111111101011 ( 115)                 BRNZP GETSTRING
(3058) E094  1110000010010100 ( 118) STRINGEND       LEA   R0 RESULTSTR
(3059) F022  1111000000100010 ( 119)                 TRAP  x22
(305A) 4971  0100100101110001 ( 120)                 JSR   PRINTSR
(305B) 49A1  0100100110100001 ( 123) RESET           JSR   RESETARRAYSR
(305C) 5B60  0101101101100000 ( 124)                 AND   R5 R5 #0
(305D) 3ABF  0011101010111111 ( 125)                 ST    R5 CIPHER
(305E) 0FAB  0000111110101011 ( 126)                 BRNZP MAIN
(305F) E086  1110000010000110 ( 129) DONE            LEA   R0 END
(3060) F022  1111000000100010 ( 130)                 TRAP  x22
(3061) F025  1111000000100101 ( 132)                 TRAP  x25
(3062) 0048  0000000001001000 ( 134) GREETING        .FILL x0048
(3063) 0069  0000000001101001 ( 134)                 .FILL x0069
(3064) 0021  0000000000100001 ( 134)                 .FILL x0021
(3065) 0020  0000000000100000 ( 134)                 .FILL x0020
(3066) 0054  0000000001010100 ( 134)                 .FILL x0054
(3067) 0068  0000000001101000 ( 134)                 .FILL x0068
(3068) 0069  0000000001101001 ( 134)                 .FILL x0069
(3069) 0073  0000000001110011 ( 134)                 .FILL x0073
(306A) 0020  0000000000100000 ( 134)                 .FILL x0020
(306B) 0069  0000000001101001 ( 134)                 .FILL x0069
(306C) 0073  0000000001110011 ( 134)                 .FILL x0073
(306D) 0020  0000000000100000 ( 134)                 .FILL x0020
(306E) 0061  0000000001100001 ( 134)                 .FILL x0061
(306F) 0020  0000000000100000 ( 134)                 .FILL x0020
(3070) 0043  0000000001000011 ( 134)                 .FILL x0043
(3071) 0061  0000000001100001 ( 134)                 .FILL x0061
(3072) 0065  0000000001100101 ( 134)                 .FILL x0065
(3073) 0073  0000000001110011 ( 134)                 .FILL x0073
(3074) 0061  0000000001100001 ( 134)                 .FILL x0061
(3075) 0072  0000000001110010 ( 134)                 .FILL x0072
(3076) 0020  0000000000100000 ( 134)                 .FILL x0020
(3077) 0043  0000000001000011 ( 134)                 .FILL x0043
(3078) 0069  0000000001101001 ( 134)                 .FILL x0069
(3079) 0070  0000000001110000 ( 134)                 .FILL x0070
(307A) 0068  0000000001101000 ( 134)                 .FILL x0068
(307B) 0065  0000000001100101 ( 134)                 .FILL x0065
(307C) 0072  0000000001110010 ( 134)                 .FILL x0072
(307D) 0020  0000000000100000 ( 134)                 .FILL x0020
(307E) 0070  0000000001110000 ( 134)                 .FILL x0070
(307F) 0072  0000000001110010 ( 134)                 .FILL x0072
(3080) 006F  0000000001101111 ( 134)                 .FILL x006F
(3081) 0067  0000000001100111 ( 134)                 .FILL x0067
(3082) 0072  0000000001110010 ( 134)                 .FILL x0072
(3083) 0061  0000000001100001 ( 134)                 .FILL x0061
(3084) 006D  0000000001101101 ( 134)                 .FILL x006D
(3085) 0020  0000000000100000 ( 134)                 .FILL x0020
(3086) 0066  0000000001100110 ( 134)                 .FILL x0066
(3087) 006F  0000000001101111 ( 134)                 .FILL x006F
(3088) 0072  0000000001110010 ( 134)                 .FILL x0072
(3089) 0020  0000000000100000 ( 134)                 .FILL x0020
(308A) 0043  0000000001000011 ( 134)                 .FILL x0043
(308B) 0045  0000000001000101 ( 134)                 .FILL x0045
(308C) 0031  0000000000110001 ( 134)                 .FILL x0031
(308D) 0032  0000000000110010 ( 134)                 .FILL x0032
(308E) 000A  0000000000001010 ( 134)                 .FILL x000A
(308F) 0000  0000000000000000 ( 134)                 .FILL x0000
(3090) 0050  0000000001010000 ( 135) PROMPTCHAR      .FILL x0050
(3091) 0072  0000000001110010 ( 135)                 .FILL x0072
(3092) 0065  0000000001100101 ( 135)                 .FILL x0065
(3093) 0073  0000000001110011 ( 135)                 .FILL x0073
(3094) 0073  0000000001110011 ( 135)                 .FILL x0073
(3095) 003A  0000000000111010 ( 135)                 .FILL x003A
(3096) 0028  0000000000101000 ( 135)                 .FILL x0028
(3097) 0045  0000000001000101 ( 135)                 .FILL x0045
(3098) 0029  0000000000101001 ( 135)                 .FILL x0029
(3099) 006E  0000000001101110 ( 135)                 .FILL x006E
(309A) 0063  0000000001100011 ( 135)                 .FILL x0063
(309B) 0072  0000000001110010 ( 135)                 .FILL x0072
(309C) 0079  0000000001111001 ( 135)                 .FILL x0079
(309D) 0070  0000000001110000 ( 135)                 .FILL x0070
(309E) 0074  0000000001110100 ( 135)                 .FILL x0074
(309F) 002C  0000000000101100 ( 135)                 .FILL x002C
(30A0) 0020  0000000000100000 ( 135)                 .FILL x0020
(30A1) 0028  0000000000101000 ( 135)                 .FILL x0028
(30A2) 0044  0000000001000100 ( 135)                 .FILL x0044
(30A3) 0029  0000000000101001 ( 135)                 .FILL x0029
(30A4) 0065  0000000001100101 ( 135)                 .FILL x0065
(30A5) 0063  0000000001100011 ( 135)                 .FILL x0063
(30A6) 0072  0000000001110010 ( 135)                 .FILL x0072
(30A7) 0079  0000000001111001 ( 135)                 .FILL x0079
(30A8) 0070  0000000001110000 ( 135)                 .FILL x0070
(30A9) 0074  0000000001110100 ( 135)                 .FILL x0074
(30AA) 002C  0000000000101100 ( 135)                 .FILL x002C
(30AB) 0020  0000000000100000 ( 135)                 .FILL x0020
(30AC) 006F  0000000001101111 ( 135)                 .FILL x006F
(30AD) 0072  0000000001110010 ( 135)                 .FILL x0072
(30AE) 0020  0000000000100000 ( 135)                 .FILL x0020
(30AF) 0065  0000000001100101 ( 135)                 .FILL x0065
(30B0) 0028  0000000000101000 ( 135)                 .FILL x0028
(30B1) 0058  0000000001011000 ( 135)                 .FILL x0058
(30B2) 0029  0000000000101001 ( 135)                 .FILL x0029
(30B3) 0069  0000000001101001 ( 135)                 .FILL x0069
(30B4) 0074  0000000001110100 ( 135)                 .FILL x0074
(30B5) 002E  0000000000101110 ( 135)                 .FILL x002E
(30B6) 0020  0000000000100000 ( 135)                 .FILL x0020
(30B7) 0000  0000000000000000 ( 135)                 .FILL x0000
(30B8) 000A  0000000000001010 ( 136) CIPHERSTR       .FILL x000A
(30B9) 0044  0000000001000100 ( 136)                 .FILL x0044
(30BA) 0065  0000000001100101 ( 136)                 .FILL x0065
(30BB) 0073  0000000001110011 ( 136)                 .FILL x0073
(30BC) 0069  0000000001101001 ( 136)                 .FILL x0069
(30BD) 0072  0000000001110010 ( 136)                 .FILL x0072
(30BE) 0065  0000000001100101 ( 136)                 .FILL x0065
(30BF) 0064  0000000001100100 ( 136)                 .FILL x0064
(30C0) 0020  0000000000100000 ( 136)                 .FILL x0020
(30C1) 0063  0000000001100011 ( 136)                 .FILL x0063
(30C2) 0069  0000000001101001 ( 136)                 .FILL x0069
(30C3) 0070  0000000001110000 ( 136)                 .FILL x0070
(30C4) 0068  0000000001101000 ( 136)                 .FILL x0068
(30C5) 0065  0000000001100101 ( 136)                 .FILL x0065
(30C6) 0072  0000000001110010 ( 136)                 .FILL x0072
(30C7) 0028  0000000000101000 ( 136)                 .FILL x0028
(30C8) 0031  0000000000110001 ( 136)                 .FILL x0031
(30C9) 002D  0000000000101101 ( 136)                 .FILL x002D
(30CA) 0032  0000000000110010 ( 136)                 .FILL x0032
(30CB) 0035  0000000000110101 ( 136)                 .FILL x0035
(30CC) 0029  0000000000101001 ( 136)                 .FILL x0029
(30CD) 003A  0000000000111010 ( 136)                 .FILL x003A
(30CE) 0020  0000000000100000 ( 136)                 .FILL x0020
(30CF) 0000  0000000000000000 ( 136)                 .FILL x0000
(30D0) 0049  0000000001001001 ( 137) PROMPTSTR       .FILL x0049
(30D1) 006E  0000000001101110 ( 137)                 .FILL x006E
(30D2) 0070  0000000001110000 ( 137)                 .FILL x0070
(30D3) 0075  0000000001110101 ( 137)                 .FILL x0075
(30D4) 0074  0000000001110100 ( 137)                 .FILL x0074
(30D5) 0020  0000000000100000 ( 137)                 .FILL x0020
(30D6) 0061  0000000001100001 ( 137)                 .FILL x0061
(30D7) 0020  0000000000100000 ( 137)                 .FILL x0020
(30D8) 0053  0000000001010011 ( 137)                 .FILL x0053
(30D9) 0074  0000000001110100 ( 137)                 .FILL x0074
(30DA) 0072  0000000001110010 ( 137)                 .FILL x0072
(30DB) 0069  0000000001101001 ( 137)                 .FILL x0069
(30DC) 006E  0000000001101110 ( 137)                 .FILL x006E
(30DD) 0067  0000000001100111 ( 137)                 .FILL x0067
(30DE) 0028  0000000000101000 ( 137)                 .FILL x0028
(30DF) 003C  0000000000111100 ( 137)                 .FILL x003C
(30E0) 0032  0000000000110010 ( 137)                 .FILL x0032
(30E1) 0030  0000000000110000 ( 137)                 .FILL x0030
(30E2) 0030  0000000000110000 ( 137)                 .FILL x0030
(30E3) 0029  0000000000101001 ( 137)                 .FILL x0029
(30E4) 000A  0000000000001010 ( 137)                 .FILL x000A
(30E5) 0000  0000000000000000 ( 137)                 .FILL x0000
(30E6) 000A  0000000000001010 ( 138) END             .FILL x000A
(30E7) 0042  0000000001000010 ( 138)                 .FILL x0042
(30E8) 0079  0000000001111001 ( 138)                 .FILL x0079
(30E9) 0065  0000000001100101 ( 138)                 .FILL x0065
(30EA) 0021  0000000000100001 ( 138)                 .FILL x0021
(30EB) 000A  0000000000001010 ( 138)                 .FILL x000A
(30EC) 0000  0000000000000000 ( 138)                 .FILL x0000
(30ED) 0052  0000000001010010 ( 139) RESULTSTR       .FILL x0052
(30EE) 0065  0000000001100101 ( 139)                 .FILL x0065
(30EF) 0073  0000000001110011 ( 139)                 .FILL x0073
(30F0) 0075  0000000001110101 ( 139)                 .FILL x0075
(30F1) 006C  0000000001101100 ( 139)                 .FILL x006C
(30F2) 0074  0000000001110100 ( 139)                 .FILL x0074
(30F3) 0069  0000000001101001 ( 139)                 .FILL x0069
(30F4) 006E  0000000001101110 ( 139)                 .FILL x006E
(30F5) 0067  0000000001100111 ( 139)                 .FILL x0067
(30F6) 0020  0000000000100000 ( 139)                 .FILL x0020
(30F7) 0073  0000000001110011 ( 139)                 .FILL x0073
(30F8) 0074  0000000001110100 ( 139)                 .FILL x0074
(30F9) 0072  0000000001110010 ( 139)                 .FILL x0072
(30FA) 0069  0000000001101001 ( 139)                 .FILL x0069
(30FB) 006E  0000000001101110 ( 139)                 .FILL x006E
(30FC) 0067  0000000001100111 ( 139)                 .FILL x0067
(30FD) 0073  0000000001110011 ( 139)                 .FILL x0073
(30FE) 003A  0000000000111010 ( 139)                 .FILL x003A
(30FF) 0000  0000000000000000 ( 139)                 .FILL x0000
(3100) 000A  0000000000001010 ( 140) ENCRYPTSTR      .FILL x000A
(3101) 003C  0000000000111100 ( 140)                 .FILL x003C
(3102) 0045  0000000001000101 ( 140)                 .FILL x0045
(3103) 006E  0000000001101110 ( 140)                 .FILL x006E
(3104) 0063  0000000001100011 ( 140)                 .FILL x0063
(3105) 0072  0000000001110010 ( 140)                 .FILL x0072
(3106) 0079  0000000001111001 ( 140)                 .FILL x0079
(3107) 0070  0000000001110000 ( 140)                 .FILL x0070
(3108) 0074  0000000001110100 ( 140)                 .FILL x0074
(3109) 0065  0000000001100101 ( 140)                 .FILL x0065
(310A) 0064  0000000001100100 ( 140)                 .FILL x0064
(310B) 003E  0000000000111110 ( 140)                 .FILL x003E
(310C) 0020  0000000000100000 ( 140)                 .FILL x0020
(310D) 0000  0000000000000000 ( 140)                 .FILL x0000
(310E) 000A  0000000000001010 ( 141) DECRYPTSTR      .FILL x000A
(310F) 003C  0000000000111100 ( 141)                 .FILL x003C
(3110) 0044  0000000001000100 ( 141)                 .FILL x0044
(3111) 0065  0000000001100101 ( 141)                 .FILL x0065
(3112) 0063  0000000001100011 ( 141)                 .FILL x0063
(3113) 0072  0000000001110010 ( 141)                 .FILL x0072
(3114) 0079  0000000001111001 ( 141)                 .FILL x0079
(3115) 0070  0000000001110000 ( 141)                 .FILL x0070
(3116) 0074  0000000001110100 ( 141)                 .FILL x0074
(3117) 0065  0000000001100101 ( 141)                 .FILL x0065
(3118) 0064  0000000001100100 ( 141)                 .FILL x0064
(3119) 003E  0000000000111110 ( 141)                 .FILL x003E
(311A) 0020  0000000000100000 ( 141)                 .FILL x0020
(311B) 0000  0000000000000000 ( 141)                 .FILL x0000
(311C) 0000  0000000000000000 ( 143) DEorEN          .FILL x0000
(311D) 0000  0000000000000000 ( 144) CIPHER          .FILL x0000
(311E) 0000  0000000000000000 ( 145) STRLEN          .FILL x0000
(311F) 0000  0000000000000000 ( 146) Ri              .FILL x0000
(3120) 0000  0000000000000000 ( 147) Ci              .FILL x0000
(3121) 0000  0000000000000000 ( 148) POSTCHAR        .FILL x0000
(3122) 0000  0000000000000000 ( 149) PRECHAR         .FILL x0000
(3123) 00C7  0000000011000111 ( 149) HALF_ARRAY      .FILL x00C7
(3124) 0041  0000000001000001 ( 150) ASCII_A         .FILL x0041
(3125) 005A  0000000001011010 ( 151) ASCII_Z         .FILL x005A
(3126) 0061  0000000001100001 ( 152) ASCII_a         .FILL x0061
(3127) 007A  0000000001111010 ( 153) ASCII_z         .FILL x007A
(3128) 001A  0000000000011010 ( 154) ALPHABET        .FILL x001A
(3129) 5B60  0101101101100000 ( 162) STORESR         AND   R5 R5 #0
(312A) 56E0  0101011011100000 ( 163)                 AND   R3 R3 #0
(312B) 54A0  0101010010100000 ( 164)                 AND   R2 R2 #0
(312C) 2BF3  0010101111110011 ( 165)                 LD    R5 Ci
(312D) 21F1  0010000111110001 ( 166)                 LD    R0 Ri
(312E) 0201  0000001000000001 ( 167)                 BRP   SNEXTHALF
(312F) 0C02  0000110000000010 ( 168)                 BRNZ  SCLEAR
(3130) 25F2  0010010111110010 ( 170) SNEXTHALF       LD    R2 HALF_ARRAY
(3131) 1B42  0001101101000010 ( 171)                 ADD   R5 R5 R2
(3132) E6D7  1110011011010111 ( 173) SCLEAR          LEA   R3 ARRAY
(3133) 16C5  0001011011000101 ( 174)                 ADD   R3 R3 R5
(3134) 21ED  0010000111101101 ( 175)                 LD    R0 PRECHAR
(3135) 70C0  0111000011000000 ( 176)                 STR   R0 R3 #0
(3136) C1C0  1100000111000000 ( 177)                 RET   
(3137) 5B60  0101101101100000 ( 184) LOADSR          AND   R5 R5 #0
(3138) 56E0  0101011011100000 ( 185)                 AND   R3 R3 #0
(3139) 54A0  0101010010100000 ( 186)                 AND   R2 R2 #0
(313A) 2BE5  0010101111100101 ( 187)                 LD    R5 Ci
(313B) 21E3  0010000111100011 ( 188)                 LD    R0 Ri
(313C) 0201  0000001000000001 ( 189)                 BRP   LNEXTHALF
(313D) 0C02  0000110000000010 ( 190)                 BRNZ  LCLEAR
(313E) 25E4  0010010111100100 ( 192) LNEXTHALF       LD    R2 HALF_ARRAY
(313F) 1B42  0001101101000010 ( 193)                 ADD   R5 R5 R2
(3140) E6C9  1110011011001001 ( 195) LCLEAR          LEA   R3 ARRAY
(3141) 16C5  0001011011000101 ( 196)                 ADD   R3 R3 R5
(3142) 66C0  0110011011000000 ( 197)                 LDR   R3 R3 #0
(3143) 37DE  0011011111011110 ( 198)                 ST    R3 PRECHAR
(3144) C1C0  1100000111000000 ( 199)                 RET   
(3145) 3FDB  0011111111011011 ( 206) ENCRYPTSR       ST    R7 POSTCHAR
(3146) 5920  0101100100100000 ( 207)                 AND   R4 R4 #0
(3147) 1921  0001100100100001 ( 208)                 ADD   R4 R4 #1
(3148) 39D6  0011100111010110 ( 209)                 ST    R4 Ri
(3149) 5260  0101001001100000 ( 211)                 AND   R1 R1 #0
(314A) 54A0  0101010010100000 ( 212)                 AND   R2 R2 #0
(314B) 56E0  0101011011100000 ( 213)                 AND   R3 R3 #0
(314C) 5920  0101100100100000 ( 214)                 AND   R4 R4 #0
(314D) 5B60  0101101101100000 ( 215)                 AND   R5 R5 #0
(314E) 5DA0  0101110110100000 ( 216)                 AND   R6 R6 #0
(314F) 5FE0  0101111111100000 ( 217)                 AND   R7 R7 #0
(3150) 25D3  0010010111010011 ( 219)                 LD    R2 ASCII_A
(3151) 27D3  0010011111010011 ( 220)                 LD    R3 ASCII_Z
(3152) 2DD3  0010110111010011 ( 221)                 LD    R6 ASCII_a
(3153) 2FD3  0010111111010011 ( 222)                 LD    R7 ASCII_z
(3154) 94BF  1001010010111111 ( 223)                 NOT   R2 R2
(3155) 14A1  0001010010100001 ( 224)                 ADD   R2 R2 #1
(3156) 96FF  1001011011111111 ( 225)                 NOT   R3 R3
(3157) 16E1  0001011011100001 ( 226)                 ADD   R3 R3 #1
(3158) 9DBF  1001110110111111 ( 228)                 NOT   R6 R6
(3159) 1DA1  0001110110100001 ( 229)                 ADD   R6 R6 #1
(315A) 9FFF  1001111111111111 ( 230)                 NOT   R7 R7
(315B) 1FE1  0001111111100001 ( 231)                 ADD   R7 R7 #1
(315C) 23C5  0010001111000101 ( 234) CHECKAZ         LD    R1 PRECHAR
(315D) 1A42  0001101001000010 ( 235)                 ADD   R5 R1 R2
(315E) 0826  0000100000100110 ( 236)                 BRN   eSTORE
(315F) 5B60  0101101101100000 ( 237)                 AND   R5 R5 #0
(3160) 1A43  0001101001000011 ( 238)                 ADD   R5 R1 R3
(3161) 0203  0000001000000011 ( 239)                 BRP   CHECKaz
(3162) 25C1  0010010111000001 ( 240)                 LD    R2 ASCII_A
(3163) 1902  0001100100000010 ( 241)                 ADD   R4 R4 R2
(3164) 0E0A  0000111000001010 ( 242)                 BRNZP eADDCIPHER
(3165) 5B60  0101101101100000 ( 245) CHECKaz         AND   R5 R5 #0
(3166) 1A46  0001101001000110 ( 246)                 ADD   R5 R1 R6
(3167) 081D  0000100000011101 ( 247)                 BRN   eSTORE
(3168) 5B60  0101101101100000 ( 248)                 AND   R5 R5 #0
(3169) 1A47  0001101001000111 ( 249)                 ADD   R5 R1 R7
(316A) 021A  0000001000011010 ( 250)                 BRP   eSTORE
(316B) 25BA  0010010110111010 ( 251)                 LD    R2 ASCII_a
(316C) 5920  0101100100100000 ( 252)                 AND   R4 R4 #0
(316D) 1902  0001100100000010 ( 253)                 ADD   R4 R4 R2
(316E) 0E00  0000111000000000 ( 254)                 BRNZP eADDCIPHER
(316F) 54A0  0101010010100000 ( 257) eADDCIPHER      AND   R2 R2 #0
(3170) 56E0  0101011011100000 ( 258)                 AND   R3 R3 #0
(3171) 5B60  0101101101100000 ( 259)                 AND   R5 R5 #0
(3172) 5DA0  0101110110100000 ( 260)                 AND   R6 R6 #0
(3173) 5FE0  0101111111100000 ( 261)                 AND   R7 R7 #0
(3174) 2FA8  0010111110101000 ( 263)                 LD    R7 CIPHER
(3175) 25B2  0010010110110010 ( 264)                 LD    R2 ALPHABET
(3176) 94BF  1001010010111111 ( 265)                 NOT   R2 R2
(3177) 14A1  0001010010100001 ( 266)                 ADD   R2 R2 #1
(3178) 1B44  0001101101000100 ( 268)                 ADD   R5 R5 R4
(3179) 9B7F  1001101101111111 ( 270)                 NOT   R5 R5
(317A) 1B61  0001101101100001 ( 271)                 ADD   R5 R5 #1
(317B) 1645  0001011001000101 ( 273)                 ADD   R3 R1 R5
(317C) 1CC7  0001110011000111 ( 274)                 ADD   R6 R3 R7
(317D) 1B82  0001101110000010 ( 275)                 ADD   R5 R6 R2
(317E) 0601  0000011000000001 ( 276)                 BRZP  eOUTBOUNDS
(317F) 0802  0000100000000010 ( 277)                 BRN   eFINISH
(3180) 5DA0  0101110110100000 ( 280) eOUTBOUNDS      AND   R6 R6 #0
(3181) 1D60  0001110101100000 ( 281)                 ADD   R6 R5 #0
(3182) 5020  0101000000100000 ( 284) eFINISH         AND   R0 R0 #0
(3183) 1106  0001000100000110 ( 285)                 ADD   R0 R4 R6
(3184) 319D  0011000110011101 ( 286)                 ST    R0 PRECHAR
(3185) 4FA3  0100111110100011 ( 289) eSTORE          JSR   STORESR
(3186) 2F9A  0010111110011010 ( 290)                 LD    R7 POSTCHAR
(3187) C1C0  1100000111000000 ( 291)                 RET   
(3188) 3F98  0011111110011000 ( 298) DECRYPTSR       ST    R7 POSTCHAR
(3189) 5920  0101100100100000 ( 299)                 AND   R4 R4 #0
(318A) 1921  0001100100100001 ( 300)                 ADD   R4 R4 #1
(318B) 3993  0011100110010011 ( 301)                 ST    R4 Ri
(318C) 5260  0101001001100000 ( 303)                 AND   R1 R1 #0
(318D) 54A0  0101010010100000 ( 304)                 AND   R2 R2 #0
(318E) 56E0  0101011011100000 ( 305)                 AND   R3 R3 #0
(318F) 5920  0101100100100000 ( 306)                 AND   R4 R4 #0
(3190) 5B60  0101101101100000 ( 307)                 AND   R5 R5 #0
(3191) 5DA0  0101110110100000 ( 308)                 AND   R6 R6 #0
(3192) 5FE0  0101111111100000 ( 309)                 AND   R7 R7 #0
(3193) 2590  0010010110010000 ( 311)                 LD    R2 ASCII_A
(3194) 2790  0010011110010000 ( 312)                 LD    R3 ASCII_Z
(3195) 2D90  0010110110010000 ( 313)                 LD    R6 ASCII_a
(3196) 2F90  0010111110010000 ( 314)                 LD    R7 ASCII_z
(3197) 94BF  1001010010111111 ( 315)                 NOT   R2 R2
(3198) 14A1  0001010010100001 ( 316)                 ADD   R2 R2 #1
(3199) 96FF  1001011011111111 ( 317)                 NOT   R3 R3
(319A) 16E1  0001011011100001 ( 318)                 ADD   R3 R3 #1
(319B) 9DBF  1001110110111111 ( 319)                 NOT   R6 R6
(319C) 1DA1  0001110110100001 ( 320)                 ADD   R6 R6 #1
(319D) 9FFF  1001111111111111 ( 321)                 NOT   R7 R7
(319E) 1FE1  0001111111100001 ( 322)                 ADD   R7 R7 #1
(319F) 2382  0010001110000010 ( 325) dCHECKAZ        LD    R1 PRECHAR
(31A0) 1A42  0001101001000010 ( 326)                 ADD   R5 R1 R2
(31A1) 0827  0000100000100111 ( 327)                 BRN   dSTORE
(31A2) 5B60  0101101101100000 ( 328)                 AND   R5 R5 #0
(31A3) 1A43  0001101001000011 ( 329)                 ADD   R5 R1 R3
(31A4) 0203  0000001000000011 ( 330)                 BRP   dCHECKaz
(31A5) 257E  0010010101111110 ( 331)                 LD    R2 ASCII_A
(31A6) 1902  0001100100000010 ( 332)                 ADD   R4 R4 R2
(31A7) 0E0A  0000111000001010 ( 333)                 BRNZP dADDCIPHER
(31A8) 5B60  0101101101100000 ( 336) dCHECKaz        AND   R5 R5 #0
(31A9) 1A46  0001101001000110 ( 337)                 ADD   R5 R1 R6
(31AA) 081E  0000100000011110 ( 338)                 BRN   dSTORE
(31AB) 5B60  0101101101100000 ( 339)                 AND   R5 R5 #0
(31AC) 1A47  0001101001000111 ( 340)                 ADD   R5 R1 R7
(31AD) 021B  0000001000011011 ( 341)                 BRP   dSTORE
(31AE) 2577  0010010101110111 ( 342)                 LD    R2 ASCII_a
(31AF) 5920  0101100100100000 ( 343)                 AND   R4 R4 #0
(31B0) 1902  0001100100000010 ( 344)                 ADD   R4 R4 R2
(31B1) 0E00  0000111000000000 ( 345)                 BRNZP dADDCIPHER
(31B2) 54A0  0101010010100000 ( 348) dADDCIPHER      AND   R2 R2 #0
(31B3) 56E0  0101011011100000 ( 349)                 AND   R3 R3 #0
(31B4) 5B60  0101101101100000 ( 350)                 AND   R5 R5 #0
(31B5) 5DA0  0101110110100000 ( 351)                 AND   R6 R6 #0
(31B6) 5FE0  0101111111100000 ( 352)                 AND   R7 R7 #0
(31B7) 2F65  0010111101100101 ( 354)                 LD    R7 CIPHER
(31B8) 256F  0010010101101111 ( 355)                 LD    R2 ALPHABET
(31B9) 1B44  0001101101000100 ( 356)                 ADD   R5 R5 R4
(31BA) 9FFF  1001111111111111 ( 357)                 NOT   R7 R7
(31BB) 1FE1  0001111111100001 ( 358)                 ADD   R7 R7 #1
(31BC) 94BF  1001010010111111 ( 359)                 NOT   R2 R2
(31BD) 14A1  0001010010100001 ( 360)                 ADD   R2 R2 #1
(31BE) 9B7F  1001101101111111 ( 361)                 NOT   R5 R5
(31BF) 1B61  0001101101100001 ( 362)                 ADD   R5 R5 #1
(31C0) 1645  0001011001000101 ( 364)                 ADD   R3 R1 R5
(31C1) 1CC7  0001110011000111 ( 365)                 ADD   R6 R3 R7
(31C2) 0801  0000100000000001 ( 366)                 BRN   dOUTBOUNDS
(31C3) 0602  0000011000000010 ( 367)                 BRZP  dFINISH
(31C4) 2563  0010010101100011 ( 370) dOUTBOUNDS      LD    R2 ALPHABET
(31C5) 1D82  0001110110000010 ( 371)                 ADD   R6 R6 R2
(31C6) 5020  0101000000100000 ( 374) dFINISH         AND   R0 R0 #0
(31C7) 1106  0001000100000110 ( 375)                 ADD   R0 R4 R6
(31C8) 3159  0011000101011001 ( 376)                 ST    R0 PRECHAR
(31C9) 4F5F  0100111101011111 ( 379) dSTORE          JSR   STORESR
(31CA) 2F56  0010111101010110 ( 380)                 LD    R7 POSTCHAR
(31CB) C1C0  1100000111000000 ( 381)                 RET   
(31CC) 3F54  0011111101010100 ( 388) PRINTSR         ST    R7 POSTCHAR
(31CD) 5260  0101001001100000 ( 390)                 AND   R1 R1 #0
(31CE) 54A0  0101010010100000 ( 391)                 AND   R2 R2 #0
(31CF) 56E0  0101011011100000 ( 392)                 AND   R3 R3 #0
(31D0) 5920  0101100100100000 ( 393)                 AND   R4 R4 #0
(31D1) 5B60  0101101101100000 ( 394)                 AND   R5 R5 #0
(31D2) 5DA0  0101110110100000 ( 395)                 AND   R6 R6 #0
(31D3) 2B48  0010101101001000 ( 397)                 LD    R5 DEorEN
(31D4) 0201  0000001000000001 ( 398)                 BRP   ENCLOAD
(31D5) E138  1110000100111000 ( 399)                 LEA   R0 DECRYPTSTR
(31D6) E129  1110000100101001 ( 402) ENCLOAD         LEA   R0 ENCRYPTSTR
(31D7) F022  1111000000100010 ( 404)                 TRAP  x22
(31D8) 3346  0011001101000110 ( 406) PRINTLOOP       ST    R1 Ri
(31D9) 3746  0011011101000110 ( 407)                 ST    R3 Ci
(31DA) 4F5C  0100111101011100 ( 408)                 JSR   LOADSR
(31DB) 2146  0010000101000110 ( 409)                 LD    R0 PRECHAR
(31DC) F021  1111000000100001 ( 410)                 TRAP  x21
(31DD) 2545  0010010101000101 ( 411)                 LD    R2 HALF_ARRAY
(31DE) 1920  0001100100100000 ( 412)                 ADD   R4 R4 #0
(31DF) 020F  0000001000001111 ( 413)                 BRP   NEXTHALF
(31E0) 94BF  1001010010111111 ( 414)                 NOT   R2 R2
(31E1) 14A1  0001010010100001 ( 415)                 ADD   R2 R2 #1
(31E2) 273D  0010011100111101 ( 416)                 LD    R3 Ci
(31E3) 16E1  0001011011100001 ( 417)                 ADD   R3 R3 #1
(31E4) 373B  0011011100111011 ( 418)                 ST    R3 Ci
(31E5) 5DA0  0101110110100000 ( 419)                 AND   R6 R6 #0
(31E6) 1CC2  0001110011000010 ( 420)                 ADD   R6 R3 R2
(31E7) 09F0  0000100111110000 ( 421)                 BRN   PRINTLOOP
(31E8) 1921  0001100100100001 ( 423)                 ADD   R4 R4 #1
(31E9) 2B32  0010101100110010 ( 424)                 LD    R5 DEorEN
(31EA) 0201  0000001000000001 ( 425)                 BRP   ENCLOAD2
(31EB) E114  1110000100010100 ( 426)                 LEA   R0 ENCRYPTSTR
(31EC) E121  1110000100100001 ( 428) ENCLOAD2        LEA   R0 DECRYPTSTR
(31ED) F022  1111000000100010 ( 429)                 TRAP  x22
(31EE) 0FE9  0000111111101001 ( 430)                 BRNZP PRINTLOOP
(31EF) 1482  0001010010000010 ( 432) NEXTHALF        ADD   R2 R2 R2
(31F0) 94BF  1001010010111111 ( 433)                 NOT   R2 R2
(31F1) 14A1  0001010010100001 ( 434)                 ADD   R2 R2 #1
(31F2) 272D  0010011100101101 ( 435)                 LD    R3 Ci
(31F3) 16E1  0001011011100001 ( 436)                 ADD   R3 R3 #1
(31F4) 372B  0011011100101011 ( 437)                 ST    R3 Ci
(31F5) 5DA0  0101110110100000 ( 438)                 AND   R6 R6 #0
(31F6) 1CC2  0001110011000010 ( 439)                 ADD   R6 R3 R2
(31F7) 09E0  0000100111100000 ( 440)                 BRN   PRINTLOOP
(31F8) 5020  0101000000100000 ( 441)                 AND   R0 R0 #0
(31F9) 102A  0001000000101010 ( 442)                 ADD   R0 R0 #10
(31FA) F021  1111000000100001 ( 443)                 TRAP  x21
(31FB) 2F25  0010111100100101 ( 444)                 LD    R7 POSTCHAR
(31FC) C1C0  1100000111000000 ( 445)                 RET   
(31FD) 5260  0101001001100000 ( 452) RESETARRAYSR    AND   R1 R1 #0
(31FE) 5920  0101100100100000 ( 453)                 AND   R4 R4 #0
(31FF) 2723  0010011100100011 ( 454)                 LD    R3 HALF_ARRAY
(3200) 16C3  0001011011000011 ( 455)                 ADD   R3 R3 R3
(3201) 96FF  1001011011111111 ( 456)                 NOT   R3 R3
(3202) 16E1  0001011011100001 ( 457)                 ADD   R3 R3 #1
(3203) E406  1110010000000110 ( 459) RESETLOOP       LEA   R2 ARRAY
(3204) 1481  0001010010000001 ( 460)                 ADD   R2 R2 R1
(3205) 7880  0111100010000000 ( 461)                 STR   R4 R2 #0
(3206) 1261  0001001001100001 ( 462)                 ADD   R1 R1 #1
(3207) 1A43  0001101001000011 ( 463)                 ADD   R5 R1 R3
(3208) 09FA  0000100111111010 ( 464)                 BRN   RESETLOOP
(3209) C1C0  1100000111000000 ( 465)                 RET   
(320A) 0000  0000000000000000 ( 469) ARRAY           .FILL x0000
(320B) 0000  0000000000000000 ( 469)                 .FILL x0000
(320C) 0000  0000000000000000 ( 469)                 .FILL x0000
(320D) 0000  0000000000000000 ( 469)                 .FILL x0000
(320E) 0000  0000000000000000 ( 469)                 .FILL x0000
(320F) 0000  0000000000000000 ( 469)                 .FILL x0000
(3210) 0000  0000000000000000 ( 469)                 .FILL x0000
(3211) 0000  0000000000000000 ( 469)                 .FILL x0000
(3212) 0000  0000000000000000 ( 469)                 .FILL x0000
(3213) 0000  0000000000000000 ( 469)                 .FILL x0000
(3214) 0000  0000000000000000 ( 469)                 .FILL x0000
(3215) 0000  0000000000000000 ( 469)                 .FILL x0000
(3216) 0000  0000000000000000 ( 469)                 .FILL x0000
(3217) 0000  0000000000000000 ( 469)                 .FILL x0000
(3218) 0000  0000000000000000 ( 469)                 .FILL x0000
(3219) 0000  0000000000000000 ( 469)                 .FILL x0000
(321A) 0000  0000000000000000 ( 469)                 .FILL x0000
(321B) 0000  0000000000000000 ( 469)                 .FILL x0000
(321C) 0000  0000000000000000 ( 469)                 .FILL x0000
(321D) 0000  0000000000000000 ( 469)                 .FILL x0000
(321E) 0000  0000000000000000 ( 469)                 .FILL x0000
(321F) 0000  0000000000000000 ( 469)                 .FILL x0000
(3220) 0000  0000000000000000 ( 469)                 .FILL x0000
(3221) 0000  0000000000000000 ( 469)                 .FILL x0000
(3222) 0000  0000000000000000 ( 469)                 .FILL x0000
(3223) 0000  0000000000000000 ( 469)                 .FILL x0000
(3224) 0000  0000000000000000 ( 469)                 .FILL x0000
(3225) 0000  0000000000000000 ( 469)                 .FILL x0000
(3226) 0000  0000000000000000 ( 469)                 .FILL x0000
(3227) 0000  0000000000000000 ( 469)                 .FILL x0000
(3228) 0000  0000000000000000 ( 469)                 .FILL x0000
(3229) 0000  0000000000000000 ( 469)                 .FILL x0000
(322A) 0000  0000000000000000 ( 469)                 .FILL x0000
(322B) 0000  0000000000000000 ( 469)                 .FILL x0000
(322C) 0000  0000000000000000 ( 469)                 .FILL x0000
(322D) 0000  0000000000000000 ( 469)                 .FILL x0000
(322E) 0000  0000000000000000 ( 469)                 .FILL x0000
(322F) 0000  0000000000000000 ( 469)                 .FILL x0000
(3230) 0000  0000000000000000 ( 469)                 .FILL x0000
(3231) 0000  0000000000000000 ( 469)                 .FILL x0000
(3232) 0000  0000000000000000 ( 469)                 .FILL x0000
(3233) 0000  0000000000000000 ( 469)                 .FILL x0000
(3234) 0000  0000000000000000 ( 469)                 .FILL x0000
(3235) 0000  0000000000000000 ( 469)                 .FILL x0000
(3236) 0000  0000000000000000 ( 469)                 .FILL x0000
(3237) 0000  0000000000000000 ( 469)                 .FILL x0000
(3238) 0000  0000000000000000 ( 469)                 .FILL x0000
(3239) 0000  0000000000000000 ( 469)                 .FILL x0000
(323A) 0000  0000000000000000 ( 469)                 .FILL x0000
(323B) 0000  0000000000000000 ( 469)                 .FILL x0000
(323C) 0000  0000000000000000 ( 469)                 .FILL x0000
(323D) 0000  0000000000000000 ( 469)                 .FILL x0000
(323E) 0000  0000000000000000 ( 469)                 .FILL x0000
(323F) 0000  0000000000000000 ( 469)                 .FILL x0000
(3240) 0000  0000000000000000 ( 469)                 .FILL x0000
(3241) 0000  0000000000000000 ( 469)                 .FILL x0000
(3242) 0000  0000000000000000 ( 469)                 .FILL x0000
(3243) 0000  0000000000000000 ( 469)                 .FILL x0000
(3244) 0000  0000000000000000 ( 469)                 .FILL x0000
(3245) 0000  0000000000000000 ( 469)                 .FILL x0000
(3246) 0000  0000000000000000 ( 469)                 .FILL x0000
(3247) 0000  0000000000000000 ( 469)                 .FILL x0000
(3248) 0000  0000000000000000 ( 469)                 .FILL x0000
(3249) 0000  0000000000000000 ( 469)                 .FILL x0000
(324A) 0000  0000000000000000 ( 469)                 .FILL x0000
(324B) 0000  0000000000000000 ( 469)                 .FILL x0000
(324C) 0000  0000000000000000 ( 469)                 .FILL x0000
(324D) 0000  0000000000000000 ( 469)                 .FILL x0000
(324E) 0000  0000000000000000 ( 469)                 .FILL x0000
(324F) 0000  0000000000000000 ( 469)                 .FILL x0000
(3250) 0000  0000000000000000 ( 469)                 .FILL x0000
(3251) 0000  0000000000000000 ( 469)                 .FILL x0000
(3252) 0000  0000000000000000 ( 469)                 .FILL x0000
(3253) 0000  0000000000000000 ( 469)                 .FILL x0000
(3254) 0000  0000000000000000 ( 469)                 .FILL x0000
(3255) 0000  0000000000000000 ( 469)                 .FILL x0000
(3256) 0000  0000000000000000 ( 469)                 .FILL x0000
(3257) 0000  0000000000000000 ( 469)                 .FILL x0000
(3258) 0000  0000000000000000 ( 469)                 .FILL x0000
(3259) 0000  0000000000000000 ( 469)                 .FILL x0000
(325A) 0000  0000000000000000 ( 469)                 .FILL x0000
(325B) 0000  0000000000000000 ( 469)                 .FILL x0000
(325C) 0000  0000000000000000 ( 469)                 .FILL x0000
(325D) 0000  0000000000000000 ( 469)                 .FILL x0000
(325E) 0000  0000000000000000 ( 469)                 .FILL x0000
(325F) 0000  0000000000000000 ( 469)                 .FILL x0000
(3260) 0000  0000000000000000 ( 469)                 .FILL x0000
(3261) 0000  0000000000000000 ( 469)                 .FILL x0000
(3262) 0000  0000000000000000 ( 469)                 .FILL x0000
(3263) 0000  0000000000000000 ( 469)                 .FILL x0000
(3264) 0000  0000000000000000 ( 469)                 .FILL x0000
(3265) 0000  0000000000000000 ( 469)                 .FILL x0000
(3266) 0000  0000000000000000 ( 469)                 .FILL x0000
(3267) 0000  0000000000000000 ( 469)                 .FILL x0000
(3268) 0000  0000000000000000 ( 469)                 .FILL x0000
(3269) 0000  0000000000000000 ( 469)                 .FILL x0000
(326A) 0000  0000000000000000 ( 469)                 .FILL x0000
(326B) 0000  0000000000000000 ( 469)                 .FILL x0000
(326C) 0000  0000000000000000 ( 469)                 .FILL x0000
(326D) 0000  0000000000000000 ( 469)                 .FILL x0000
(326E) 0000  0000000000000000 ( 469)                 .FILL x0000
(326F) 0000  0000000000000000 ( 469)                 .FILL x0000
(3270) 0000  0000000000000000 ( 469)                 .FILL x0000
(3271) 0000  0000000000000000 ( 469)                 .FILL x0000
(3272) 0000  0000000000000000 ( 469)                 .FILL x0000
(3273) 0000  0000000000000000 ( 469)                 .FILL x0000
(3274) 0000  0000000000000000 ( 469)                 .FILL x0000
(3275) 0000  0000000000000000 ( 469)                 .FILL x0000
(3276) 0000  0000000000000000 ( 469)                 .FILL x0000
(3277) 0000  0000000000000000 ( 469)                 .FILL x0000
(3278) 0000  0000000000000000 ( 469)                 .FILL x0000
(3279) 0000  0000000000000000 ( 469)                 .FILL x0000
(327A) 0000  0000000000000000 ( 469)                 .FILL x0000
(327B) 0000  0000000000000000 ( 469)                 .FILL x0000
(327C) 0000  0000000000000000 ( 469)                 .FILL x0000
(327D) 0000  0000000000000000 ( 469)                 .FILL x0000
(327E) 0000  0000000000000000 ( 469)                 .FILL x0000
(327F) 0000  0000000000000000 ( 469)                 .FILL x0000
(3280) 0000  0000000000000000 ( 469)                 .FILL x0000
(3281) 0000  0000000000000000 ( 469)                 .FILL x0000
(3282) 0000  0000000000000000 ( 469)                 .FILL x0000
(3283) 0000  0000000000000000 ( 469)                 .FILL x0000
(3284) 0000  0000000000000000 ( 469)                 .FILL x0000
(3285) 0000  0000000000000000 ( 469)                 .FILL x0000
(3286) 0000  0000000000000000 ( 469)                 .FILL x0000
(3287) 0000  0000000000000000 ( 469)                 .FILL x0000
(3288) 0000  0000000000000000 ( 469)                 .FILL x0000
(3289) 0000  0000000000000000 ( 469)                 .FILL x0000
(328A) 0000  0000000000000000 ( 469)                 .FILL x0000
(328B) 0000  0000000000000000 ( 469)                 .FILL x0000
(328C) 0000  0000000000000000 ( 469)                 .FILL x0000
(328D) 0000  0000000000000000 ( 469)                 .FILL x0000
(328E) 0000  0000000000000000 ( 469)                 .FILL x0000
(328F) 0000  0000000000000000 ( 469)                 .FILL x0000
(3290) 0000  0000000000000000 ( 469)                 .FILL x0000
(3291) 0000  0000000000000000 ( 469)                 .FILL x0000
(3292) 0000  0000000000000000 ( 469)                 .FILL x0000
(3293) 0000  0000000000000000 ( 469)                 .FILL x0000
(3294) 0000  0000000000000000 ( 469)                 .FILL x0000
(3295) 0000  0000000000000000 ( 469)                 .FILL x0000
(3296) 0000  0000000000000000 ( 469)                 .FILL x0000
(3297) 0000  0000000000000000 ( 469)                 .FILL x0000
(3298) 0000  0000000000000000 ( 469)                 .FILL x0000
(3299) 0000  0000000000000000 ( 469)                 .FILL x0000
(329A) 0000  0000000000000000 ( 469)                 .FILL x0000
(329B) 0000  0000000000000000 ( 469)                 .FILL x0000
(329C) 0000  0000000000000000 ( 469)                 .FILL x0000
(329D) 0000  0000000000000000 ( 469)                 .FILL x0000
(329E) 0000  0000000000000000 ( 469)                 .FILL x0000
(329F) 0000  0000000000000000 ( 469)                 .FILL x0000
(32A0) 0000  0000000000000000 ( 469)                 .FILL x0000
(32A1) 0000  0000000000000000 ( 469)                 .FILL x0000
(32A2) 0000  0000000000000000 ( 469)                 .FILL x0000
(32A3) 0000  0000000000000000 ( 469)                 .FILL x0000
(32A4) 0000  0000000000000000 ( 469)                 .FILL x0000
(32A5) 0000  0000000000000000 ( 469)                 .FILL x0000
(32A6) 0000  0000000000000000 ( 469)                 .FILL x0000
(32A7) 0000  0000000000000000 ( 469)                 .FILL x0000
(32A8) 0000  0000000000000000 ( 469)                 .FILL x0000
(32A9) 0000  0000000000000000 ( 469)                 .FILL x0000
(32AA) 0000  0000000000000000 ( 469)                 .FILL x0000
(32AB) 0000  0000000000000000 ( 469)                 .FILL x0000
(32AC) 0000  0000000000000000 ( 469)                 .FILL x0000
(32AD) 0000  0000000000000000 ( 469)                 .FILL x0000
(32AE) 0000  0000000000000000 ( 469)                 .FILL x0000
(32AF) 0000  0000000000000000 ( 469)                 .FILL x0000
(32B0) 0000  0000000000000000 ( 469)                 .FILL x0000
(32B1) 0000  0000000000000000 ( 469)                 .FILL x0000
(32B2) 0000  0000000000000000 ( 469)                 .FILL x0000
(32B3) 0000  0000000000000000 ( 469)                 .FILL x0000
(32B4) 0000  0000000000000000 ( 469)                 .FILL x0000
(32B5) 0000  0000000000000000 ( 469)                 .FILL x0000
(32B6) 0000  0000000000000000 ( 469)                 .FILL x0000
(32B7) 0000  0000000000000000 ( 469)                 .FILL x0000
(32B8) 0000  0000000000000000 ( 469)                 .FILL x0000
(32B9) 0000  0000000000000000 ( 469)                 .FILL x0000
(32BA) 0000  0000000000000000 ( 469)                 .FILL x0000
(32BB) 0000  0000000000000000 ( 469)                 .FILL x0000
(32BC) 0000  0000000000000000 ( 469)                 .FILL x0000
(32BD) 0000  0000000000000000 ( 469)                 .FILL x0000
(32BE) 0000  0000000000000000 ( 469)                 .FILL x0000
(32BF) 0000  0000000000000000 ( 469)                 .FILL x0000
(32C0) 0000  0000000000000000 ( 469)                 .FILL x0000
(32C1) 0000  0000000000000000 ( 469)                 .FILL x0000
(32C2) 0000  0000000000000000 ( 469)                 .FILL x0000
(32C3) 0000  0000000000000000 ( 469)                 .FILL x0000
(32C4) 0000  0000000000000000 ( 469)                 .FILL x0000
(32C5) 0000  0000000000000000 ( 469)                 .FILL x0000
(32C6) 0000  0000000000000000 ( 469)                 .FILL x0000
(32C7) 0000  0000000000000000 ( 469)                 .FILL x0000
(32C8) 0000  0000000000000000 ( 469)                 .FILL x0000
(32C9) 0000  0000000000000000 ( 469)                 .FILL x0000
(32CA) 0000  0000000000000000 ( 469)                 .FILL x0000
(32CB) 0000  0000000000000000 ( 469)                 .FILL x0000
(32CC) 0000  0000000000000000 ( 469)                 .FILL x0000
(32CD) 0000  0000000000000000 ( 469)                 .FILL x0000
(32CE) 0000  0000000000000000 ( 469)                 .FILL x0000
(32CF) 0000  0000000000000000 ( 469)                 .FILL x0000
(32D0) 0000  0000000000000000 ( 469)                 .FILL x0000
(32D1) 0000  0000000000000000 ( 469)                 .FILL x0000
(32D2) 0000  0000000000000000 ( 469)                 .FILL x0000
(32D3) 0000  0000000000000000 ( 469)                 .FILL x0000
(32D4) 0000  0000000000000000 ( 469)                 .FILL x0000
(32D5) 0000  0000000000000000 ( 469)                 .FILL x0000
(32D6) 0000  0000000000000000 ( 469)                 .FILL x0000
(32D7) 0000  0000000000000000 ( 469)                 .FILL x0000
(32D8) 0000  0000000000000000 ( 469)                 .FILL x0000
(32D9) 0000  0000000000000000 ( 469)                 .FILL x0000
(32DA) 0000  0000000000000000 ( 469)                 .FILL x0000
(32DB) 0000  0000000000000000 ( 469)                 .FILL x0000
(32DC) 0000  0000000000000000 ( 469)                 .FILL x0000
(32DD) 0000  0000000000000000 ( 469)                 .FILL x0000
(32DE) 0000  0000000000000000 ( 469)                 .FILL x0000
(32DF) 0000  0000000000000000 ( 469)                 .FILL x0000
(32E0) 0000  0000000000000000 ( 469)                 .FILL x0000
(32E1) 0000  0000000000000000 ( 469)                 .FILL x0000
(32E2) 0000  0000000000000000 ( 469)                 .FILL x0000
(32E3) 0000  0000000000000000 ( 469)                 .FILL x0000
(32E4) 0000  0000000000000000 ( 469)                 .FILL x0000
(32E5) 0000  0000000000000000 ( 469)                 .FILL x0000
(32E6) 0000  0000000000000000 ( 469)                 .FILL x0000
(32E7) 0000  0000000000000000 ( 469)                 .FILL x0000
(32E8) 0000  0000000000000000 ( 469)                 .FILL x0000
(32E9) 0000  0000000000000000 ( 469)                 .FILL x0000
(32EA) 0000  0000000000000000 ( 469)                 .FILL x0000
(32EB) 0000  0000000000000000 ( 469)                 .FILL x0000
(32EC) 0000  0000000000000000 ( 469)                 .FILL x0000
(32ED) 0000  0000000000000000 ( 469)                 .FILL x0000
(32EE) 0000  0000000000000000 ( 469)                 .FILL x0000
(32EF) 0000  0000000000000000 ( 469)                 .FILL x0000
(32F0) 0000  0000000000000000 ( 469)                 .FILL x0000
(32F1) 0000  0000000000000000 ( 469)                 .FILL x0000
(32F2) 0000  0000000000000000 ( 469)                 .FILL x0000
(32F3) 0000  0000000000000000 ( 469)                 .FILL x0000
(32F4) 0000  0000000000000000 ( 469)                 .FILL x0000
(32F5) 0000  0000000000000000 ( 469)                 .FILL x0000
(32F6) 0000  0000000000000000 ( 469)                 .FILL x0000
(32F7) 0000  0000000000000000 ( 469)                 .FILL x0000
(32F8) 0000  0000000000000000 ( 469)                 .FILL x0000
(32F9) 0000  0000000000000000 ( 469)                 .FILL x0000
(32FA) 0000  0000000000000000 ( 469)                 .FILL x0000
(32FB) 0000  0000000000000000 ( 469)                 .FILL x0000
(32FC) 0000  0000000000000000 ( 469)                 .FILL x0000
(32FD) 0000  0000000000000000 ( 469)                 .FILL x0000
(32FE) 0000  0000000000000000 ( 469)                 .FILL x0000
(32FF) 0000  0000000000000000 ( 469)                 .FILL x0000
(3300) 0000  0000000000000000 ( 469)                 .FILL x0000
(3301) 0000  0000000000000000 ( 469)                 .FILL x0000
(3302) 0000  0000000000000000 ( 469)                 .FILL x0000
(3303) 0000  0000000000000000 ( 469)                 .FILL x0000
(3304) 0000  0000000000000000 ( 469)                 .FILL x0000
(3305) 0000  0000000000000000 ( 469)                 .FILL x0000
(3306) 0000  0000000000000000 ( 469)                 .FILL x0000
(3307) 0000  0000000000000000 ( 469)                 .FILL x0000
(3308) 0000  0000000000000000 ( 469)                 .FILL x0000
(3309) 0000  0000000000000000 ( 469)                 .FILL x0000
(330A) 0000  0000000000000000 ( 469)                 .FILL x0000
(330B) 0000  0000000000000000 ( 469)                 .FILL x0000
(330C) 0000  0000000000000000 ( 469)                 .FILL x0000
(330D) 0000  0000000000000000 ( 469)                 .FILL x0000
(330E) 0000  0000000000000000 ( 469)                 .FILL x0000
(330F) 0000  0000000000000000 ( 469)                 .FILL x0000
(3310) 0000  0000000000000000 ( 469)                 .FILL x0000
(3311) 0000  0000000000000000 ( 469)                 .FILL x0000
(3312) 0000  0000000000000000 ( 469)                 .FILL x0000
(3313) 0000  0000000000000000 ( 469)                 .FILL x0000
(3314) 0000  0000000000000000 ( 469)                 .FILL x0000
(3315) 0000  0000000000000000 ( 469)                 .FILL x0000
(3316) 0000  0000000000000000 ( 469)                 .FILL x0000
(3317) 0000  0000000000000000 ( 469)                 .FILL x0000
(3318) 0000  0000000000000000 ( 469)                 .FILL x0000
(3319) 0000  0000000000000000 ( 469)                 .FILL x0000
(331A) 0000  0000000000000000 ( 469)                 .FILL x0000
(331B) 0000  0000000000000000 ( 469)                 .FILL x0000
(331C) 0000  0000000000000000 ( 469)                 .FILL x0000
(331D) 0000  0000000000000000 ( 469)                 .FILL x0000
(331E) 0000  0000000000000000 ( 469)                 .FILL x0000
(331F) 0000  0000000000000000 ( 469)                 .FILL x0000
(3320) 0000  0000000000000000 ( 469)                 .FILL x0000
(3321) 0000  0000000000000000 ( 469)                 .FILL x0000
(3322) 0000  0000000000000000 ( 469)                 .FILL x0000
(3323) 0000  0000000000000000 ( 469)                 .FILL x0000
(3324) 0000  0000000000000000 ( 469)                 .FILL x0000
(3325) 0000  0000000000000000 ( 469)                 .FILL x0000
(3326) 0000  0000000000000000 ( 469)                 .FILL x0000
(3327) 0000  0000000000000000 ( 469)                 .FILL x0000
(3328) 0000  0000000000000000 ( 469)                 .FILL x0000
(3329) 0000  0000000000000000 ( 469)                 .FILL x0000
(332A) 0000  0000000000000000 ( 469)                 .FILL x0000
(332B) 0000  0000000000000000 ( 469)                 .FILL x0000
(332C) 0000  0000000000000000 ( 469)                 .FILL x0000
(332D) 0000  0000000000000000 ( 469)                 .FILL x0000
(332E) 0000  0000000000000000 ( 469)                 .FILL x0000
(332F) 0000  0000000000000000 ( 469)                 .FILL x0000
(3330) 0000  0000000000000000 ( 469)                 .FILL x0000
(3331) 0000  0000000000000000 ( 469)                 .FILL x0000
(3332) 0000  0000000000000000 ( 469)                 .FILL x0000
(3333) 0000  0000000000000000 ( 469)                 .FILL x0000
(3334) 0000  0000000000000000 ( 469)                 .FILL x0000
(3335) 0000  0000000000000000 ( 469)                 .FILL x0000
(3336) 0000  0000000000000000 ( 469)                 .FILL x0000
(3337) 0000  0000000000000000 ( 469)                 .FILL x0000
(3338) 0000  0000000000000000 ( 469)                 .FILL x0000
(3339) 0000  0000000000000000 ( 469)                 .FILL x0000
(333A) 0000  0000000000000000 ( 469)                 .FILL x0000
(333B) 0000  0000000000000000 ( 469)                 .FILL x0000
(333C) 0000  0000000000000000 ( 469)                 .FILL x0000
(333D) 0000  0000000000000000 ( 469)                 .FILL x0000
(333E) 0000  0000000000000000 ( 469)                 .FILL x0000
(333F) 0000  0000000000000000 ( 469)                 .FILL x0000
(3340) 0000  0000000000000000 ( 469)                 .FILL x0000
(3341) 0000  0000000000000000 ( 469)                 .FILL x0000
(3342) 0000  0000000000000000 ( 469)                 .FILL x0000
(3343) 0000  0000000000000000 ( 469)                 .FILL x0000
(3344) 0000  0000000000000000 ( 469)                 .FILL x0000
(3345) 0000  0000000000000000 ( 469)                 .FILL x0000
(3346) 0000  0000000000000000 ( 469)                 .FILL x0000
(3347) 0000  0000000000000000 ( 469)                 .FILL x0000
(3348) 0000  0000000000000000 ( 469)                 .FILL x0000
(3349) 0000  0000000000000000 ( 469)                 .FILL x0000
(334A) 0000  0000000000000000 ( 469)                 .FILL x0000
(334B) 0000  0000000000000000 ( 469)                 .FILL x0000
(334C) 0000  0000000000000000 ( 469)                 .FILL x0000
(334D) 0000  0000000000000000 ( 469)                 .FILL x0000
(334E) 0000  0000000000000000 ( 469)                 .FILL x0000
(334F) 0000  0000000000000000 ( 469)                 .FILL x0000
(3350) 0000  0000000000000000 ( 469)                 .FILL x0000
(3351) 0000  0000000000000000 ( 469)                 .FILL x0000
(3352) 0000  0000000000000000 ( 469)                 .FILL x0000
(3353) 0000  0000000000000000 ( 469)                 .FILL x0000
(3354) 0000  0000000000000000 ( 469)                 .FILL x0000
(3355) 0000  0000000000000000 ( 469)                 .FILL x0000
(3356) 0000  0000000000000000 ( 469)                 .FILL x0000
(3357) 0000  0000000000000000 ( 469)                 .FILL x0000
(3358) 0000  0000000000000000 ( 469)                 .FILL x0000
(3359) 0000  0000000000000000 ( 469)                 .FILL x0000
(335A) 0000  0000000000000000 ( 469)                 .FILL x0000
(335B) 0000  0000000000000000 ( 469)                 .FILL x0000
(335C) 0000  0000000000000000 ( 469)                 .FILL x0000
(335D) 0000  0000000000000000 ( 469)                 .FILL x0000
(335E) 0000  0000000000000000 ( 469)                 .FILL x0000
(335F) 0000  0000000000000000 ( 469)                 .FILL x0000
(3360) 0000  0000000000000000 ( 469)                 .FILL x0000
(3361) 0000  0000000000000000 ( 469)                 .FILL x0000
(3362) 0000  0000000000000000 ( 469)                 .FILL x0000
(3363) 0000  0000000000000000 ( 469)                 .FILL x0000
(3364) 0000  0000000000000000 ( 469)                 .FILL x0000
(3365) 0000  0000000000000000 ( 469)                 .FILL x0000
(3366) 0000  0000000000000000 ( 469)                 .FILL x0000
(3367) 0000  0000000000000000 ( 469)                 .FILL x0000
(3368) 0000  0000000000000000 ( 469)                 .FILL x0000
(3369) 0000  0000000000000000 ( 469)                 .FILL x0000
(336A) 0000  0000000000000000 ( 469)                 .FILL x0000
(336B) 0000  0000000000000000 ( 469)                 .FILL x0000
(336C) 0000  0000000000000000 ( 469)                 .FILL x0000
(336D) 0000  0000000000000000 ( 469)                 .FILL x0000
(336E) 0000  0000000000000000 ( 469)                 .FILL x0000
(336F) 0000  0000000000000000 ( 469)                 .FILL x0000
(3370) 0000  0000000000000000 ( 469)                 .FILL x0000
(3371) 0000  0000000000000000 ( 469)                 .FILL x0000
(3372) 0000  0000000000000000 ( 469)                 .FILL x0000
(3373) 0000  0000000000000000 ( 469)                 .FILL x0000
(3374) 0000  0000000000000000 ( 469)                 .FILL x0000
(3375) 0000  0000000000000000 ( 469)                 .FILL x0000
(3376) 0000  0000000000000000 ( 469)                 .FILL x0000
(3377) 0000  0000000000000000 ( 469)                 .FILL x0000
(3378) 0000  0000000000000000 ( 469)                 .FILL x0000
(3379) 0000  0000000000000000 ( 469)                 .FILL x0000
(337A) 0000  0000000000000000 ( 469)                 .FILL x0000
(337B) 0000  0000000000000000 ( 469)                 .FILL x0000
(337C) 0000  0000000000000000 ( 469)                 .FILL x0000
(337D) 0000  0000000000000000 ( 469)                 .FILL x0000
(337E) 0000  0000000000000000 ( 469)                 .FILL x0000
(337F) 0000  0000000000000000 ( 469)                 .FILL x0000
(3380) 0000  0000000000000000 ( 469)                 .FILL x0000
(3381) 0000  0000000000000000 ( 469)                 .FILL x0000
(3382) 0000  0000000000000000 ( 469)                 .FILL x0000
(3383) 0000  0000000000000000 ( 469)                 .FILL x0000
(3384) 0000  0000000000000000 ( 469)                 .FILL x0000
(3385) 0000  0000000000000000 ( 469)                 .FILL x0000
(3386) 0000  0000000000000000 ( 469)                 .FILL x0000
(3387) 0000  0000000000000000 ( 469)                 .FILL x0000
(3388) 0000  0000000000000000 ( 469)                 .FILL x0000
(3389) 0000  0000000000000000 ( 469)                 .FILL x0000
(338A) 0000  0000000000000000 ( 469)                 .FILL x0000
(338B) 0000  0000000000000000 ( 469)                 .FILL x0000
(338C) 0000  0000000000000000 ( 469)                 .FILL x0000
(338D) 0000  0000000000000000 ( 469)                 .FILL x0000
(338E) 0000  0000000000000000 ( 469)                 .FILL x0000
(338F) 0000  0000000000000000 ( 469)                 .FILL x0000
(3390) 0000  0000000000000000 ( 469)                 .FILL x0000
(3391) 0000  0000000000000000 ( 469)                 .FILL x0000
(3392) 0000  0000000000000000 ( 469)                 .FILL x0000
(3393) 0000  0000000000000000 ( 469)                 .FILL x0000
(3394) 0000  0000000000000000 ( 469)                 .FILL x0000
(3395) 0000  0000000000000000 ( 469)                 .FILL x0000
(3396) 0000  0000000000000000 ( 469)                 .FILL x0000
(3397) 0000  0000000000000000 ( 469)                 .FILL x0000
(3398) 0000  0000000000000000 ( 469)                 .FILL x0000
(3399) 0000  0000000000000000 ( 469)                 .FILL x0000
