(0000) 3000  0011000000000000 (   9)                 .ORIG x3000
(3000) E059  1110000001011001 (  12) GREETING        LEA   R0 GREET
(3001) F022  1111000000100010 (  13)                 TRAP  x22
(3002) E094  1110000010010100 (  16) MAIN_LOOP       LEA   R0 INPUT
(3003) F022  1111000000100010 (  17)                 TRAP  x22
(3004) 5020  0101000000100000 (  20) REGISTERS       AND   R0 R0 #0
(3005) 5260  0101001001100000 (  21)                 AND   R1 R1 #0
(3006) 54A0  0101010010100000 (  22)                 AND   R2 R2 #0
(3007) 56E0  0101011011100000 (  23)                 AND   R3 R3 #0
(3008) 5920  0101100100100000 (  24)                 AND   R4 R4 #0
(3009) 5B60  0101101101100000 (  25)                 AND   R5 R5 #0
(300A) 5DA0  0101110110100000 (  26)                 AND   R6 R6 #0
(300B) 5FE0  0101111111100000 (  27)                 AND   R7 R7 #0
(300C) F020  1111000000100000 (  30) READ            TRAP  x20
(300D) F021  1111000000100001 (  31)                 TRAP  x21
(300E) 54A0  0101010010100000 (  32)                 AND   R2 R2 #0
(300F) 5920  0101100100100000 (  33)                 AND   R4 R4 #0
(3010) 5B60  0101101101100000 (  34)                 AND   R5 R5 #0
(3011) 5FE0  0101111111100000 (  35)                 AND   R7 R7 #0
(3012) 1B40  0001101101000000 (  38) INPUT_CHECK     ADD   R5 R5 R0
(3013) 1B70  0001101101110000 (  39)                 ADD   R5 R5 #-16
(3014) 1B70  0001101101110000 (  40)                 ADD   R5 R5 #-16
(3015) 1B73  0001101101110011 (  41)                 ADD   R5 R5 #-13
(3016) 041A  0000010000011010 (  42)                 BRZ   NEGATIVE_INPUT
(3017) 1480  0001010010000000 (  43)                 ADD   R2 R2 R0
(3018) 14B6  0001010010110110 (  44)                 ADD   R2 R2 #-10
(3019) 041C  0000010000011100 (  45)                 BRZ   GOOD_INPUT
(301A) 54A0  0101010010100000 (  48) EXIT_TEST       AND   R2 R2 #0
(301B) 1480  0001010010000000 (  49)                 ADD   R2 R2 R0
(301C) 14B0  0001010010110000 (  50)                 ADD   R2 R2 #-16
(301D) 14B0  0001010010110000 (  51)                 ADD   R2 R2 #-16
(301E) 14B0  0001010010110000 (  52)                 ADD   R2 R2 #-16
(301F) 14B0  0001010010110000 (  53)                 ADD   R2 R2 #-16
(3020) 14B0  0001010010110000 (  54)                 ADD   R2 R2 #-16
(3021) 14B8  0001010010111000 (  55)                 ADD   R2 R2 #-8
(3022) 042F  0000010000101111 (  56)                 BRZ   END
(3023) 1FC0  0001111111000000 (  59) DIGIT           ADD   R7 R7 R0
(3024) 1FF0  0001111111110000 (  60)                 ADD   R7 R7 #-16
(3025) 1FF0  0001111111110000 (  61)                 ADD   R7 R7 #-16
(3026) 1FF0  0001111111110000 (  62)                 ADD   R7 R7 #-16
(3027) 5920  0101100100100000 (  63)                 AND   R4 R4 #0
(3028) 54A0  0101010010100000 (  64)                 AND   R2 R2 #0
(3029) 1486  0001010010000110 (  65)                 ADD   R2 R2 R6
(302A) 1929  0001100100101001 (  66)                 ADD   R4 R4 #9
(302B) 0E00  0000111000000000 (  67)                 BRNZP MULTIPLICATION
(302C) 1D82  0001110110000010 (  70) MULTIPLICATION  ADD   R6 R6 R2
(302D) 193F  0001100100111111 (  71)                 ADD   R4 R4 #-1
(302E) 03FD  0000001111111101 (  72)                 BRP   MULTIPLICATION
(302F) 1D87  0001110110000111 (  73)                 ADD   R6 R6 R7
(3030) 0FDB  0000111111011011 (  74)                 BRNZP READ
(3031) 1261  0001001001100001 (  77) NEGATIVE_INPUT  ADD   R1 R1 #1
(3032) 0FD9  0000111111011001 (  78)                 BRNZP READ
(3033) 9DBF  1001110110111111 (  81) COMPLEMENT      NOT   R6 R6
(3034) 1DA1  0001110110100001 (  82)                 ADD   R6 R6 #1
(3035) 0E04  0000111000000100 (  83)                 BRNZP MASK_LOOP
(3036) E08E  1110000010001110 (  86) GOOD_INPUT      LEA   R0 VALID
(3037) F022  1111000000100010 (  87)                 TRAP  x22
(3038) 1260  0001001001100000 (  88)                 ADD   R1 R1 #0
(3039) 03F9  0000001111111001 (  89)                 BRP   COMPLEMENT
(303A) E8FC  1110100011111100 (  92) MASK_LOOP       LEA   R4 MASK
(303B) 1902  0001100100000010 (  93)                 ADD   R4 R4 R2
(303C) 6900  0110100100000000 (  94)                 LDR   R4 R4 #0
(303D) 5B60  0101101101100000 (  95)                 AND   R5 R5 #0
(303E) 5020  0101000000100000 (  96)                 AND   R0 R0 #0
(303F) 5B06  0101101100000110 (  97)                 AND   R5 R4 R6
(3040) 0401  0000010000000001 (  98)                 BRZ   PRINT_ZERO
(3041) 0A08  0000101000001000 (  99)                 BRNP  PRINT_ONE
(3042) 2013  0010000000010011 ( 102) PRINT_ZERO      LD    R0 ASCII_ZERO
(3043) F021  1111000000100001 ( 103)                 TRAP  x21
(3044) 14A1  0001010010100001 ( 104)                 ADD   R2 R2 #1
(3045) 16B0  0001011010110000 ( 105)                 ADD   R3 R2 #-16
(3046) 09F3  0000100111110011 ( 106)                 BRN   MASK_LOOP
(3047) 200D  0010000000001101 ( 107)                 LD    R0 ENTER
(3048) F021  1111000000100001 ( 108)                 TRAP  x21
(3049) 07B8  0000011110111000 ( 109)                 BRZP  MAIN_LOOP
(304A) 200C  0010000000001100 ( 112) PRINT_ONE       LD    R0 ASCII_ONE
(304B) F021  1111000000100001 ( 113)                 TRAP  x21
(304C) 14A1  0001010010100001 ( 114)                 ADD   R2 R2 #1
(304D) 16B0  0001011010110000 ( 115)                 ADD   R3 R2 #-16
(304E) 09EB  0000100111101011 ( 116)                 BRN   MASK_LOOP
(304F) 2005  0010000000000101 ( 117)                 LD    R0 ENTER
(3050) F021  1111000000100001 ( 118)                 TRAP  x21
(3051) 07B0  0000011110110000 ( 119)                 BRZP  MAIN_LOOP
(3052) E098  1110000010011000 ( 122) END             LEA   R0 EXIT
(3053) F022  1111000000100010 ( 123)                 TRAP  x22
(3054) F025  1111000000100101 ( 124)                 TRAP  x25
(3055) 000A  0000000000001010 ( 127) ENTER           .FILL x000A
(3056) 0030  0000000000110000 ( 128) ASCII_ZERO      .FILL x0030
(3057) 0031  0000000000110001 ( 129) ASCII_ONE       .FILL x0031
(3058) 002D  0000000000101101 ( 130) ASCII_MINUS     .FILL x002D
(3059) 0058  0000000001011000 ( 131) ASCII_X         .FILL x0058
(305A) 0048  0000000001001000 ( 132) GREET           .FILL x0048
(305B) 0065  0000000001100101 ( 132)                 .FILL x0065
(305C) 0079  0000000001111001 ( 132)                 .FILL x0079
(305D) 0020  0000000000100000 ( 132)                 .FILL x0020
(305E) 0074  0000000001110100 ( 132)                 .FILL x0074
(305F) 0068  0000000001101000 ( 132)                 .FILL x0068
(3060) 0065  0000000001100101 ( 132)                 .FILL x0065
(3061) 0072  0000000001110010 ( 132)                 .FILL x0072
(3062) 0065  0000000001100101 ( 132)                 .FILL x0065
(3063) 0021  0000000000100001 ( 132)                 .FILL x0021
(3064) 000A  0000000000001010 ( 132)                 .FILL x000A
(3065) 0054  0000000001010100 ( 132)                 .FILL x0054
(3066) 0068  0000000001101000 ( 132)                 .FILL x0068
(3067) 0069  0000000001101001 ( 132)                 .FILL x0069
(3068) 0073  0000000001110011 ( 132)                 .FILL x0073
(3069) 0020  0000000000100000 ( 132)                 .FILL x0020
(306A) 0069  0000000001101001 ( 132)                 .FILL x0069
(306B) 0073  0000000001110011 ( 132)                 .FILL x0073
(306C) 0020  0000000000100000 ( 132)                 .FILL x0020
(306D) 0061  0000000001100001 ( 132)                 .FILL x0061
(306E) 0020  0000000000100000 ( 132)                 .FILL x0020
(306F) 0064  0000000001100100 ( 132)                 .FILL x0064
(3070) 0065  0000000001100101 ( 132)                 .FILL x0065
(3071) 0063  0000000001100011 ( 132)                 .FILL x0063
(3072) 0069  0000000001101001 ( 132)                 .FILL x0069
(3073) 006D  0000000001101101 ( 132)                 .FILL x006D
(3074) 0061  0000000001100001 ( 132)                 .FILL x0061
(3075) 006C  0000000001101100 ( 132)                 .FILL x006C
(3076) 0020  0000000000100000 ( 132)                 .FILL x0020
(3077) 0074  0000000001110100 ( 132)                 .FILL x0074
(3078) 006F  0000000001101111 ( 132)                 .FILL x006F
(3079) 0020  0000000000100000 ( 132)                 .FILL x0020
(307A) 0062  0000000001100010 ( 132)                 .FILL x0062
(307B) 0069  0000000001101001 ( 132)                 .FILL x0069
(307C) 006E  0000000001101110 ( 132)                 .FILL x006E
(307D) 0061  0000000001100001 ( 132)                 .FILL x0061
(307E) 0072  0000000001110010 ( 132)                 .FILL x0072
(307F) 0079  0000000001111001 ( 132)                 .FILL x0079
(3080) 0020  0000000000100000 ( 132)                 .FILL x0020
(3081) 0063  0000000001100011 ( 132)                 .FILL x0063
(3082) 006F  0000000001101111 ( 132)                 .FILL x006F
(3083) 006E  0000000001101110 ( 132)                 .FILL x006E
(3084) 0076  0000000001110110 ( 132)                 .FILL x0076
(3085) 0065  0000000001100101 ( 132)                 .FILL x0065
(3086) 0072  0000000001110010 ( 132)                 .FILL x0072
(3087) 0073  0000000001110011 ( 132)                 .FILL x0073
(3088) 0069  0000000001101001 ( 132)                 .FILL x0069
(3089) 006F  0000000001101111 ( 132)                 .FILL x006F
(308A) 006E  0000000001101110 ( 132)                 .FILL x006E
(308B) 0020  0000000000100000 ( 132)                 .FILL x0020
(308C) 0070  0000000001110000 ( 132)                 .FILL x0070
(308D) 0072  0000000001110010 ( 132)                 .FILL x0072
(308E) 006F  0000000001101111 ( 132)                 .FILL x006F
(308F) 0067  0000000001100111 ( 132)                 .FILL x0067
(3090) 0072  0000000001110010 ( 132)                 .FILL x0072
(3091) 0061  0000000001100001 ( 132)                 .FILL x0061
(3092) 006D  0000000001101101 ( 132)                 .FILL x006D
(3093) 002E  0000000000101110 ( 132)                 .FILL x002E
(3094) 000A  0000000000001010 ( 132)                 .FILL x000A
(3095) 0020  0000000000100000 ( 132)                 .FILL x0020
(3096) 0000  0000000000000000 ( 132)                 .FILL x0000
(3097) 0050  0000000001010000 ( 133) INPUT           .FILL x0050
(3098) 006C  0000000001101100 ( 133)                 .FILL x006C
(3099) 0065  0000000001100101 ( 133)                 .FILL x0065
(309A) 0061  0000000001100001 ( 133)                 .FILL x0061
(309B) 0073  0000000001110011 ( 133)                 .FILL x0073
(309C) 0065  0000000001100101 ( 133)                 .FILL x0065
(309D) 0020  0000000000100000 ( 133)                 .FILL x0020
(309E) 0065  0000000001100101 ( 133)                 .FILL x0065
(309F) 006E  0000000001101110 ( 133)                 .FILL x006E
(30A0) 0074  0000000001110100 ( 133)                 .FILL x0074
(30A1) 0065  0000000001100101 ( 133)                 .FILL x0065
(30A2) 0072  0000000001110010 ( 133)                 .FILL x0072
(30A3) 0020  0000000000100000 ( 133)                 .FILL x0020
(30A4) 0061  0000000001100001 ( 133)                 .FILL x0061
(30A5) 0020  0000000000100000 ( 133)                 .FILL x0020
(30A6) 0064  0000000001100100 ( 133)                 .FILL x0064
(30A7) 0065  0000000001100101 ( 133)                 .FILL x0065
(30A8) 0063  0000000001100011 ( 133)                 .FILL x0063
(30A9) 0069  0000000001101001 ( 133)                 .FILL x0069
(30AA) 006D  0000000001101101 ( 133)                 .FILL x006D
(30AB) 0061  0000000001100001 ( 133)                 .FILL x0061
(30AC) 006C  0000000001101100 ( 133)                 .FILL x006C
(30AD) 0020  0000000000100000 ( 133)                 .FILL x0020
(30AE) 006E  0000000001101110 ( 133)                 .FILL x006E
(30AF) 0075  0000000001110101 ( 133)                 .FILL x0075
(30B0) 006D  0000000001101101 ( 133)                 .FILL x006D
(30B1) 0062  0000000001100010 ( 133)                 .FILL x0062
(30B2) 0065  0000000001100101 ( 133)                 .FILL x0065
(30B3) 0072  0000000001110010 ( 133)                 .FILL x0072
(30B4) 002C  0000000000101100 ( 133)                 .FILL x002C
(30B5) 0020  0000000000100000 ( 133)                 .FILL x0020
(30B6) 006F  0000000001101111 ( 133)                 .FILL x006F
(30B7) 0072  0000000001110010 ( 133)                 .FILL x0072
(30B8) 0020  0000000000100000 ( 133)                 .FILL x0020
(30B9) 0058  0000000001011000 ( 133)                 .FILL x0058
(30BA) 0020  0000000000100000 ( 133)                 .FILL x0020
(30BB) 0074  0000000001110100 ( 133)                 .FILL x0074
(30BC) 006F  0000000001101111 ( 133)                 .FILL x006F
(30BD) 0020  0000000000100000 ( 133)                 .FILL x0020
(30BE) 0071  0000000001110001 ( 133)                 .FILL x0071
(30BF) 0075  0000000001110101 ( 133)                 .FILL x0075
(30C0) 0069  0000000001101001 ( 133)                 .FILL x0069
(30C1) 0074  0000000001110100 ( 133)                 .FILL x0074
(30C2) 003A  0000000000111010 ( 133)                 .FILL x003A
(30C3) 0020  0000000000100000 ( 133)                 .FILL x0020
(30C4) 0000  0000000000000000 ( 133)                 .FILL x0000
(30C5) 0048  0000000001001000 ( 134) VALID           .FILL x0048
(30C6) 0065  0000000001100101 ( 134)                 .FILL x0065
(30C7) 0072  0000000001110010 ( 134)                 .FILL x0072
(30C8) 0065  0000000001100101 ( 134)                 .FILL x0065
(30C9) 0027  0000000000100111 ( 134)                 .FILL x0027
(30CA) 0073  0000000001110011 ( 134)                 .FILL x0073
(30CB) 0020  0000000000100000 ( 134)                 .FILL x0020
(30CC) 0074  0000000001110100 ( 134)                 .FILL x0074
(30CD) 0068  0000000001101000 ( 134)                 .FILL x0068
(30CE) 0061  0000000001100001 ( 134)                 .FILL x0061
(30CF) 0074  0000000001110100 ( 134)                 .FILL x0074
(30D0) 0020  0000000000100000 ( 134)                 .FILL x0020
(30D1) 006E  0000000001101110 ( 134)                 .FILL x006E
(30D2) 0075  0000000001110101 ( 134)                 .FILL x0075
(30D3) 006D  0000000001101101 ( 134)                 .FILL x006D
(30D4) 0062  0000000001100010 ( 134)                 .FILL x0062
(30D5) 0065  0000000001100101 ( 134)                 .FILL x0065
(30D6) 0072  0000000001110010 ( 134)                 .FILL x0072
(30D7) 0020  0000000000100000 ( 134)                 .FILL x0020
(30D8) 0069  0000000001101001 ( 134)                 .FILL x0069
(30D9) 006E  0000000001101110 ( 134)                 .FILL x006E
(30DA) 0020  0000000000100000 ( 134)                 .FILL x0020
(30DB) 0031  0000000000110001 ( 134)                 .FILL x0031
(30DC) 0036  0000000000110110 ( 134)                 .FILL x0036
(30DD) 002D  0000000000101101 ( 134)                 .FILL x002D
(30DE) 0062  0000000001100010 ( 134)                 .FILL x0062
(30DF) 0069  0000000001101001 ( 134)                 .FILL x0069
(30E0) 0074  0000000001110100 ( 134)                 .FILL x0074
(30E1) 0020  0000000000100000 ( 134)                 .FILL x0020
(30E2) 0062  0000000001100010 ( 134)                 .FILL x0062
(30E3) 0069  0000000001101001 ( 134)                 .FILL x0069
(30E4) 006E  0000000001101110 ( 134)                 .FILL x006E
(30E5) 0061  0000000001100001 ( 134)                 .FILL x0061
(30E6) 0072  0000000001110010 ( 134)                 .FILL x0072
(30E7) 0079  0000000001111001 ( 134)                 .FILL x0079
(30E8) 003A  0000000000111010 ( 134)                 .FILL x003A
(30E9) 0020  0000000000100000 ( 134)                 .FILL x0020
(30EA) 0000  0000000000000000 ( 134)                 .FILL x0000
(30EB) 000A  0000000000001010 ( 135) EXIT            .FILL x000A
(30EC) 0054  0000000001010100 ( 135)                 .FILL x0054
(30ED) 0068  0000000001101000 ( 135)                 .FILL x0068
(30EE) 0069  0000000001101001 ( 135)                 .FILL x0069
(30EF) 0073  0000000001110011 ( 135)                 .FILL x0073
(30F0) 0020  0000000000100000 ( 135)                 .FILL x0020
(30F1) 0077  0000000001110111 ( 135)                 .FILL x0077
(30F2) 0061  0000000001100001 ( 135)                 .FILL x0061
(30F3) 0073  0000000001110011 ( 135)                 .FILL x0073
(30F4) 0020  0000000000100000 ( 135)                 .FILL x0020
(30F5) 0063  0000000001100011 ( 135)                 .FILL x0063
(30F6) 0072  0000000001110010 ( 135)                 .FILL x0072
(30F7) 0065  0000000001100101 ( 135)                 .FILL x0065
(30F8) 0061  0000000001100001 ( 135)                 .FILL x0061
(30F9) 0074  0000000001110100 ( 135)                 .FILL x0074
(30FA) 0065  0000000001100101 ( 135)                 .FILL x0065
(30FB) 0064  0000000001100100 ( 135)                 .FILL x0064
(30FC) 0020  0000000000100000 ( 135)                 .FILL x0020
(30FD) 0066  0000000001100110 ( 135)                 .FILL x0066
(30FE) 006F  0000000001101111 ( 135)                 .FILL x006F
(30FF) 0072  0000000001110010 ( 135)                 .FILL x0072
(3100) 0020  0000000000100000 ( 135)                 .FILL x0020
(3101) 0055  0000000001010101 ( 135)                 .FILL x0055
(3102) 0043  0000000001000011 ( 135)                 .FILL x0043
(3103) 0053  0000000001010011 ( 135)                 .FILL x0053
(3104) 0043  0000000001000011 ( 135)                 .FILL x0043
(3105) 0027  0000000000100111 ( 135)                 .FILL x0027
(3106) 0073  0000000001110011 ( 135)                 .FILL x0073
(3107) 0020  0000000000100000 ( 135)                 .FILL x0020
(3108) 0046  0000000001000110 ( 135)                 .FILL x0046
(3109) 0061  0000000001100001 ( 135)                 .FILL x0061
(310A) 006C  0000000001101100 ( 135)                 .FILL x006C
(310B) 006C  0000000001101100 ( 135)                 .FILL x006C
(310C) 0020  0000000000100000 ( 135)                 .FILL x0020
(310D) 0032  0000000000110010 ( 135)                 .FILL x0032
(310E) 0030  0000000000110000 ( 135)                 .FILL x0030
(310F) 0031  0000000000110001 ( 135)                 .FILL x0031
(3110) 0036  0000000000110110 ( 135)                 .FILL x0036
(3111) 0020  0000000000100000 ( 135)                 .FILL x0020
(3112) 0043  0000000001000011 ( 135)                 .FILL x0043
(3113) 004D  0000000001001101 ( 135)                 .FILL x004D
(3114) 0050  0000000001010000 ( 135)                 .FILL x0050
(3115) 0045  0000000001000101 ( 135)                 .FILL x0045
(3116) 0031  0000000000110001 ( 135)                 .FILL x0031
(3117) 0032  0000000000110010 ( 135)                 .FILL x0032
(3118) 0020  0000000000100000 ( 135)                 .FILL x0020
(3119) 0063  0000000001100011 ( 135)                 .FILL x0063
(311A) 006C  0000000001101100 ( 135)                 .FILL x006C
(311B) 0061  0000000001100001 ( 135)                 .FILL x0061
(311C) 0073  0000000001110011 ( 135)                 .FILL x0073
(311D) 0073  0000000001110011 ( 135)                 .FILL x0073
(311E) 002E  0000000000101110 ( 135)                 .FILL x002E
(311F) 0020  0000000000100000 ( 135)                 .FILL x0020
(3120) 0054  0000000001010100 ( 135)                 .FILL x0054
(3121) 0068  0000000001101000 ( 135)                 .FILL x0068
(3122) 0061  0000000001100001 ( 135)                 .FILL x0061
(3123) 006E  0000000001101110 ( 135)                 .FILL x006E
(3124) 006B  0000000001101011 ( 135)                 .FILL x006B
(3125) 0073  0000000001110011 ( 135)                 .FILL x0073
(3126) 0020  0000000000100000 ( 135)                 .FILL x0020
(3127) 0066  0000000001100110 ( 135)                 .FILL x0066
(3128) 006F  0000000001101111 ( 135)                 .FILL x006F
(3129) 0072  0000000001110010 ( 135)                 .FILL x0072
(312A) 0020  0000000000100000 ( 135)                 .FILL x0020
(312B) 0074  0000000001110100 ( 135)                 .FILL x0074
(312C) 0072  0000000001110010 ( 135)                 .FILL x0072
(312D) 0079  0000000001111001 ( 135)                 .FILL x0079
(312E) 0069  0000000001101001 ( 135)                 .FILL x0069
(312F) 006E  0000000001101110 ( 135)                 .FILL x006E
(3130) 0067  0000000001100111 ( 135)                 .FILL x0067
(3131) 0020  0000000000100000 ( 135)                 .FILL x0020
(3132) 0069  0000000001101001 ( 135)                 .FILL x0069
(3133) 0074  0000000001110100 ( 135)                 .FILL x0074
(3134) 0021  0000000000100001 ( 135)                 .FILL x0021
(3135) 000A  0000000000001010 ( 135)                 .FILL x000A
(3136) 0000  0000000000000000 ( 135)                 .FILL x0000
(3137) 8000  1000000000000000 ( 138) MASK            .FILL x8000
(3138) 4000  0100000000000000 ( 139)                 .FILL x4000
(3139) 2000  0010000000000000 ( 140)                 .FILL x2000
(313A) 1000  0001000000000000 ( 141)                 .FILL x1000
(313B) 0800  0000100000000000 ( 142)                 .FILL x0800
(313C) 0400  0000010000000000 ( 143)                 .FILL x0400
(313D) 0200  0000001000000000 ( 144)                 .FILL x0200
(313E) 0100  0000000100000000 ( 145)                 .FILL x0100
(313F) 0080  0000000010000000 ( 146)                 .FILL x0080
(3140) 0040  0000000001000000 ( 147)                 .FILL x0040
(3141) 0020  0000000000100000 ( 148)                 .FILL x0020
(3142) 0010  0000000000010000 ( 149)                 .FILL x0010
(3143) 0008  0000000000001000 ( 150)                 .FILL x0008
(3144) 0004  0000000000000100 ( 151)                 .FILL x0004
(3145) 0002  0000000000000010 ( 152)                 .FILL x0002
(3146) 0001  0000000000000001 ( 153)                 .FILL x0001
